WARNING: package sun.awt.X11 not in java.desktop
WARNING: package sun.awt.X11 not in java.desktop
nevis_grid: Setting up grid ...
  156-by-89 nodes
  1 vertical layers
  -7.995<x<5.955, -4.9923<y<2.9277
nevis_grid: Done
Radius of the blister is 0.
Volume of the blister is 0.
nevis_timesteps: Done
nevis_timesteps: Saving ./results/nreg_RACMO_cg0_00_a0_05_k0_mu1e1_c1_V1e8_t300/0001 ...
nevis_timesteps: Done
nevis_timesteps: dt = 0.0041667 ...
nevis_timesteps: Done [ 0.62918 s, 2 iterations ]
nevis_timesteps: t = 0.10417 [ / 36.5 ]
Radius of the blister is 3.1705.
Volume of the blister is 1.2834e-05.
nevis_timesteps: dt = 0.0083333 ...
nevis_timesteps: Done [ 0.61734 s, 2 iterations ]
nevis_timesteps: t = 0.1125 [ / 36.5 ]
Radius of the blister is 3.1705.
Volume of the blister is 3.8397e-05.
nevis_timesteps: dt = 0.016667 ...
nevis_timesteps: Done [ 0.6564 s, 2 iterations ]
nevis_timesteps: t = 0.12917 [ / 36.5 ]
Radius of the blister is 3.1705.
Volume of the blister is 8.9099e-05.
nevis_timesteps: dt = 0.033333 ...
nevis_timesteps: Done [ 0.68804 s, 2 iterations ]
nevis_timesteps: t = 0.1625 [ / 36.5 ]
Radius of the blister is 3.1705.
Volume of the blister is 0.00018884.
nevis_timesteps: dt = 0.0375 ...
nevis_timesteps: Done [ 0.68023 s, 2 iterations ]
nevis_timesteps: t = 0.2 [ / 36.5 ]
Radius of the blister is 6.6436.
Volume of the blister is 0.00026457.
nevis_timesteps: Done
nevis_timesteps: Saving ./results/nreg_RACMO_cg0_00_a0_05_k0_mu1e1_c1_V1e8_t300/0002 ...
nevis_timesteps: Done
nevis_timesteps: dt = 0.1 ...
nevis_timesteps: Done [ 0.70321 s, 2 iterations ]
nevis_timesteps: t = 0.3 [ / 36.5 ]
Radius of the blister is 5.3586.
Volume of the blister is 0.00045688.
nevis_timesteps: Done
nevis_timesteps: Saving ./results/nreg_RACMO_cg0_00_a0_05_k0_mu1e1_c1_V1e8_t300/0003 ...
nevis_timesteps: Done
nevis_timesteps: dt = 0.1 ...
nevis_timesteps: Done [ 0.69992 s, 2 iterations ]
nevis_timesteps: t = 0.4 [ / 36.5 ]
Radius of the blister is 6.6436.
Volume of the blister is 0.00073753.
nevis_timesteps: Done
nevis_timesteps: Saving ./results/nreg_RACMO_cg0_00_a0_05_k0_mu1e1_c1_V1e8_t300/0004 ...
nevis_timesteps: Done
nevis_timesteps: dt = 0.1 ...
nevis_timesteps: Done [ 0.70717 s, 2 iterations ]
nevis_timesteps: t = 0.5 [ / 36.5 ]
Radius of the blister is 13.497.
Volume of the blister is 0.00091448.
nevis_timesteps: Done
nevis_timesteps: Saving ./results/nreg_RACMO_cg0_00_a0_05_k0_mu1e1_c1_V1e8_t300/0005 ...
nevis_timesteps: Done
nevis_timesteps: dt = 0.1 ...
nevis_timesteps: Done [ 0.69733 s, 2 iterations ]
nevis_timesteps: t = 0.6 [ / 36.5 ]
Radius of the blister is 2.3469.
Volume of the blister is 0.0011539.
nevis_timesteps: Done
nevis_timesteps: Saving ./results/nreg_RACMO_cg0_00_a0_05_k0_mu1e1_c1_V1e8_t300/0006 ...
nevis_timesteps: Done
nevis_timesteps: dt = 0.1 ...
nevis_timesteps: Done [ 0.74079 s, 2 iterations ]
nevis_timesteps: t = 0.7 [ / 36.5 ]
Radius of the blister is 6.6436.
Volume of the blister is 0.001302.
nevis_timesteps: Done
nevis_timesteps: Saving ./results/nreg_RACMO_cg0_00_a0_05_k0_mu1e1_c1_V1e8_t300/0007 ...
nevis_timesteps: Done
nevis_timesteps: dt = 0.1 ...
nevis_timesteps: Done [ 0.69391 s, 2 iterations ]
nevis_timesteps: t = 0.8 [ / 36.5 ]
Radius of the blister is 3.1705.
Volume of the blister is 0.0015231.
nevis_timesteps: Done
nevis_timesteps: Saving ./results/nreg_RACMO_cg0_00_a0_05_k0_mu1e1_c1_V1e8_t300/0008 ...
nevis_timesteps: Done
nevis_timesteps: dt = 0.1 ...
nevis_timesteps: Done [ 0.71254 s, 2 iterations ]
nevis_timesteps: t = 0.9 [ / 36.5 ]
Radius of the blister is 5.2324.
Volume of the blister is 0.0017359.
nevis_timesteps: Done
nevis_timesteps: Saving ./results/nreg_RACMO_cg0_00_a0_05_k0_mu1e1_c1_V1e8_t300/0009 ...
nevis_timesteps: Done
nevis_timesteps: dt = 0.1 ...
nevis_timesteps: Done [ 0.71954 s, 2 iterations ]
nevis_timesteps: t = 1 [ / 36.5 ]
Radius of the blister is 1.2075.
Volume of the blister is 0.0018553.
nevis_timesteps: Done
nevis_timesteps: Saving ./results/nreg_RACMO_cg0_00_a0_05_k0_mu1e1_c1_V1e8_t300/0010 ...
nevis_timesteps: Done
nevis_timesteps: dt = 0.1 ...
nevis_timesteps: Done [ 0.69359 s, 2 iterations ]
nevis_timesteps: t = 1.1 [ / 36.5 ]
Radius of the blister is 7.9409.
Volume of the blister is 0.0020491.
nevis_timesteps: Done
nevis_timesteps: Saving ./results/nreg_RACMO_cg0_00_a0_05_k0_mu1e1_c1_V1e8_t300/0011 ...
nevis_timesteps: Done
nevis_timesteps: dt = 0.1 ...
nevis_timesteps: Done [ 0.76754 s, 2 iterations ]
nevis_timesteps: t = 1.2 [ / 36.5 ]
Radius of the blister is 5.0672.
Volume of the blister is 0.0021566.
nevis_timesteps: Done
nevis_timesteps: Saving ./results/nreg_RACMO_cg0_00_a0_05_k0_mu1e1_c1_V1e8_t300/0012 ...
nevis_timesteps: Done
nevis_timesteps: dt = 0.1 ...
nevis_timesteps: Done [ 0.75341 s, 2 iterations ]
nevis_timesteps: t = 1.3 [ / 36.5 ]
Radius of the blister is 1.2886.
Volume of the blister is 0.0023421.
nevis_timesteps: Done
nevis_timesteps: Saving ./results/nreg_RACMO_cg0_00_a0_05_k0_mu1e1_c1_V1e8_t300/0013 ...
nevis_timesteps: Done
nevis_timesteps: dt = 0.1 ...
nevis_timesteps: Done [ 0.73347 s, 2 iterations ]
nevis_timesteps: t = 1.4 [ / 36.5 ]
Radius of the blister is 2.9302.
Volume of the blister is 0.0024422.
nevis_timesteps: Done
nevis_timesteps: Saving ./results/nreg_RACMO_cg0_00_a0_05_k0_mu1e1_c1_V1e8_t300/0014 ...
nevis_timesteps: Done
nevis_timesteps: dt = 0.1 ...
nevis_timesteps: Done [ 0.72485 s, 2 iterations ]
nevis_timesteps: t = 1.5 [ / 36.5 ]
Radius of the blister is 3.9116.
Volume of the blister is 0.002522.
nevis_timesteps: Done
nevis_timesteps: Saving ./results/nreg_RACMO_cg0_00_a0_05_k0_mu1e1_c1_V1e8_t300/0015 ...
nevis_timesteps: Done
nevis_timesteps: dt = 0.1 ...
nevis_timesteps: Done [ 0.70855 s, 2 iterations ]
nevis_timesteps: t = 1.6 [ / 36.5 ]
Radius of the blister is 6.9481.
Volume of the blister is 0.0026982.
nevis_timesteps: Done
nevis_timesteps: Saving ./results/nreg_RACMO_cg0_00_a0_05_k0_mu1e1_c1_V1e8_t300/0016 ...
nevis_timesteps: Done
nevis_timesteps: dt = 0.1 ...
nevis_timesteps: Done [ 0.69883 s, 2 iterations ]
nevis_timesteps: t = 1.7 [ / 36.5 ]
Radius of the blister is 2.7417.
Volume of the blister is 0.0028469.
nevis_timesteps: Done
nevis_timesteps: Saving ./results/nreg_RACMO_cg0_00_a0_05_k0_mu1e1_c1_V1e8_t300/0017 ...
nevis_timesteps: Done
nevis_timesteps: dt = 0.1 ...
nevis_timesteps: Done [ 0.71328 s, 2 iterations ]
nevis_timesteps: t = 1.8 [ / 36.5 ]
Radius of the blister is 6.6411.
Volume of the blister is 0.0029242.
nevis_timesteps: Done
nevis_timesteps: Saving ./results/nreg_RACMO_cg0_00_a0_05_k0_mu1e1_c1_V1e8_t300/0018 ...
nevis_timesteps: Done
nevis_timesteps: dt = 0.1 ...
nevis_timesteps: Done [ 0.70018 s, 2 iterations ]
nevis_timesteps: t = 1.9 [ / 36.5 ]
Radius of the blister is 4.6391.
Volume of the blister is 0.0030709.
nevis_timesteps: Done
nevis_timesteps: Saving ./results/nreg_RACMO_cg0_00_a0_05_k0_mu1e1_c1_V1e8_t300/0019 ...
nevis_timesteps: Done
nevis_timesteps: dt = 0.1 ...
nevis_timesteps: Done [ 0.71746 s, 2 iterations ]
nevis_timesteps: t = 2 [ / 36.5 ]
Radius of the blister is 6.6148.
Volume of the blister is 0.0031327.
nevis_timesteps: Done
nevis_timesteps: Saving ./results/nreg_RACMO_cg0_00_a0_05_k0_mu1e1_c1_V1e8_t300/0020 ...
nevis_timesteps: Done
nevis_timesteps: dt = 0.1 ...
nevis_timesteps: Done [ 0.712 s, 2 iterations ]
nevis_timesteps: t = 2.1 [ / 36.5 ]
Radius of the blister is 6.6148.
Volume of the blister is 0.0032736.
nevis_timesteps: Done
nevis_timesteps: Saving ./results/nreg_RACMO_cg0_00_a0_05_k0_mu1e1_c1_V1e8_t300/0021 ...
nevis_timesteps: Done
nevis_timesteps: dt = 0.1 ...
nevis_timesteps: Done [ 0.71183 s, 2 iterations ]
nevis_timesteps: t = 2.2 [ / 36.5 ]
Radius of the blister is 6.6148.
Volume of the blister is 0.0034028.
nevis_timesteps: Done
nevis_timesteps: Saving ./results/nreg_RACMO_cg0_00_a0_05_k0_mu1e1_c1_V1e8_t300/0022 ...
nevis_timesteps: Done
nevis_timesteps: dt = 0.1 ...
nevis_timesteps: Done [ 0.66783 s, 2 iterations ]
nevis_timesteps: t = 2.3 [ / 36.5 ]
Radius of the blister is 6.3748.
Volume of the blister is 0.0035137.
nevis_timesteps: Done
nevis_timesteps: Saving ./results/nreg_RACMO_cg0_00_a0_05_k0_mu1e1_c1_V1e8_t300/0023 ...
nevis_timesteps: Done
nevis_timesteps: dt = 0.1 ...
nevis_timesteps: Done [ 0.70083 s, 2 iterations ]
nevis_timesteps: t = 2.4 [ / 36.5 ]
Radius of the blister is 6.6148.
Volume of the blister is 0.0036249.
nevis_timesteps: Done
nevis_timesteps: Saving ./results/nreg_RACMO_cg0_00_a0_05_k0_mu1e1_c1_V1e8_t300/0024 ...
nevis_timesteps: Done
nevis_timesteps: dt = 0.1 ...
nevis_timesteps: Done [ 0.67739 s, 2 iterations ]
nevis_timesteps: t = 2.5 [ / 36.5 ]
Radius of the blister is 3.8205.
Volume of the blister is 0.0037232.
nevis_timesteps: Done
nevis_timesteps: Saving ./results/nreg_RACMO_cg0_00_a0_05_k0_mu1e1_c1_V1e8_t300/0025 ...
nevis_timesteps: Done
nevis_timesteps: dt = 0.1 ...
nevis_timesteps: Done [ 0.68603 s, 2 iterations ]
nevis_timesteps: t = 2.6 [ / 36.5 ]
Radius of the blister is 6.8542.
Volume of the blister is 0.0037391.
nevis_timesteps: Done
nevis_timesteps: Saving ./results/nreg_RACMO_cg0_00_a0_05_k0_mu1e1_c1_V1e8_t300/0026 ...
nevis_timesteps: Done
nevis_timesteps: dt = 0.1 ...
nevis_timesteps: Done [ 0.68554 s, 2 iterations ]
nevis_timesteps: t = 2.7 [ / 36.5 ]
Radius of the blister is 7.009.
Volume of the blister is 0.0038319.
nevis_timesteps: Done
nevis_timesteps: Saving ./results/nreg_RACMO_cg0_00_a0_05_k0_mu1e1_c1_V1e8_t300/0027 ...
nevis_timesteps: Done
nevis_timesteps: dt = 0.1 ...
nevis_timesteps: Done [ 0.67694 s, 2 iterations ]
nevis_timesteps: t = 2.8 [ / 36.5 ]
Radius of the blister is 4.5891.
Volume of the blister is 0.0038265.
nevis_timesteps: Done
nevis_timesteps: Saving ./results/nreg_RACMO_cg0_00_a0_05_k0_mu1e1_c1_V1e8_t300/0028 ...
nevis_timesteps: Done
nevis_timesteps: dt = 0.1 ...
nevis_timesteps: Done [ 0.65693 s, 2 iterations ]
nevis_timesteps: t = 2.9 [ / 36.5 ]
Radius of the blister is 5.4988.
Volume of the blister is 0.0039017.
nevis_timesteps: Done
nevis_timesteps: Saving ./results/nreg_RACMO_cg0_00_a0_05_k0_mu1e1_c1_V1e8_t300/0029 ...
nevis_timesteps: Done
nevis_timesteps: dt = 0.1 ...
nevis_timesteps: Done [ 1.2881 s, 4 iterations ]
nevis_timesteps: t = 3 [ / 36.5 ]
Radius of the blister is 10.0559.
Volume of the blister is 0.0045029.
nevis_timesteps: Done
nevis_timesteps: Saving ./results/nreg_RACMO_cg0_00_a0_05_k0_mu1e1_c1_V1e8_t300/0030 ...
nevis_timesteps: Done
nevis_timesteps: dt = 0.1 ...
nevis_timesteps: Done [ 0.69296 s, 2 iterations ]
nevis_timesteps: t = 3.1 [ / 36.5 ]
Radius of the blister is 6.5502.
Volume of the blister is 0.0045132.
nevis_timesteps: Done
nevis_timesteps: Saving ./results/nreg_RACMO_cg0_00_a0_05_k0_mu1e1_c1_V1e8_t300/0031 ...
nevis_timesteps: Done
nevis_timesteps: dt = 0.1 ...
nevis_timesteps: Done [ 0.66046 s, 2 iterations ]
nevis_timesteps: t = 3.2 [ / 36.5 ]
Radius of the blister is 4.7248.
Volume of the blister is 0.0044627.
nevis_timesteps: Done
nevis_timesteps: Saving ./results/nreg_RACMO_cg0_00_a0_05_k0_mu1e1_c1_V1e8_t300/0032 ...
nevis_timesteps: Done
nevis_timesteps: dt = 0.1 ...
nevis_timesteps: Done [ 0.67657 s, 2 iterations ]
nevis_timesteps: t = 3.3 [ / 36.5 ]
Radius of the blister is 7.3937.
Volume of the blister is 0.0043727.
nevis_timesteps: Done
nevis_timesteps: Saving ./results/nreg_RACMO_cg0_00_a0_05_k0_mu1e1_c1_V1e8_t300/0033 ...
nevis_timesteps: Done
nevis_timesteps: dt = 0.1 ...
nevis_timesteps: Done [ 0.65816 s, 2 iterations ]
nevis_timesteps: t = 3.4 [ / 36.5 ]
Radius of the blister is 6.6891.
Volume of the blister is 0.0043917.
nevis_timesteps: Done
nevis_timesteps: Saving ./results/nreg_RACMO_cg0_00_a0_05_k0_mu1e1_c1_V1e8_t300/0034 ...
nevis_timesteps: Done
nevis_timesteps: dt = 0.1 ...
nevis_timesteps: Done [ 0.68356 s, 2 iterations ]
nevis_timesteps: t = 3.5 [ / 36.5 ]
Radius of the blister is 6.6891.
Volume of the blister is 0.0042964.
nevis_timesteps: Done
nevis_timesteps: Saving ./results/nreg_RACMO_cg0_00_a0_05_k0_mu1e1_c1_V1e8_t300/0035 ...
nevis_timesteps: Done
nevis_timesteps: dt = 0.1 ...
nevis_timesteps: Done [ 0.66752 s, 2 iterations ]
nevis_timesteps: t = 3.6 [ / 36.5 ]
Radius of the blister is 6.762.
Volume of the blister is 0.0042201.
nevis_timesteps: Done
nevis_timesteps: Saving ./results/nreg_RACMO_cg0_00_a0_05_k0_mu1e1_c1_V1e8_t300/0036 ...
nevis_timesteps: Done
nevis_timesteps: dt = 0.1 ...
nevis_timesteps: Done [ 0.66195 s, 2 iterations ]
nevis_timesteps: t = 3.7 [ / 36.5 ]
Radius of the blister is 7.6389.
Volume of the blister is 0.0041388.
nevis_timesteps: Done
nevis_timesteps: Saving ./results/nreg_RACMO_cg0_00_a0_05_k0_mu1e1_c1_V1e8_t300/0037 ...
nevis_timesteps: Done
nevis_timesteps: dt = 0.1 ...
nevis_timesteps: Done [ 0.67862 s, 2 iterations ]
nevis_timesteps: t = 3.8 [ / 36.5 ]
Radius of the blister is 6.762.
Volume of the blister is 0.0041379.
nevis_timesteps: Done
nevis_timesteps: Saving ./results/nreg_RACMO_cg0_00_a0_05_k0_mu1e1_c1_V1e8_t300/0038 ...
nevis_timesteps: Done
nevis_timesteps: dt = 0.1 ...
nevis_timesteps: Done [ 0.6918 s, 2 iterations ]
nevis_timesteps: t = 3.9 [ / 36.5 ]
Radius of the blister is 6.937.
Volume of the blister is 0.0041488.
nevis_timesteps: Done
nevis_timesteps: Saving ./results/nreg_RACMO_cg0_00_a0_05_k0_mu1e1_c1_V1e8_t300/0039 ...
nevis_timesteps: Done
nevis_timesteps: dt = 0.1 ...
nevis_timesteps: Done [ 0.68685 s, 2 iterations ]
nevis_timesteps: t = 4 [ / 36.5 ]
Radius of the blister is 4.1488.
Volume of the blister is 0.0040743.
nevis_timesteps: Done
nevis_timesteps: Saving ./results/nreg_RACMO_cg0_00_a0_05_k0_mu1e1_c1_V1e8_t300/0040 ...
nevis_timesteps: Done
nevis_timesteps: dt = 0.1 ...
nevis_timesteps: Done [ 0.6805 s, 2 iterations ]
nevis_timesteps: t = 4.1 [ / 36.5 ]
Radius of the blister is 0.82976.
Volume of the blister is 0.0040691.
nevis_timesteps: Done
nevis_timesteps: Saving ./results/nreg_RACMO_cg0_00_a0_05_k0_mu1e1_c1_V1e8_t300/0041 ...
nevis_timesteps: Done
nevis_timesteps: dt = 0.1 ...
nevis_timesteps: Done [ 0.6826 s, 2 iterations ]
nevis_timesteps: t = 4.2 [ / 36.5 ]
Radius of the blister is 6.7362.
Volume of the blister is 0.0040922.
nevis_timesteps: Done
nevis_timesteps: Saving ./results/nreg_RACMO_cg0_00_a0_05_k0_mu1e1_c1_V1e8_t300/0042 ...
nevis_timesteps: Done
nevis_timesteps: dt = 0.1 ...
nevis_timesteps: Done [ 0.68163 s, 2 iterations ]
nevis_timesteps: t = 4.3 [ / 36.5 ]
Radius of the blister is 4.5838.
Volume of the blister is 0.0040329.
nevis_timesteps: Done
nevis_timesteps: Saving ./results/nreg_RACMO_cg0_00_a0_05_k0_mu1e1_c1_V1e8_t300/0043 ...
nevis_timesteps: Done
nevis_timesteps: dt = 0.1 ...
nevis_timesteps: Done [ 0.73672 s, 2 iterations ]
nevis_timesteps: t = 4.4 [ / 36.5 ]
Radius of the blister is 6.7362.
Volume of the blister is 0.0040658.
nevis_timesteps: Done
nevis_timesteps: Saving ./results/nreg_RACMO_cg0_00_a0_05_k0_mu1e1_c1_V1e8_t300/0044 ...
nevis_timesteps: Done
nevis_timesteps: dt = 0.1 ...
nevis_timesteps: Done [ 0.4579 s, 1 iterations ]
nevis_timesteps: t = 4.5 [ / 36.5 ]
Radius of the blister is 2.6208.
Volume of the blister is 0.0040876.
nevis_timesteps: Done
nevis_timesteps: Saving ./results/nreg_RACMO_cg0_00_a0_05_k0_mu1e1_c1_V1e8_t300/0045 ...
nevis_timesteps: Done
nevis_timesteps: dt = 0.1 ...
nevis_timesteps: Done [ 0.35381 s, 1 iterations ]
nevis_timesteps: t = 4.6 [ / 36.5 ]
Radius of the blister is 6.7362.
Volume of the blister is 0.0041122.
nevis_timesteps: Done
nevis_timesteps: Saving ./results/nreg_RACMO_cg0_00_a0_05_k0_mu1e1_c1_V1e8_t300/0046 ...
nevis_timesteps: Done
nevis_timesteps: dt = 0.1 ...
nevis_timesteps: Done [ 0.33015 s, 1 iterations ]
nevis_timesteps: t = 4.7 [ / 36.5 ]
Radius of the blister is 3.0719.
Volume of the blister is 0.0041435.
nevis_timesteps: Done
nevis_timesteps: Saving ./results/nreg_RACMO_cg0_00_a0_05_k0_mu1e1_c1_V1e8_t300/0047 ...
nevis_timesteps: Done
nevis_timesteps: dt = 0.1 ...
nevis_timesteps: Done [ 0.32174 s, 1 iterations ]
nevis_timesteps: t = 4.8 [ / 36.5 ]
Radius of the blister is 6.12.
Volume of the blister is 0.004073.
nevis_timesteps: Done
nevis_timesteps: Saving ./results/nreg_RACMO_cg0_00_a0_05_k0_mu1e1_c1_V1e8_t300/0048 ...
nevis_timesteps: Done
nevis_timesteps: dt = 0.1 ...
nevis_timesteps: Done [ 0.33815 s, 1 iterations ]
nevis_timesteps: t = 4.9 [ / 36.5 ]
Radius of the blister is 6.7362.
Volume of the blister is 0.0041045.
nevis_timesteps: Done
nevis_timesteps: Saving ./results/nreg_RACMO_cg0_00_a0_05_k0_mu1e1_c1_V1e8_t300/0049 ...
nevis_timesteps: Done
nevis_timesteps: dt = 0.1 ...
nevis_timesteps: Done [ 0.34665 s, 1 iterations ]
nevis_timesteps: t = 5 [ / 36.5 ]
Radius of the blister is 4.6981.
Volume of the blister is 0.0041505.
nevis_timesteps: Done
nevis_timesteps: Saving ./results/nreg_RACMO_cg0_00_a0_05_k0_mu1e1_c1_V1e8_t300/0050 ...
nevis_timesteps: Done
nevis_timesteps: dt = 0.1 ...
nevis_timesteps: Done [ 0.33782 s, 1 iterations ]
nevis_timesteps: t = 5.1 [ / 36.5 ]
Radius of the blister is 4.07.
Volume of the blister is 0.0041713.
nevis_timesteps: Done
nevis_timesteps: Saving ./results/nreg_RACMO_cg0_00_a0_05_k0_mu1e1_c1_V1e8_t300/0051 ...
nevis_timesteps: Done
nevis_timesteps: dt = 0.1 ...
nevis_timesteps: Done [ 1.2225 s, 4 iterations ]
nevis_timesteps: t = 5.2 [ / 36.5 ]
Radius of the blister is 7.1667.
Volume of the blister is 0.004766.
nevis_timesteps: Done
nevis_timesteps: Saving ./results/nreg_RACMO_cg0_00_a0_05_k0_mu1e1_c1_V1e8_t300/0052 ...
nevis_timesteps: Done
nevis_timesteps: dt = 0.1 ...
nevis_timesteps: Done [ 0.84256 s, 2 iterations ]
nevis_timesteps: t = 5.3 [ / 36.5 ]
Radius of the blister is 7.4852.
Volume of the blister is 0.0051759.
nevis_timesteps: Done
nevis_timesteps: Saving ./results/nreg_RACMO_cg0_00_a0_05_k0_mu1e1_c1_V1e8_t300/0053 ...
nevis_timesteps: Done
nevis_timesteps: dt = 0.1 ...
nevis_timesteps: Done [ 0.80346 s, 2 iterations ]
nevis_timesteps: t = 5.4 [ / 36.5 ]
Radius of the blister is 6.0307.
Volume of the blister is 0.0051863.
nevis_timesteps: Done
nevis_timesteps: Saving ./results/nreg_RACMO_cg0_00_a0_05_k0_mu1e1_c1_V1e8_t300/0054 ...
nevis_timesteps: Done
nevis_timesteps: dt = 0.1 ...
nevis_timesteps: Done [ 0.80609 s, 2 iterations ]
nevis_timesteps: t = 5.5 [ / 36.5 ]
Radius of the blister is 12.704.
Volume of the blister is 0.0051438.
nevis_timesteps: Done
nevis_timesteps: Saving ./results/nreg_RACMO_cg0_00_a0_05_k0_mu1e1_c1_V1e8_t300/0055 ...
nevis_timesteps: Done
nevis_timesteps: dt = 0.1 ...
nevis_timesteps: Done [ 0.91191 s, 2 iterations ]
nevis_timesteps: t = 5.6 [ / 36.5 ]
Radius of the blister is 6.7662.
Volume of the blister is 0.005157.
nevis_timesteps: Done
nevis_timesteps: Saving ./results/nreg_RACMO_cg0_00_a0_05_k0_mu1e1_c1_V1e8_t300/0056 ...
nevis_timesteps: Done
nevis_timesteps: dt = 0.1 ...
nevis_timesteps: Done [ 0.82836 s, 2 iterations ]
nevis_timesteps: t = 5.7 [ / 36.5 ]
Radius of the blister is 3.9075.
Volume of the blister is 0.0051326.
nevis_timesteps: Done
nevis_timesteps: Saving ./results/nreg_RACMO_cg0_00_a0_05_k0_mu1e1_c1_V1e8_t300/0057 ...
nevis_timesteps: Done
nevis_timesteps: dt = 0.1 ...
nevis_timesteps: Done [ 0.88392 s, 2 iterations ]
nevis_timesteps: t = 5.8 [ / 36.5 ]
Radius of the blister is 4.5865.
Volume of the blister is 0.0050259.
nevis_timesteps: Done
nevis_timesteps: Saving ./results/nreg_RACMO_cg0_00_a0_05_k0_mu1e1_c1_V1e8_t300/0058 ...
nevis_timesteps: Done
nevis_timesteps: dt = 0.1 ...
nevis_timesteps: Done [ 0.93458 s, 2 iterations ]
nevis_timesteps: t = 5.9 [ / 36.5 ]
Radius of the blister is 7.0551.
Volume of the blister is 0.004933.
nevis_timesteps: Done
nevis_timesteps: Saving ./results/nreg_RACMO_cg0_00_a0_05_k0_mu1e1_c1_V1e8_t300/0059 ...
nevis_timesteps: Done
nevis_timesteps: dt = 0.1 ...
nevis_timesteps: Done [ 0.94553 s, 2 iterations ]
nevis_timesteps: t = 6 [ / 36.5 ]
Radius of the blister is 4.3471.
Volume of the blister is 0.004837.
nevis_timesteps: Done
nevis_timesteps: Saving ./results/nreg_RACMO_cg0_00_a0_05_k0_mu1e1_c1_V1e8_t300/0060 ...
nevis_timesteps: Done
nevis_timesteps: dt = 0.1 ...
nevis_timesteps: Done [ 0.92329 s, 2 iterations ]
nevis_timesteps: t = 6.1 [ / 36.5 ]
Radius of the blister is 7.0551.
Volume of the blister is 0.004819.
nevis_timesteps: Done
nevis_timesteps: Saving ./results/nreg_RACMO_cg0_00_a0_05_k0_mu1e1_c1_V1e8_t300/0061 ...
nevis_timesteps: Done
nevis_timesteps: dt = 0.1 ...
nevis_timesteps: Done [ 0.88208 s, 2 iterations ]
nevis_timesteps: t = 6.2 [ / 36.5 ]
Radius of the blister is 4.5865.
Volume of the blister is 0.004811.
nevis_timesteps: Done
nevis_timesteps: Saving ./results/nreg_RACMO_cg0_00_a0_05_k0_mu1e1_c1_V1e8_t300/0062 ...
nevis_timesteps: Done
nevis_timesteps: dt = 0.1 ...
nevis_timesteps: Done [ 0.63759 s, 2 iterations ]
nevis_timesteps: t = 6.3 [ / 36.5 ]
Radius of the blister is 4.5865.
Volume of the blister is 0.0047954.
nevis_timesteps: Done
nevis_timesteps: Saving ./results/nreg_RACMO_cg0_00_a0_05_k0_mu1e1_c1_V1e8_t300/0063 ...
nevis_timesteps: Done
nevis_timesteps: dt = 0.1 ...
nevis_timesteps: Done [ 0.61637 s, 2 iterations ]
nevis_timesteps: t = 6.4 [ / 36.5 ]
Radius of the blister is 4.5865.
Volume of the blister is 0.0047775.
nevis_timesteps: Done
nevis_timesteps: Saving ./results/nreg_RACMO_cg0_00_a0_05_k0_mu1e1_c1_V1e8_t300/0064 ...
nevis_timesteps: Done
nevis_timesteps: dt = 0.1 ...
nevis_timesteps: Done [ 0.61112 s, 2 iterations ]
nevis_timesteps: t = 6.5 [ / 36.5 ]
Radius of the blister is 5.7944.
Volume of the blister is 0.0047716.
nevis_timesteps: Done
nevis_timesteps: Saving ./results/nreg_RACMO_cg0_00_a0_05_k0_mu1e1_c1_V1e8_t300/0065 ...
nevis_timesteps: Done
nevis_timesteps: dt = 0.1 ...
nevis_timesteps: Done [ 0.61173 s, 2 iterations ]
nevis_timesteps: t = 6.6 [ / 36.5 ]
Radius of the blister is 3.0719.
Volume of the blister is 0.0047661.
nevis_timesteps: Done
nevis_timesteps: Saving ./results/nreg_RACMO_cg0_00_a0_05_k0_mu1e1_c1_V1e8_t300/0066 ...
nevis_timesteps: Done
nevis_timesteps: dt = 0.1 ...
nevis_timesteps: Done [ 0.61405 s, 2 iterations ]
nevis_timesteps: t = 6.7 [ / 36.5 ]
Radius of the blister is 3.3627.
Volume of the blister is 0.0047344.
nevis_timesteps: Done
nevis_timesteps: Saving ./results/nreg_RACMO_cg0_00_a0_05_k0_mu1e1_c1_V1e8_t300/0067 ...
nevis_timesteps: Done
nevis_timesteps: dt = 0.1 ...
nevis_timesteps: Done [ 0.62283 s, 2 iterations ]
nevis_timesteps: t = 6.8 [ / 36.5 ]
Radius of the blister is 4.633.
Volume of the blister is 0.0047195.
nevis_timesteps: Done
nevis_timesteps: Saving ./results/nreg_RACMO_cg0_00_a0_05_k0_mu1e1_c1_V1e8_t300/0068 ...
nevis_timesteps: Done
nevis_timesteps: dt = 0.1 ...
nevis_timesteps: Done [ 0.62173 s, 2 iterations ]
nevis_timesteps: t = 6.9 [ / 36.5 ]
Radius of the blister is 4.07.
Volume of the blister is 0.0047388.
nevis_timesteps: Done
nevis_timesteps: Saving ./results/nreg_RACMO_cg0_00_a0_05_k0_mu1e1_c1_V1e8_t300/0069 ...
nevis_timesteps: Done
nevis_timesteps: dt = 0.1 ...
nevis_timesteps: Done [ 0.65255 s, 2 iterations ]
nevis_timesteps: t = 7 [ / 36.5 ]
Radius of the blister is 3.3603.
Volume of the blister is 0.0047357.
nevis_timesteps: Done
nevis_timesteps: Saving ./results/nreg_RACMO_cg0_00_a0_05_k0_mu1e1_c1_V1e8_t300/0070 ...
nevis_timesteps: Done
nevis_timesteps: dt = 0.1 ...
nevis_timesteps: Done [ 0.6175 s, 2 iterations ]
nevis_timesteps: t = 7.1 [ / 36.5 ]
Radius of the blister is 1.0496.
Volume of the blister is 0.0047347.
nevis_timesteps: Done
nevis_timesteps: Saving ./results/nreg_RACMO_cg0_00_a0_05_k0_mu1e1_c1_V1e8_t300/0071 ...
nevis_timesteps: Done
nevis_timesteps: dt = 0.1 ...
nevis_timesteps: Done [ 0.31652 s, 1 iterations ]
nevis_timesteps: t = 7.2 [ / 36.5 ]
Radius of the blister is 2.6208.
Volume of the blister is 0.0046732.
nevis_timesteps: Done
nevis_timesteps: Saving ./results/nreg_RACMO_cg0_00_a0_05_k0_mu1e1_c1_V1e8_t300/0072 ...
nevis_timesteps: Done
nevis_timesteps: dt = 0.1 ...
nevis_timesteps: Done [ 0.62743 s, 2 iterations ]
nevis_timesteps: t = 7.3 [ / 36.5 ]
Radius of the blister is 4.07.
Volume of the blister is 0.0046746.
nevis_timesteps: Done
nevis_timesteps: Saving ./results/nreg_RACMO_cg0_00_a0_05_k0_mu1e1_c1_V1e8_t300/0073 ...
nevis_timesteps: Done
nevis_timesteps: dt = 0.1 ...
nevis_timesteps: Done [ 0.32433 s, 1 iterations ]
nevis_timesteps: t = 7.4 [ / 36.5 ]
Radius of the blister is 3.0173.
Volume of the blister is 0.0046699.
nevis_timesteps: Done
nevis_timesteps: Saving ./results/nreg_RACMO_cg0_00_a0_05_k0_mu1e1_c1_V1e8_t300/0074 ...
nevis_timesteps: Done
nevis_timesteps: dt = 0.1 ...
nevis_timesteps: Done [ 0.35804 s, 1 iterations ]
nevis_timesteps: t = 7.5 [ / 36.5 ]
Radius of the blister is 7.4243.
Volume of the blister is 0.004674.
nevis_timesteps: Done
nevis_timesteps: Saving ./results/nreg_RACMO_cg0_00_a0_05_k0_mu1e1_c1_V1e8_t300/0075 ...
nevis_timesteps: Done
nevis_timesteps: dt = 0.1 ...
nevis_timesteps: Done [ 0.32457 s, 1 iterations ]
nevis_timesteps: t = 7.6 [ / 36.5 ]
Radius of the blister is 2.5216.
Volume of the blister is 0.0046706.
nevis_timesteps: Done
nevis_timesteps: Saving ./results/nreg_RACMO_cg0_00_a0_05_k0_mu1e1_c1_V1e8_t300/0076 ...
nevis_timesteps: Done
nevis_timesteps: dt = 0.1 ...
nevis_timesteps: Done [ 0.32002 s, 1 iterations ]
nevis_timesteps: t = 7.7 [ / 36.5 ]
Radius of the blister is 5.7916.
Volume of the blister is 0.0047582.
nevis_timesteps: Done
nevis_timesteps: Saving ./results/nreg_RACMO_cg0_00_a0_05_k0_mu1e1_c1_V1e8_t300/0077 ...
nevis_timesteps: Done
nevis_timesteps: dt = 0.1 ...
nevis_timesteps: Done [ 0.32699 s, 1 iterations ]
nevis_timesteps: t = 7.8 [ / 36.5 ]
Radius of the blister is 3.2624.
Volume of the blister is 0.0047573.
nevis_timesteps: Done
nevis_timesteps: Saving ./results/nreg_RACMO_cg0_00_a0_05_k0_mu1e1_c1_V1e8_t300/0078 ...
nevis_timesteps: Done
nevis_timesteps: dt = 0.1 ...
nevis_timesteps: Done [ 0.31644 s, 1 iterations ]
nevis_timesteps: t = 7.9 [ / 36.5 ]
Radius of the blister is 3.6202.
Volume of the blister is 0.0047544.
nevis_timesteps: Done
nevis_timesteps: Saving ./results/nreg_RACMO_cg0_00_a0_05_k0_mu1e1_c1_V1e8_t300/0079 ...
nevis_timesteps: Done
nevis_timesteps: dt = 0.1 ...
nevis_timesteps: Done [ 0.31595 s, 1 iterations ]
nevis_timesteps: t = 8 [ / 36.5 ]
Radius of the blister is 6.7254.
Volume of the blister is 0.004765.
nevis_timesteps: Done
nevis_timesteps: Saving ./results/nreg_RACMO_cg0_00_a0_05_k0_mu1e1_c1_V1e8_t300/0080 ...
nevis_timesteps: Done
nevis_timesteps: dt = 0.1 ...
nevis_timesteps: Done [ 0.30124 s, 1 iterations ]
nevis_timesteps: t = 8.1 [ / 36.5 ]
Radius of the blister is 6.6606.
Volume of the blister is 0.0047592.
nevis_timesteps: Done
nevis_timesteps: Saving ./results/nreg_RACMO_cg0_00_a0_05_k0_mu1e1_c1_V1e8_t300/0081 ...
nevis_timesteps: Done
nevis_timesteps: dt = 0.1 ...
nevis_timesteps: Done [ 0.30766 s, 1 iterations ]
nevis_timesteps: t = 8.2 [ / 36.5 ]
Radius of the blister is 3.245.
Volume of the blister is 0.0047404.
nevis_timesteps: Done
nevis_timesteps: Saving ./results/nreg_RACMO_cg0_00_a0_05_k0_mu1e1_c1_V1e8_t300/0082 ...
nevis_timesteps: Done
nevis_timesteps: dt = 0.1 ...
nevis_timesteps: Done [ 0.30261 s, 1 iterations ]
nevis_timesteps: t = 8.3 [ / 36.5 ]
Radius of the blister is 4.5891.
Volume of the blister is 0.0047314.
nevis_timesteps: Done
nevis_timesteps: Saving ./results/nreg_RACMO_cg0_00_a0_05_k0_mu1e1_c1_V1e8_t300/0083 ...
nevis_timesteps: Done
nevis_timesteps: dt = 0.1 ...
nevis_timesteps: Done [ 0.31729 s, 1 iterations ]
nevis_timesteps: t = 8.4 [ / 36.5 ]
Radius of the blister is 6.75.
Volume of the blister is 0.0047174.
nevis_timesteps: Done
nevis_timesteps: Saving ./results/nreg_RACMO_cg0_00_a0_05_k0_mu1e1_c1_V1e8_t300/0084 ...
nevis_timesteps: Done
nevis_timesteps: dt = 0.1 ...
nevis_timesteps: Done [ 0.30571 s, 1 iterations ]
nevis_timesteps: t = 8.5 [ / 36.5 ]
Radius of the blister is 4.3069.
Volume of the blister is 0.0047068.
nevis_timesteps: Done
nevis_timesteps: Saving ./results/nreg_RACMO_cg0_00_a0_05_k0_mu1e1_c1_V1e8_t300/0085 ...
nevis_timesteps: Done
nevis_timesteps: dt = 0.1 ...
nevis_timesteps: Done [ 0.60101 s, 2 iterations ]
nevis_timesteps: t = 8.6 [ / 36.5 ]
Radius of the blister is 5.4988.
Volume of the blister is 0.0047095.
nevis_timesteps: Done
nevis_timesteps: Saving ./results/nreg_RACMO_cg0_00_a0_05_k0_mu1e1_c1_V1e8_t300/0086 ...
nevis_timesteps: Done
nevis_timesteps: dt = 0.1 ...
nevis_timesteps: Done [ 0.59061 s, 2 iterations ]
nevis_timesteps: t = 8.7 [ / 36.5 ]
Radius of the blister is 3.8067.
Volume of the blister is 0.0047091.
nevis_timesteps: Done
nevis_timesteps: Saving ./results/nreg_RACMO_cg0_00_a0_05_k0_mu1e1_c1_V1e8_t300/0087 ...
nevis_timesteps: Done
nevis_timesteps: dt = 0.1 ...
nevis_timesteps: Done [ 0.61562 s, 2 iterations ]
nevis_timesteps: t = 8.8 [ / 36.5 ]
Radius of the blister is 3.8321.
Volume of the blister is 0.0046998.
nevis_timesteps: Done
nevis_timesteps: Saving ./results/nreg_RACMO_cg0_00_a0_05_k0_mu1e1_c1_V1e8_t300/0088 ...
nevis_timesteps: Done
nevis_timesteps: dt = 0.1 ...
nevis_timesteps: Done [ 0.62329 s, 2 iterations ]
nevis_timesteps: t = 8.9 [ / 36.5 ]
Radius of the blister is 6.1839.
Volume of the blister is 0.0046897.
nevis_timesteps: Done
nevis_timesteps: Saving ./results/nreg_RACMO_cg0_00_a0_05_k0_mu1e1_c1_V1e8_t300/0089 ...
nevis_timesteps: Done
nevis_timesteps: dt = 0.1 ...
nevis_timesteps: Done [ 0.60042 s, 2 iterations ]
nevis_timesteps: t = 9 [ / 36.5 ]
Radius of the blister is 5.6671.
Volume of the blister is 0.0046832.
nevis_timesteps: Done
nevis_timesteps: Saving ./results/nreg_RACMO_cg0_00_a0_05_k0_mu1e1_c1_V1e8_t300/0090 ...
nevis_timesteps: Done
nevis_timesteps: dt = 0.1 ...
nevis_timesteps: Done [ 0.60105 s, 2 iterations ]
nevis_timesteps: t = 9.1 [ / 36.5 ]
Radius of the blister is 5.6671.
Volume of the blister is 0.0046715.
nevis_timesteps: Done
nevis_timesteps: Saving ./results/nreg_RACMO_cg0_00_a0_05_k0_mu1e1_c1_V1e8_t300/0091 ...
nevis_timesteps: Done
nevis_timesteps: dt = 0.1 ...
nevis_timesteps: Done [ 0.58187 s, 2 iterations ]
nevis_timesteps: t = 9.2 [ / 36.5 ]
Radius of the blister is 2.7015.
Volume of the blister is 0.0045872.
nevis_timesteps: Done
nevis_timesteps: Saving ./results/nreg_RACMO_cg0_00_a0_05_k0_mu1e1_c1_V1e8_t300/0092 ...
nevis_timesteps: Done
nevis_timesteps: dt = 0.1 ...
nevis_timesteps: Done [ 0.66123 s, 2 iterations ]
nevis_timesteps: t = 9.3 [ / 36.5 ]
Radius of the blister is 2.7015.
Volume of the blister is 0.004481.
nevis_timesteps: Done
nevis_timesteps: Saving ./results/nreg_RACMO_cg0_00_a0_05_k0_mu1e1_c1_V1e8_t300/0093 ...
nevis_timesteps: Done
nevis_timesteps: dt = 0.1 ...
nevis_timesteps: Done [ 0.60706 s, 2 iterations ]
nevis_timesteps: t = 9.4 [ / 36.5 ]
Radius of the blister is 0.82976.
Volume of the blister is 0.0043937.
nevis_timesteps: Done
nevis_timesteps: Saving ./results/nreg_RACMO_cg0_00_a0_05_k0_mu1e1_c1_V1e8_t300/0094 ...
nevis_timesteps: Done
nevis_timesteps: dt = 0.1 ...
nevis_timesteps: Done [ 0.61609 s, 2 iterations ]
nevis_timesteps: t = 9.5 [ / 36.5 ]
Radius of the blister is 6.4981.
Volume of the blister is 0.0043035.
nevis_timesteps: Done
nevis_timesteps: Saving ./results/nreg_RACMO_cg0_00_a0_05_k0_mu1e1_c1_V1e8_t300/0095 ...
nevis_timesteps: Done
nevis_timesteps: dt = 0.1 ...
nevis_timesteps: Done [ 0.62259 s, 2 iterations ]
nevis_timesteps: t = 9.6 [ / 36.5 ]
Radius of the blister is 0.82976.
Volume of the blister is 0.0042243.
nevis_timesteps: Done
nevis_timesteps: Saving ./results/nreg_RACMO_cg0_00_a0_05_k0_mu1e1_c1_V1e8_t300/0096 ...
nevis_timesteps: Done
nevis_timesteps: dt = 0.1 ...
nevis_timesteps: Done [ 0.62387 s, 2 iterations ]
nevis_timesteps: t = 9.7 [ / 36.5 ]
Radius of the blister is 3.8867.
Volume of the blister is 0.0041484.
nevis_timesteps: Done
nevis_timesteps: Saving ./results/nreg_RACMO_cg0_00_a0_05_k0_mu1e1_c1_V1e8_t300/0097 ...
nevis_timesteps: Done
nevis_timesteps: dt = 0.1 ...
nevis_timesteps: Done [ 0.6646 s, 2 iterations ]
nevis_timesteps: t = 9.8 [ / 36.5 ]
Radius of the blister is 0.82976.
Volume of the blister is 0.0040757.
nevis_timesteps: Done
nevis_timesteps: Saving ./results/nreg_RACMO_cg0_00_a0_05_k0_mu1e1_c1_V1e8_t300/0098 ...
nevis_timesteps: Done
nevis_timesteps: dt = 0.1 ...
nevis_timesteps: Done [ 0.66031 s, 2 iterations ]
nevis_timesteps: t = 9.9 [ / 36.5 ]
Radius of the blister is 5.4.
Volume of the blister is 0.0039967.
nevis_timesteps: Done
nevis_timesteps: Saving ./results/nreg_RACMO_cg0_00_a0_05_k0_mu1e1_c1_V1e8_t300/0099 ...
nevis_timesteps: Done
nevis_timesteps: dt = 0.1 ...
nevis_timesteps: Done [ 0.61676 s, 2 iterations ]
nevis_timesteps: t = 10 [ / 36.5 ]
Radius of the blister is 5.4.
Volume of the blister is 0.0039379.
nevis_timesteps: Done
nevis_timesteps: Saving ./results/nreg_RACMO_cg0_00_a0_05_k0_mu1e1_c1_V1e8_t300/0100 ...
nevis_timesteps: Done
nevis_timesteps: dt = 0.1 ...
nevis_timesteps: Done [ 0.63396 s, 2 iterations ]
nevis_timesteps: t = 10.1 [ / 36.5 ]
Radius of the blister is 3.9855.
Volume of the blister is 0.0038717.
nevis_timesteps: Done
nevis_timesteps: Saving ./results/nreg_RACMO_cg0_00_a0_05_k0_mu1e1_c1_V1e8_t300/0101 ...
nevis_timesteps: Done
nevis_timesteps: dt = 0.1 ...
nevis_timesteps: Done [ 0.64232 s, 2 iterations ]
nevis_timesteps: t = 10.2 [ / 36.5 ]
Radius of the blister is 4.4566.
Volume of the blister is 0.0038057.
nevis_timesteps: Done
nevis_timesteps: Saving ./results/nreg_RACMO_cg0_00_a0_05_k0_mu1e1_c1_V1e8_t300/0102 ...
nevis_timesteps: Done
nevis_timesteps: dt = 0.1 ...
nevis_timesteps: Done [ 0.62362 s, 2 iterations ]
nevis_timesteps: t = 10.3 [ / 36.5 ]
Radius of the blister is 3.96.
Volume of the blister is 0.0037573.
nevis_timesteps: Done
nevis_timesteps: Saving ./results/nreg_RACMO_cg0_00_a0_05_k0_mu1e1_c1_V1e8_t300/0103 ...
nevis_timesteps: Done
nevis_timesteps: dt = 0.1 ...
nevis_timesteps: Done [ 0.6407 s, 2 iterations ]
nevis_timesteps: t = 10.4 [ / 36.5 ]
Radius of the blister is 8.0679.
Volume of the blister is 0.0036991.
nevis_timesteps: Done
nevis_timesteps: Saving ./results/nreg_RACMO_cg0_00_a0_05_k0_mu1e1_c1_V1e8_t300/0104 ...
nevis_timesteps: Done
nevis_timesteps: dt = 0.1 ...
nevis_timesteps: Done [ 0.60173 s, 2 iterations ]
nevis_timesteps: t = 10.5 [ / 36.5 ]
Radius of the blister is 3.8237.
Volume of the blister is 0.0036359.
nevis_timesteps: Done
nevis_timesteps: Saving ./results/nreg_RACMO_cg0_00_a0_05_k0_mu1e1_c1_V1e8_t300/0105 ...
nevis_timesteps: Done
nevis_timesteps: dt = 0.1 ...
nevis_timesteps: Done [ 0.61328 s, 2 iterations ]
nevis_timesteps: t = 10.6 [ / 36.5 ]
Radius of the blister is 6.57.
Volume of the blister is 0.0035893.
nevis_timesteps: Done
nevis_timesteps: Saving ./results/nreg_RACMO_cg0_00_a0_05_k0_mu1e1_c1_V1e8_t300/0106 ...
nevis_timesteps: Done
nevis_timesteps: dt = 0.1 ...
nevis_timesteps: Done [ 0.61423 s, 2 iterations ]
nevis_timesteps: t = 10.7 [ / 36.5 ]
Radius of the blister is 6.7362.
Volume of the blister is 0.0035481.
nevis_timesteps: Done
nevis_timesteps: Saving ./results/nreg_RACMO_cg0_00_a0_05_k0_mu1e1_c1_V1e8_t300/0107 ...
nevis_timesteps: Done
nevis_timesteps: dt = 0.1 ...
nevis_timesteps: Done [ 0.60655 s, 2 iterations ]
nevis_timesteps: t = 10.8 [ / 36.5 ]
Radius of the blister is 4.4765.
Volume of the blister is 0.0035071.
nevis_timesteps: Done
nevis_timesteps: Saving ./results/nreg_RACMO_cg0_00_a0_05_k0_mu1e1_c1_V1e8_t300/0108 ...
nevis_timesteps: Done
nevis_timesteps: dt = 0.1 ...
nevis_timesteps: Done [ 1.1826 s, 4 iterations ]
nevis_timesteps: t = 10.9 [ / 36.5 ]
Radius of the blister is 3.3117.
Volume of the blister is 0.0039771.
nevis_timesteps: Done
nevis_timesteps: Saving ./results/nreg_RACMO_cg0_00_a0_05_k0_mu1e1_c1_V1e8_t300/0109 ...
nevis_timesteps: Done
nevis_timesteps: dt = 0.1 ...
nevis_timesteps: Done [ 0.60485 s, 2 iterations ]
nevis_timesteps: t = 11 [ / 36.5 ]
Radius of the blister is 5.2617.
Volume of the blister is 0.0039043.
nevis_timesteps: Done
nevis_timesteps: Saving ./results/nreg_RACMO_cg0_00_a0_05_k0_mu1e1_c1_V1e8_t300/0110 ...
nevis_timesteps: Done
nevis_timesteps: dt = 0.1 ...
nevis_timesteps: Done [ 0.58403 s, 2 iterations ]
nevis_timesteps: t = 11.1 [ / 36.5 ]
Radius of the blister is 5.8195.
Volume of the blister is 0.0038316.
nevis_timesteps: Done
nevis_timesteps: Saving ./results/nreg_RACMO_cg0_00_a0_05_k0_mu1e1_c1_V1e8_t300/0111 ...
nevis_timesteps: Done
nevis_timesteps: dt = 0.1 ...
nevis_timesteps: Done [ 0.59978 s, 2 iterations ]
nevis_timesteps: t = 11.2 [ / 36.5 ]
Radius of the blister is 7.27.
Volume of the blister is 0.0037789.
nevis_timesteps: Done
nevis_timesteps: Saving ./results/nreg_RACMO_cg0_00_a0_05_k0_mu1e1_c1_V1e8_t300/0112 ...
nevis_timesteps: Done
nevis_timesteps: dt = 0.1 ...
nevis_timesteps: Done [ 0.63027 s, 2 iterations ]
nevis_timesteps: t = 11.3 [ / 36.5 ]
Radius of the blister is 3.245.
Volume of the blister is 0.0036814.
nevis_timesteps: Done
nevis_timesteps: Saving ./results/nreg_RACMO_cg0_00_a0_05_k0_mu1e1_c1_V1e8_t300/0113 ...
nevis_timesteps: Done
nevis_timesteps: dt = 0.1 ...
nevis_timesteps: Done [ 0.67411 s, 2 iterations ]
nevis_timesteps: t = 11.4 [ / 36.5 ]
Radius of the blister is 2.9958.
Volume of the blister is 0.0036432.
nevis_timesteps: Done
nevis_timesteps: Saving ./results/nreg_RACMO_cg0_00_a0_05_k0_mu1e1_c1_V1e8_t300/0114 ...
nevis_timesteps: Done
nevis_timesteps: dt = 0.1 ...
nevis_timesteps: Done [ 0.66881 s, 2 iterations ]
nevis_timesteps: t = 11.5 [ / 36.5 ]
Radius of the blister is 5.995.
Volume of the blister is 0.0035887.
nevis_timesteps: Done
nevis_timesteps: Saving ./results/nreg_RACMO_cg0_00_a0_05_k0_mu1e1_c1_V1e8_t300/0115 ...
nevis_timesteps: Done
nevis_timesteps: dt = 0.1 ...
nevis_timesteps: Done [ 0.64404 s, 2 iterations ]
nevis_timesteps: t = 11.6 [ / 36.5 ]
Radius of the blister is 4.5909.
Volume of the blister is 0.0035392.
nevis_timesteps: Done
nevis_timesteps: Saving ./results/nreg_RACMO_cg0_00_a0_05_k0_mu1e1_c1_V1e8_t300/0116 ...
nevis_timesteps: Done
nevis_timesteps: dt = 0.1 ...
nevis_timesteps: Done [ 0.65157 s, 2 iterations ]
nevis_timesteps: t = 11.7 [ / 36.5 ]
Radius of the blister is 7.2477.
Volume of the blister is 0.0036078.
nevis_timesteps: Done
nevis_timesteps: Saving ./results/nreg_RACMO_cg0_00_a0_05_k0_mu1e1_c1_V1e8_t300/0117 ...
nevis_timesteps: Done
nevis_timesteps: dt = 0.1 ...
nevis_timesteps: Done [ 0.61566 s, 2 iterations ]
nevis_timesteps: t = 11.8 [ / 36.5 ]
Radius of the blister is 7.27.
Volume of the blister is 0.0038671.
nevis_timesteps: Done
nevis_timesteps: Saving ./results/nreg_RACMO_cg0_00_a0_05_k0_mu1e1_c1_V1e8_t300/0118 ...
nevis_timesteps: Done
nevis_timesteps: dt = 0.1 ...
nevis_timesteps: Done [ 0.62291 s, 2 iterations ]
nevis_timesteps: t = 11.9 [ / 36.5 ]
Radius of the blister is 6.4001.
Volume of the blister is 0.0038077.
nevis_timesteps: Done
nevis_timesteps: Saving ./results/nreg_RACMO_cg0_00_a0_05_k0_mu1e1_c1_V1e8_t300/0119 ...
nevis_timesteps: Done
nevis_timesteps: dt = 0.1 ...
nevis_timesteps: Done [ 0.63269 s, 2 iterations ]
nevis_timesteps: t = 12 [ / 36.5 ]
Radius of the blister is 6.4001.
Volume of the blister is 0.0038635.
nevis_timesteps: Done
nevis_timesteps: Saving ./results/nreg_RACMO_cg0_00_a0_05_k0_mu1e1_c1_V1e8_t300/0120 ...
nevis_timesteps: Done
nevis_timesteps: dt = 0.1 ...
nevis_timesteps: Done [ 0.61924 s, 2 iterations ]
nevis_timesteps: t = 12.1 [ / 36.5 ]
Radius of the blister is 3.9075.
Volume of the blister is 0.0038156.
nevis_timesteps: Done
nevis_timesteps: Saving ./results/nreg_RACMO_cg0_00_a0_05_k0_mu1e1_c1_V1e8_t300/0121 ...
nevis_timesteps: Done
nevis_timesteps: dt = 0.1 ...
nevis_timesteps: Done [ 0.59653 s, 2 iterations ]
nevis_timesteps: t = 12.2 [ / 36.5 ]
Radius of the blister is 4.753.
Volume of the blister is 0.0037786.
nevis_timesteps: Done
nevis_timesteps: Saving ./results/nreg_RACMO_cg0_00_a0_05_k0_mu1e1_c1_V1e8_t300/0122 ...
nevis_timesteps: Done
nevis_timesteps: dt = 0.1 ...
nevis_timesteps: Done [ 0.58423 s, 2 iterations ]
nevis_timesteps: t = 12.3 [ / 36.5 ]
Radius of the blister is 3.8205.
Volume of the blister is 0.0037439.
nevis_timesteps: Done
nevis_timesteps: Saving ./results/nreg_RACMO_cg0_00_a0_05_k0_mu1e1_c1_V1e8_t300/0123 ...
nevis_timesteps: Done
nevis_timesteps: dt = 0.1 ...
nevis_timesteps: Done [ 0.59336 s, 2 iterations ]
nevis_timesteps: t = 12.4 [ / 36.5 ]
Radius of the blister is 6.0968.
Volume of the blister is 0.0036635.
nevis_timesteps: Done
nevis_timesteps: Saving ./results/nreg_RACMO_cg0_00_a0_05_k0_mu1e1_c1_V1e8_t300/0124 ...
nevis_timesteps: Done
nevis_timesteps: dt = 0.1 ...
nevis_timesteps: Done [ 0.60062 s, 2 iterations ]
nevis_timesteps: t = 12.5 [ / 36.5 ]
Radius of the blister is 6.28.
Volume of the blister is 0.0036184.
nevis_timesteps: Done
nevis_timesteps: Saving ./results/nreg_RACMO_cg0_00_a0_05_k0_mu1e1_c1_V1e8_t300/0125 ...
nevis_timesteps: Done
nevis_timesteps: dt = 0.1 ...
nevis_timesteps: Done [ 0.59479 s, 2 iterations ]
nevis_timesteps: t = 12.6 [ / 36.5 ]
Radius of the blister is 0.60374.
Volume of the blister is 0.0035871.
nevis_timesteps: Done
nevis_timesteps: Saving ./results/nreg_RACMO_cg0_00_a0_05_k0_mu1e1_c1_V1e8_t300/0126 ...
nevis_timesteps: Done
nevis_timesteps: dt = 0.1 ...
nevis_timesteps: Done [ 0.59538 s, 2 iterations ]
nevis_timesteps: t = 12.7 [ / 36.5 ]
Radius of the blister is 4.633.
Volume of the blister is 0.0035624.
nevis_timesteps: Done
nevis_timesteps: Saving ./results/nreg_RACMO_cg0_00_a0_05_k0_mu1e1_c1_V1e8_t300/0127 ...
nevis_timesteps: Done
nevis_timesteps: dt = 0.1 ...
nevis_timesteps: Done [ 0.60245 s, 2 iterations ]
nevis_timesteps: t = 12.8 [ / 36.5 ]
Radius of the blister is 4.633.
Volume of the blister is 0.0034941.
nevis_timesteps: Done
nevis_timesteps: Saving ./results/nreg_RACMO_cg0_00_a0_05_k0_mu1e1_c1_V1e8_t300/0128 ...
nevis_timesteps: Done
nevis_timesteps: dt = 0.1 ...
nevis_timesteps: Done [ 0.59566 s, 2 iterations ]
nevis_timesteps: t = 12.9 [ / 36.5 ]
Radius of the blister is 5.6764.
Volume of the blister is 0.003437.
nevis_timesteps: Done
nevis_timesteps: Saving ./results/nreg_RACMO_cg0_00_a0_05_k0_mu1e1_c1_V1e8_t300/0129 ...
nevis_timesteps: Done
nevis_timesteps: dt = 0.1 ...
nevis_timesteps: Done [ 0.61068 s, 2 iterations ]
nevis_timesteps: t = 13 [ / 36.5 ]
Radius of the blister is 0.60374.
Volume of the blister is 0.0033729.
nevis_timesteps: Done
nevis_timesteps: Saving ./results/nreg_RACMO_cg0_00_a0_05_k0_mu1e1_c1_V1e8_t300/0130 ...
nevis_timesteps: Done
nevis_timesteps: dt = 0.1 ...
nevis_timesteps: Done [ 0.64808 s, 2 iterations ]
nevis_timesteps: t = 13.1 [ / 36.5 ]
Radius of the blister is 0.60374.
Volume of the blister is 0.003426.
nevis_timesteps: Done
nevis_timesteps: Saving ./results/nreg_RACMO_cg0_00_a0_05_k0_mu1e1_c1_V1e8_t300/0131 ...
nevis_timesteps: Done
nevis_timesteps: dt = 0.1 ...
nevis_timesteps: Done [ 0.62232 s, 2 iterations ]
nevis_timesteps: t = 13.2 [ / 36.5 ]
Radius of the blister is 3.3603.
Volume of the blister is 0.0033687.
nevis_timesteps: Done
nevis_timesteps: Saving ./results/nreg_RACMO_cg0_00_a0_05_k0_mu1e1_c1_V1e8_t300/0132 ...
nevis_timesteps: Done
nevis_timesteps: dt = 0.1 ...
nevis_timesteps: Done [ 0.62935 s, 2 iterations ]
nevis_timesteps: t = 13.3 [ / 36.5 ]
Radius of the blister is 6.6411.
Volume of the blister is 0.0033242.
nevis_timesteps: Done
nevis_timesteps: Saving ./results/nreg_RACMO_cg0_00_a0_05_k0_mu1e1_c1_V1e8_t300/0133 ...
nevis_timesteps: Done
nevis_timesteps: dt = 0.1 ...
nevis_timesteps: Done [ 0.62171 s, 2 iterations ]
nevis_timesteps: t = 13.4 [ / 36.5 ]
Radius of the blister is 6.5304.
Volume of the blister is 0.0032775.
nevis_timesteps: Done
nevis_timesteps: Saving ./results/nreg_RACMO_cg0_00_a0_05_k0_mu1e1_c1_V1e8_t300/0134 ...
nevis_timesteps: Done
nevis_timesteps: dt = 0.1 ...
nevis_timesteps: Done [ 0.62585 s, 2 iterations ]
nevis_timesteps: t = 13.5 [ / 36.5 ]
Radius of the blister is 6.5304.
Volume of the blister is 0.0032473.
nevis_timesteps: Done
nevis_timesteps: Saving ./results/nreg_RACMO_cg0_00_a0_05_k0_mu1e1_c1_V1e8_t300/0135 ...
nevis_timesteps: Done
nevis_timesteps: dt = 0.1 ...
nevis_timesteps: Done [ 0.60668 s, 2 iterations ]
nevis_timesteps: t = 13.6 [ / 36.5 ]
Radius of the blister is 4.5838.
Volume of the blister is 0.0032062.
nevis_timesteps: Done
nevis_timesteps: Saving ./results/nreg_RACMO_cg0_00_a0_05_k0_mu1e1_c1_V1e8_t300/0136 ...
nevis_timesteps: Done
nevis_timesteps: dt = 0.1 ...
nevis_timesteps: Done [ 0.60776 s, 2 iterations ]
nevis_timesteps: t = 13.7 [ / 36.5 ]
Radius of the blister is 4.5838.
Volume of the blister is 0.0031553.
nevis_timesteps: Done
nevis_timesteps: Saving ./results/nreg_RACMO_cg0_00_a0_05_k0_mu1e1_c1_V1e8_t300/0137 ...
nevis_timesteps: Done
nevis_timesteps: dt = 0.1 ...
nevis_timesteps: Done [ 1.0257 s, 3 iterations ]
nevis_timesteps: t = 13.8 [ / 36.5 ]
Radius of the blister is 4.8341.
Volume of the blister is 0.0041334.
nevis_timesteps: Done
nevis_timesteps: Saving ./results/nreg_RACMO_cg0_00_a0_05_k0_mu1e1_c1_V1e8_t300/0138 ...
nevis_timesteps: Done
nevis_timesteps: dt = 0.1 ...
nevis_timesteps: Done [ 2.972 s, 6 iterations ]
nevis_timesteps: t = 13.9 [ / 36.5 ]
Radius of the blister is 3.8184.
Volume of the blister is 0.01343.
nevis_timesteps: Done
nevis_timesteps: Saving ./results/nreg_RACMO_cg0_00_a0_05_k0_mu1e1_c1_V1e8_t300/0139 ...
nevis_timesteps: Done
nevis_timesteps: dt = 0.1 ...
[Warning: Matrix is singular to working precision.] 
[> In nevis_timestep (line 157)
In nevis_timesteps (line 244)
In nreg_RACMO_cg0_00_a0_05_k0_mu1e1_c1_V1e8_t300 (line 173)
] 
 Aborting Newton step : NaN returned
nevis_timesteps: dt = 0.1 ...
[Warning: Matrix is singular to working precision.] 
[> In nevis_timestep (line 157)
In nevis_timesteps (line 244)
In nreg_RACMO_cg0_00_a0_05_k0_mu1e1_c1_V1e8_t300 (line 173)
] 
 Aborting Newton step : NaN returned
nevis_timesteps: dt = 0.1 ...
[Warning: Matrix is singular to working precision.] 
[> In nevis_timestep (line 157)
In nevis_timesteps (line 244)
In nreg_RACMO_cg0_00_a0_05_k0_mu1e1_c1_V1e8_t300 (line 173)
] 
 Aborting Newton step : NaN returned
nevis_timesteps: dt = 0.1 ...
[Warning: Matrix is singular to working precision.] 
[> In nevis_timestep (line 157)
In nevis_timesteps (line 244)
In nreg_RACMO_cg0_00_a0_05_k0_mu1e1_c1_V1e8_t300 (line 173)
] 
 Aborting Newton step : NaN returned
nevis_timesteps: dt = 0.1 ...
[Warning: Matrix is singular to working precision.] 
[> In nevis_timestep (line 157)
In nevis_timesteps (line 244)
In nreg_RACMO_cg0_00_a0_05_k0_mu1e1_c1_V1e8_t300 (line 173)
] 
 Aborting Newton step : NaN returned
nevis_timesteps: dt = 0.1 ...
[Warning: Matrix is singular to working precision.] 
[> In nevis_timestep (line 157)
In nevis_timesteps (line 244)
In nreg_RACMO_cg0_00_a0_05_k0_mu1e1_c1_V1e8_t300 (line 173)
] 
 Aborting Newton step : NaN returned
nevis_timesteps: dt = 0.1 ...
[Warning: Matrix is singular to working precision.] 
[> In nevis_timestep (line 157)
In nevis_timesteps (line 244)
In nreg_RACMO_cg0_00_a0_05_k0_mu1e1_c1_V1e8_t300 (line 173)
] 
 Aborting Newton step : NaN returned
nevis_timesteps: dt = 0.1 ...
[Warning: Matrix is singular to working precision.] 
[> In nevis_timestep (line 157)
In nevis_timesteps (line 244)
In nreg_RACMO_cg0_00_a0_05_k0_mu1e1_c1_V1e8_t300 (line 173)
] 
 Aborting Newton step : NaN returned
nevis_timesteps: dt = 0.1 ...
[Warning: Matrix is singular to working precision.] 
[> In nevis_timestep (line 157)
In nevis_timesteps (line 244)
In nreg_RACMO_cg0_00_a0_05_k0_mu1e1_c1_V1e8_t300 (line 173)
] 
 Aborting Newton step : NaN returned
nevis_timesteps: dt = 0.1 ...
[Warning: Matrix is singular to working precision.] 
[> In nevis_timestep (line 157)
In nevis_timesteps (line 244)
In nreg_RACMO_cg0_00_a0_05_k0_mu1e1_c1_V1e8_t300 (line 173)
] 
 Aborting Newton step : NaN returned
nevis_timesteps: dt = 0.1 ...
[Warning: Matrix is singular to working precision.] 
[> In nevis_timestep (line 157)
In nevis_timesteps (line 244)
In nreg_RACMO_cg0_00_a0_05_k0_mu1e1_c1_V1e8_t300 (line 173)
] 
 Aborting Newton step : NaN returned
nevis_timesteps: dt = 0.1 ...
[Warning: Matrix is singular to working precision.] 
[> In nevis_timestep (line 157)
In nevis_timesteps (line 244)
In nreg_RACMO_cg0_00_a0_05_k0_mu1e1_c1_V1e8_t300 (line 173)
] 
 Aborting Newton step : NaN returned
nevis_timesteps: dt = 0.1 ...
[Warning: Matrix is singular to working precision.] 
[> In nevis_timestep (line 157)
In nevis_timesteps (line 244)
In nreg_RACMO_cg0_00_a0_05_k0_mu1e1_c1_V1e8_t300 (line 173)
] 
 Aborting Newton step : NaN returned
nevis_timesteps: dt = 0.1 ...
[Warning: Matrix is singular to working precision.] 
[> In nevis_timestep (line 157)
In nevis_timesteps (line 244)
In nreg_RACMO_cg0_00_a0_05_k0_mu1e1_c1_V1e8_t300 (line 173)
] 
 Aborting Newton step : NaN returned
nevis_timesteps: dt = 0.1 ...
[Warning: Matrix is singular to working precision.] 
[> In nevis_timestep (line 157)
In nevis_timesteps (line 244)
In nreg_RACMO_cg0_00_a0_05_k0_mu1e1_c1_V1e8_t300 (line 173)
] 
 Aborting Newton step : NaN returned
nevis_timesteps: dt = 0.1 ...
[Warning: Matrix is singular to working precision.] 
[> In nevis_timestep (line 157)
In nevis_timesteps (line 244)
In nreg_RACMO_cg0_00_a0_05_k0_mu1e1_c1_V1e8_t300 (line 173)
] 
 Aborting Newton step : NaN returned
nevis_timesteps: dt = 0.1 ...
[Warning: Matrix is singular to working precision.] 
[> In nevis_timestep (line 157)
In nevis_timesteps (line 244)
In nreg_RACMO_cg0_00_a0_05_k0_mu1e1_c1_V1e8_t300 (line 173)
] 
 Aborting Newton step : NaN returned
nevis_timesteps: dt = 0.1 ...
[Warning: Matrix is singular to working precision.] 
[> In nevis_timestep (line 157)
In nevis_timesteps (line 244)
In nreg_RACMO_cg0_00_a0_05_k0_mu1e1_c1_V1e8_t300 (line 173)
] 
 Aborting Newton step : NaN returned
nevis_timesteps: dt = 0.1 ...
[Warning: Matrix is singular to working precision.] 
[> In nevis_timestep (line 157)
In nevis_timesteps (line 244)
In nreg_RACMO_cg0_00_a0_05_k0_mu1e1_c1_V1e8_t300 (line 173)
] 
 Aborting Newton step : NaN returned
nevis_timesteps: dt = 0.1 ...
[Warning: Matrix is singular to working precision.] 
[> In nevis_timestep (line 157)
In nevis_timesteps (line 244)
In nreg_RACMO_cg0_00_a0_05_k0_mu1e1_c1_V1e8_t300 (line 173)
] 
 Aborting Newton step : NaN returned
nevis_timesteps: dt = 0.1 ...
[Warning: Matrix is singular to working precision.] 
[> In nevis_timestep (line 157)
In nevis_timesteps (line 244)
In nreg_RACMO_cg0_00_a0_05_k0_mu1e1_c1_V1e8_t300 (line 173)
] 
 Aborting Newton step : NaN returned
nevis_timesteps: dt = 0.1 ...
[Warning: Matrix is singular to working precision.] 
[> In nevis_timestep (line 157)
In nevis_timesteps (line 244)
In nreg_RACMO_cg0_00_a0_05_k0_mu1e1_c1_V1e8_t300 (line 173)
] 
 Aborting Newton step : NaN returned
nevis_timesteps: dt = 0.1 ...
[Warning: Matrix is singular to working precision.] 
[> In nevis_timestep (line 157)
In nevis_timesteps (line 244)
In nreg_RACMO_cg0_00_a0_05_k0_mu1e1_c1_V1e8_t300 (line 173)
] 
 Aborting Newton step : NaN returned
nevis_timesteps: dt = 0.1 ...
[Warning: Matrix is singular to working precision.] 
[> In nevis_timestep (line 157)
In nevis_timesteps (line 244)
In nreg_RACMO_cg0_00_a0_05_k0_mu1e1_c1_V1e8_t300 (line 173)
] 
 Aborting Newton step : NaN returned
nevis_timesteps: dt = 0.059605 ...
nevis_timesteps: Done [ 122.7162 s, 14 iterations ]
nevis_timesteps: t = 13.9596 [ / 36.5 ]
Radius of the blister is 3.924.
Volume of the blister is 0.067219.
nevis_timesteps: dt = 0.029802 ...
nevis_timesteps: Done [ 1.3766 s, 3 iterations ]
nevis_timesteps: t = 13.9894 [ / 36.5 ]
Radius of the blister is 7.9552.
Volume of the blister is 0.069951.
nevis_timesteps: dt = 0.010593 ...
nevis_timesteps: Done [ 0.98931 s, 2 iterations ]
nevis_timesteps: t = 14 [ / 36.5 ]
Radius of the blister is 1.44.
Volume of the blister is 0.070921.
nevis_timesteps: Done
nevis_timesteps: Saving ./results/nreg_RACMO_cg0_00_a0_05_k0_mu1e1_c1_V1e8_t300/0140 ...
nevis_timesteps: Done
nevis_timesteps: dt = 0.059605 ...
nevis_timesteps: Done [ 1.5525 s, 3 iterations ]
nevis_timesteps: t = 14.0596 [ / 36.5 ]
Radius of the blister is 7.9613.
Volume of the blister is 0.076196.
nevis_timesteps: dt = 0.040395 ...
nevis_timesteps: Done [ 1.4645 s, 3 iterations ]
nevis_timesteps: t = 14.1 [ / 36.5 ]
Radius of the blister is 3.8961.
Volume of the blister is 0.089619.
nevis_timesteps: Done
nevis_timesteps: Saving ./results/nreg_RACMO_cg0_00_a0_05_k0_mu1e1_c1_V1e8_t300/0141 ...
nevis_timesteps: Done
nevis_timesteps: dt = 0.059605 ...
nevis_timesteps: Done [ 1.3231 s, 3 iterations ]
nevis_timesteps: t = 14.1596 [ / 36.5 ]
Radius of the blister is 11.0879.
Volume of the blister is 0.10849.
nevis_timesteps: dt = 0.040395 ...
nevis_timesteps: Done [ 3.4331 s, 7 iterations ]
nevis_timesteps: t = 14.2 [ / 36.5 ]
Radius of the blister is 6.1418.
Volume of the blister is 0.21253.
nevis_timesteps: Done
nevis_timesteps: Saving ./results/nreg_RACMO_cg0_00_a0_05_k0_mu1e1_c1_V1e8_t300/0142 ...
nevis_timesteps: Done
nevis_timesteps: dt = 0.059605 ...
[Warning: Matrix is singular to working precision.] 
[> In nevis_timestep (line 157)
In nevis_timesteps (line 244)
In nreg_RACMO_cg0_00_a0_05_k0_mu1e1_c1_V1e8_t300 (line 173)
] 
 Aborting Newton step : NaN returned
nevis_timesteps: dt = 0.029802 ...
nevis_timesteps: Done [ 9.9272 s, 7 iterations ]
nevis_timesteps: t = 14.2298 [ / 36.5 ]
Radius of the blister is 3.4448.
Volume of the blister is 0.28657.
nevis_timesteps: dt = 0.029802 ...
nevis_timesteps: Done [ 2.4158 s, 5 iterations ]
nevis_timesteps: t = 14.2596 [ / 36.5 ]
Radius of the blister is 8.7832.
Volume of the blister is 0.3581.
nevis_timesteps: dt = 0.029802 ...
nevis_timesteps: Done [ 2.4315 s, 5 iterations ]
nevis_timesteps: t = 14.2894 [ / 36.5 ]
Radius of the blister is 3.3603.
Volume of the blister is 0.42922.
nevis_timesteps: dt = 0.010593 ...
nevis_timesteps: Done [ 1.7374 s, 3 iterations ]
nevis_timesteps: t = 14.3 [ / 36.5 ]
Radius of the blister is 1.9983.
Volume of the blister is 0.45382.
nevis_timesteps: Done
nevis_timesteps: Saving ./results/nreg_RACMO_cg0_00_a0_05_k0_mu1e1_c1_V1e8_t300/0143 ...
nevis_timesteps: Done
nevis_timesteps: dt = 0.029802 ...
nevis_timesteps: Done [ 2.402 s, 4 iterations ]
nevis_timesteps: t = 14.3298 [ / 36.5 ]
Radius of the blister is 4.803.
Volume of the blister is 0.51731.
nevis_timesteps: dt = 0.029802 ...
nevis_timesteps: Done [ 2.2048 s, 4 iterations ]
nevis_timesteps: t = 14.3596 [ / 36.5 ]
Radius of the blister is 2.4483.
Volume of the blister is 0.57585.
nevis_timesteps: dt = 0.029802 ...
nevis_timesteps: Done [ 2.2586 s, 4 iterations ]
nevis_timesteps: t = 14.3894 [ / 36.5 ]
Radius of the blister is 3.5932.
Volume of the blister is 0.62162.
nevis_timesteps: dt = 0.010593 ...
nevis_timesteps: Done [ 1.2853 s, 2 iterations ]
nevis_timesteps: t = 14.4 [ / 36.5 ]
Radius of the blister is 4.1488.
Volume of the blister is 0.6375.
nevis_timesteps: Done
nevis_timesteps: Saving ./results/nreg_RACMO_cg0_00_a0_05_k0_mu1e1_c1_V1e8_t300/0144 ...
nevis_timesteps: Done
nevis_timesteps: dt = 0.059605 ...
nevis_timesteps: Done [ 4.3799 s, 8 iterations ]
nevis_timesteps: t = 14.4596 [ / 36.5 ]
Radius of the blister is 6.5922.
Volume of the blister is 0.7097.
nevis_timesteps: dt = 0.040395 ...
nevis_timesteps: Done [ 2.9796 s, 5 iterations ]
nevis_timesteps: t = 14.5 [ / 36.5 ]
Radius of the blister is 6.6387.
Volume of the blister is 0.78906.
nevis_timesteps: Done
nevis_timesteps: Saving ./results/nreg_RACMO_cg0_00_a0_05_k0_mu1e1_c1_V1e8_t300/0145 ...
nevis_timesteps: Done
nevis_timesteps: dt = 0.059605 ...
nevis_timesteps: Done [ 3.3526 s, 5 iterations ]
nevis_timesteps: t = 14.5596 [ / 36.5 ]
Radius of the blister is 3.7971.
Volume of the blister is 0.89619.
nevis_timesteps: dt = 0.040395 ...
nevis_timesteps: Done [ 2.3555 s, 4 iterations ]
nevis_timesteps: t = 14.6 [ / 36.5 ]
Radius of the blister is 5.8941.
Volume of the blister is 0.9207.
nevis_timesteps: Done
nevis_timesteps: Saving ./results/nreg_RACMO_cg0_00_a0_05_k0_mu1e1_c1_V1e8_t300/0146 ...
nevis_timesteps: Done
nevis_timesteps: dt = 0.059605 ...
nevis_timesteps: Done [ 2.988 s, 5 iterations ]
nevis_timesteps: t = 14.6596 [ / 36.5 ]
Radius of the blister is 3.9446.
Volume of the blister is 0.96129.
nevis_timesteps: dt = 0.040395 ...
nevis_timesteps: Done [ 2.4432 s, 4 iterations ]
nevis_timesteps: t = 14.7 [ / 36.5 ]
Radius of the blister is 5.6843.
Volume of the blister is 1.0219.
nevis_timesteps: Done
nevis_timesteps: Saving ./results/nreg_RACMO_cg0_00_a0_05_k0_mu1e1_c1_V1e8_t300/0147 ...
nevis_timesteps: Done
nevis_timesteps: dt = 0.059605 ...
nevis_timesteps: Done [ 3.0236 s, 5 iterations ]
nevis_timesteps: t = 14.7596 [ / 36.5 ]
Radius of the blister is 5.6385.
Volume of the blister is 1.1039.
nevis_timesteps: dt = 0.040395 ...
nevis_timesteps: Done [ 2.8449 s, 4 iterations ]
nevis_timesteps: t = 14.8 [ / 36.5 ]
Radius of the blister is 10.6261.
Volume of the blister is 1.1502.
nevis_timesteps: Done
nevis_timesteps: Saving ./results/nreg_RACMO_cg0_00_a0_05_k0_mu1e1_c1_V1e8_t300/0148 ...
nevis_timesteps: Done
nevis_timesteps: dt = 0.059605 ...
nevis_timesteps: Done [ 3.3641 s, 5 iterations ]
nevis_timesteps: t = 14.8596 [ / 36.5 ]
Radius of the blister is 5.6671.
Volume of the blister is 1.2013.
nevis_timesteps: dt = 0.040395 ...
nevis_timesteps: Done [ 2.7879 s, 4 iterations ]
nevis_timesteps: t = 14.9 [ / 36.5 ]
Radius of the blister is 8.0709.
Volume of the blister is 1.232.
nevis_timesteps: Done
nevis_timesteps: Saving ./results/nreg_RACMO_cg0_00_a0_05_k0_mu1e1_c1_V1e8_t300/0149 ...
nevis_timesteps: Done
nevis_timesteps: dt = 0.059605 ...
nevis_timesteps: Done [ 2.0839 s, 3 iterations ]
nevis_timesteps: t = 14.9596 [ / 36.5 ]
Radius of the blister is 5.1576.
Volume of the blister is 1.2787.
nevis_timesteps: dt = 0.040395 ...
nevis_timesteps: Done [ 3.4017 s, 5 iterations ]
nevis_timesteps: t = 15 [ / 36.5 ]
Radius of the blister is 6.4681.
Volume of the blister is 1.4157.
nevis_timesteps: Done
nevis_timesteps: Saving ./results/nreg_RACMO_cg0_00_a0_05_k0_mu1e1_c1_V1e8_t300/0150 ...
nevis_timesteps: Done
nevis_timesteps: dt = 0.059605 ...
nevis_timesteps: Done [ 4.0326 s, 5 iterations ]
nevis_timesteps: t = 15.0596 [ / 36.5 ]
Radius of the blister is 8.6592.
Volume of the blister is 1.5797.
nevis_timesteps: dt = 0.040395 ...
nevis_timesteps: Done [ 4.0893 s, 6 iterations ]
nevis_timesteps: t = 15.1 [ / 36.5 ]
Radius of the blister is 8.2888.
Volume of the blister is 1.8114.
nevis_timesteps: Done
nevis_timesteps: Saving ./results/nreg_RACMO_cg0_00_a0_05_k0_mu1e1_c1_V1e8_t300/0151 ...
nevis_timesteps: Done
nevis_timesteps: dt = 0.059605 ...
nevis_timesteps: Done [ 5.4534 s, 7 iterations ]
nevis_timesteps: t = 15.1596 [ / 36.5 ]
Radius of the blister is 4.1135.
Volume of the blister is 2.1275.
nevis_timesteps: dt = 0.040395 ...
nevis_timesteps: Done [ 6.5325 s, 8 iterations ]
nevis_timesteps: t = 15.2 [ / 36.5 ]
Radius of the blister is 5.2083.
Volume of the blister is 2.5176.
nevis_timesteps: Done
nevis_timesteps: Saving ./results/nreg_RACMO_cg0_00_a0_05_k0_mu1e1_c1_V1e8_t300/0152 ...
nevis_timesteps: Done
nevis_timesteps: dt = 0.059605 ...
**norm_F = 144997461996.2505 exceeds tolerance after 20 Newton iterations
nevis_timesteps: dt = 0.029802 ...
nevis_timesteps: Done [ 21.9335 s, 7 iterations ]
nevis_timesteps: t = 15.2298 [ / 36.5 ]
Radius of the blister is 6.7314.
Volume of the blister is 2.7236.
nevis_timesteps: dt = 0.029802 ...
nevis_timesteps: Done [ 2.7973 s, 4 iterations ]
nevis_timesteps: t = 15.2596 [ / 36.5 ]
Radius of the blister is 9.7902.
Volume of the blister is 2.9532.
nevis_timesteps: dt = 0.029802 ...
nevis_timesteps: Done [ 5.3184 s, 9 iterations ]
nevis_timesteps: t = 15.2894 [ / 36.5 ]
Radius of the blister is 5.394.
Volume of the blister is 3.337.
nevis_timesteps: dt = 0.010593 ...
nevis_timesteps: Done [ 1.4409 s, 3 iterations ]
nevis_timesteps: t = 15.3 [ / 36.5 ]
Radius of the blister is 5.4966.
Volume of the blister is 3.4713.
nevis_timesteps: Done
nevis_timesteps: Saving ./results/nreg_RACMO_cg0_00_a0_05_k0_mu1e1_c1_V1e8_t300/0153 ...
nevis_timesteps: Done
nevis_timesteps: dt = 0.029802 ...
nevis_timesteps: Done [ 2.9868 s, 6 iterations ]
nevis_timesteps: t = 15.3298 [ / 36.5 ]
Radius of the blister is 6.118.
Volume of the blister is 3.8351.
nevis_timesteps: dt = 0.029802 ...
nevis_timesteps: Done [ 2.407 s, 5 iterations ]
nevis_timesteps: t = 15.3596 [ / 36.5 ]
Radius of the blister is 10.5481.
Volume of the blister is 4.1808.
nevis_timesteps: dt = 0.029802 ...
nevis_timesteps: Done [ 2.3334 s, 5 iterations ]
nevis_timesteps: t = 15.3894 [ / 36.5 ]
Radius of the blister is 7.9933.
Volume of the blister is 4.4428.
nevis_timesteps: dt = 0.010593 ...
nevis_timesteps: Done [ 1.4233 s, 3 iterations ]
nevis_timesteps: t = 15.4 [ / 36.5 ]
Radius of the blister is 5.9209.
Volume of the blister is 4.5346.
nevis_timesteps: Done
nevis_timesteps: Saving ./results/nreg_RACMO_cg0_00_a0_05_k0_mu1e1_c1_V1e8_t300/0154 ...
nevis_timesteps: Done
nevis_timesteps: dt = 0.029802 ...
nevis_timesteps: Done [ 2.4127 s, 5 iterations ]
nevis_timesteps: t = 15.4298 [ / 36.5 ]
Radius of the blister is 8.7924.
Volume of the blister is 4.7814.
nevis_timesteps: dt = 0.029802 ...
nevis_timesteps: Done [ 1.9358 s, 4 iterations ]
nevis_timesteps: t = 15.4596 [ / 36.5 ]
Radius of the blister is 6.9323.
Volume of the blister is 5.0174.
nevis_timesteps: dt = 0.029802 ...
nevis_timesteps: Done [ 2.6408 s, 5 iterations ]
nevis_timesteps: t = 15.4894 [ / 36.5 ]
Radius of the blister is 3.7031.
Volume of the blister is 5.2337.
nevis_timesteps: dt = 0.010593 ...
nevis_timesteps: Done [ 1.5449 s, 3 iterations ]
nevis_timesteps: t = 15.5 [ / 36.5 ]
Radius of the blister is 9.4328.
Volume of the blister is 5.3095.
nevis_timesteps: Done
nevis_timesteps: Saving ./results/nreg_RACMO_cg0_00_a0_05_k0_mu1e1_c1_V1e8_t300/0155 ...
nevis_timesteps: Done
nevis_timesteps: dt = 0.029802 ...
nevis_timesteps: Done [ 3.007 s, 6 iterations ]
nevis_timesteps: t = 15.5298 [ / 36.5 ]
Radius of the blister is 5.6814.
Volume of the blister is 5.4777.
nevis_timesteps: dt = 0.029802 ...
nevis_timesteps: Done [ 2.7423 s, 4 iterations ]
nevis_timesteps: t = 15.5596 [ / 36.5 ]
Radius of the blister is 5.7212.
Volume of the blister is 5.6615.
nevis_timesteps: dt = 0.029802 ...
nevis_timesteps: Done [ 3.2838 s, 5 iterations ]
nevis_timesteps: t = 15.5894 [ / 36.5 ]
Radius of the blister is 1.9922.
Volume of the blister is 5.86.
nevis_timesteps: dt = 0.010593 ...
nevis_timesteps: Done [ 1.8428 s, 3 iterations ]
nevis_timesteps: t = 15.6 [ / 36.5 ]
Radius of the blister is 1.5087.
Volume of the blister is 5.9293.
nevis_timesteps: Done
nevis_timesteps: Saving ./results/nreg_RACMO_cg0_00_a0_05_k0_mu1e1_c1_V1e8_t300/0156 ...
nevis_timesteps: Done
nevis_timesteps: dt = 0.029802 ...
nevis_timesteps: Done [ 2.6339 s, 4 iterations ]
nevis_timesteps: t = 15.6298 [ / 36.5 ]
Radius of the blister is 6.9154.
Volume of the blister is 6.099.
nevis_timesteps: dt = 0.029802 ...
nevis_timesteps: Done [ 2.4786 s, 4 iterations ]
nevis_timesteps: t = 15.6596 [ / 36.5 ]
Radius of the blister is 3.6235.
Volume of the blister is 6.2659.
nevis_timesteps: dt = 0.029802 ...
nevis_timesteps: Done [ 5.8027 s, 9 iterations ]
nevis_timesteps: t = 15.6894 [ / 36.5 ]
Radius of the blister is 3.2512.
Volume of the blister is 6.5239.
nevis_timesteps: dt = 0.010593 ...
nevis_timesteps: Done [ 1.9635 s, 3 iterations ]
nevis_timesteps: t = 15.7 [ / 36.5 ]
Radius of the blister is 2.7944.
Volume of the blister is 6.6146.
nevis_timesteps: Done
nevis_timesteps: Saving ./results/nreg_RACMO_cg0_00_a0_05_k0_mu1e1_c1_V1e8_t300/0157 ...
nevis_timesteps: Done
nevis_timesteps: dt = 0.029802 ...
nevis_timesteps: Done [ 3.3828 s, 5 iterations ]
nevis_timesteps: t = 15.7298 [ / 36.5 ]
Radius of the blister is 8.6198.
Volume of the blister is 6.8815.
nevis_timesteps: dt = 0.029802 ...
nevis_timesteps: Done [ 2.8516 s, 4 iterations ]
nevis_timesteps: t = 15.7596 [ / 36.5 ]
Radius of the blister is 9.5874.
Volume of the blister is 7.1343.
nevis_timesteps: dt = 0.029802 ...
nevis_timesteps: Done [ 2.8704 s, 4 iterations ]
nevis_timesteps: t = 15.7894 [ / 36.5 ]
Radius of the blister is 6.6897.
Volume of the blister is 6.8959.
nevis_timesteps: dt = 0.010593 ...
nevis_timesteps: Done [ 2.1735 s, 3 iterations ]
nevis_timesteps: t = 15.8 [ / 36.5 ]
Radius of the blister is 9.5536.
Volume of the blister is 6.813.
nevis_timesteps: Done
nevis_timesteps: Saving ./results/nreg_RACMO_cg0_00_a0_05_k0_mu1e1_c1_V1e8_t300/0158 ...
nevis_timesteps: Done
nevis_timesteps: dt = 0.029802 ...
nevis_timesteps: Done [ 4.4415 s, 6 iterations ]
nevis_timesteps: t = 15.8298 [ / 36.5 ]
Radius of the blister is 4.9598.
Volume of the blister is 6.5411.
nevis_timesteps: dt = 0.029802 ...
nevis_timesteps: Done [ 3.0351 s, 4 iterations ]
nevis_timesteps: t = 15.8596 [ / 36.5 ]
Radius of the blister is 6.4449.
Volume of the blister is 6.3309.
nevis_timesteps: dt = 0.029802 ...
nevis_timesteps: Done [ 3.5102 s, 5 iterations ]
nevis_timesteps: t = 15.8894 [ / 36.5 ]
Radius of the blister is 4.8466.
Volume of the blister is 6.4281.
nevis_timesteps: dt = 0.010593 ...
nevis_timesteps: Done [ 1.4587 s, 2 iterations ]
nevis_timesteps: t = 15.9 [ / 36.5 ]
Radius of the blister is 4.2643.
Volume of the blister is 6.4628.
nevis_timesteps: Done
nevis_timesteps: Saving ./results/nreg_RACMO_cg0_00_a0_05_k0_mu1e1_c1_V1e8_t300/0159 ...
nevis_timesteps: Done
nevis_timesteps: dt = 0.059605 ...
nevis_timesteps: Done [ 7.8508 s, 11 iterations ]
nevis_timesteps: t = 15.9596 [ / 36.5 ]
Radius of the blister is 7.945.
Volume of the blister is 6.6674.
nevis_timesteps: dt = 0.029802 ...
nevis_timesteps: Done [ 2.8157 s, 4 iterations ]
nevis_timesteps: t = 15.9894 [ / 36.5 ]
Radius of the blister is 8.8548.
Volume of the blister is 6.5851.
nevis_timesteps: dt = 0.010593 ...
nevis_timesteps: Done [ 1.519 s, 2 iterations ]
nevis_timesteps: t = 16 [ / 36.5 ]
Radius of the blister is 8.0825.
Volume of the blister is 6.5564.
nevis_timesteps: Done
nevis_timesteps: Saving ./results/nreg_RACMO_cg0_00_a0_05_k0_mu1e1_c1_V1e8_t300/0160 ...
nevis_timesteps: Done
nevis_timesteps: dt = 0.059605 ...
nevis_timesteps: Done [ 2.8857 s, 4 iterations ]
nevis_timesteps: t = 16.0596 [ / 36.5 ]
Radius of the blister is 8.0825.
Volume of the blister is 6.43.
nevis_timesteps: dt = 0.040395 ...
nevis_timesteps: Done [ 3.5645 s, 5 iterations ]
nevis_timesteps: t = 16.1 [ / 36.5 ]
Radius of the blister is 7.7843.
Volume of the blister is 6.4628.
nevis_timesteps: Done
nevis_timesteps: Saving ./results/nreg_RACMO_cg0_00_a0_05_k0_mu1e1_c1_V1e8_t300/0161 ...
nevis_timesteps: Done
nevis_timesteps: dt = 0.059605 ...
nevis_timesteps: Done [ 3.6563 s, 5 iterations ]
nevis_timesteps: t = 16.1596 [ / 36.5 ]
Radius of the blister is 9.022.
Volume of the blister is 6.5179.
nevis_timesteps: dt = 0.040395 ...
nevis_timesteps: Done [ 2.8719 s, 4 iterations ]
nevis_timesteps: t = 16.2 [ / 36.5 ]
Radius of the blister is 10.4725.
Volume of the blister is 6.781.
nevis_timesteps: Done
nevis_timesteps: Saving ./results/nreg_RACMO_cg0_00_a0_05_k0_mu1e1_c1_V1e8_t300/0162 ...
nevis_timesteps: Done
nevis_timesteps: dt = 0.059605 ...
nevis_timesteps: Done [ 2.9318 s, 4 iterations ]
nevis_timesteps: t = 16.2596 [ / 36.5 ]
Radius of the blister is 7.8279.
Volume of the blister is 7.1308.
nevis_timesteps: dt = 0.040395 ...
nevis_timesteps: Done [ 3.0277 s, 4 iterations ]
nevis_timesteps: t = 16.3 [ / 36.5 ]
Radius of the blister is 10.44.
Volume of the blister is 7.3767.
nevis_timesteps: Done
nevis_timesteps: Saving ./results/nreg_RACMO_cg0_00_a0_05_k0_mu1e1_c1_V1e8_t300/0163 ...
nevis_timesteps: Done
nevis_timesteps: dt = 0.059605 ...
nevis_timesteps: Done [ 6.3294 s, 8 iterations ]
nevis_timesteps: t = 16.3596 [ / 36.5 ]
Radius of the blister is 10.0623.
Volume of the blister is 7.6977.
nevis_timesteps: dt = 0.040395 ...
nevis_timesteps: Done [ 3.7487 s, 5 iterations ]
nevis_timesteps: t = 16.4 [ / 36.5 ]
Radius of the blister is 7.6648.
Volume of the blister is 7.919.
nevis_timesteps: Done
nevis_timesteps: Saving ./results/nreg_RACMO_cg0_00_a0_05_k0_mu1e1_c1_V1e8_t300/0164 ...
nevis_timesteps: Done
nevis_timesteps: dt = 0.059605 ...
[Warning: Matrix is singular to working precision.] 
[> In nevis_timestep (line 157)
In nevis_timesteps (line 244)
In nreg_RACMO_cg0_00_a0_05_k0_mu1e1_c1_V1e8_t300 (line 173)
] 
 Aborting Newton step : NaN returned
nevis_timesteps: dt = 0.029802 ...
nevis_timesteps: Done [ 11.0264 s, 3 iterations ]
nevis_timesteps: t = 16.4298 [ / 36.5 ]
Radius of the blister is 9.0449.
Volume of the blister is 8.0732.
nevis_timesteps: dt = 0.029802 ...
nevis_timesteps: Done [ 2.9284 s, 4 iterations ]
nevis_timesteps: t = 16.4596 [ / 36.5 ]
Radius of the blister is 9.0449.
Volume of the blister is 8.2151.
nevis_timesteps: dt = 0.029802 ...
nevis_timesteps: Done [ 2.969 s, 4 iterations ]
nevis_timesteps: t = 16.4894 [ / 36.5 ]
Radius of the blister is 7.7133.
Volume of the blister is 8.3378.
nevis_timesteps: dt = 0.010593 ...
nevis_timesteps: Done [ 2.2645 s, 3 iterations ]
nevis_timesteps: t = 16.5 [ / 36.5 ]
Radius of the blister is 9.0202.
Volume of the blister is 8.3799.
nevis_timesteps: Done
nevis_timesteps: Saving ./results/nreg_RACMO_cg0_00_a0_05_k0_mu1e1_c1_V1e8_t300/0165 ...
nevis_timesteps: Done
nevis_timesteps: dt = 0.029802 ...
nevis_timesteps: Done [ 3.0295 s, 4 iterations ]
nevis_timesteps: t = 16.5298 [ / 36.5 ]
Radius of the blister is 10.0961.
Volume of the blister is 8.4876.
nevis_timesteps: dt = 0.029802 ...
nevis_timesteps: Done [ 2.9175 s, 4 iterations ]
nevis_timesteps: t = 16.5596 [ / 36.5 ]
Radius of the blister is 10.0961.
Volume of the blister is 8.5852.
nevis_timesteps: dt = 0.029802 ...
nevis_timesteps: Done [ 2.1873 s, 3 iterations ]
nevis_timesteps: t = 16.5894 [ / 36.5 ]
Radius of the blister is 10.0961.
Volume of the blister is 8.7037.
nevis_timesteps: dt = 0.010593 ...
nevis_timesteps: Done [ 2.3519 s, 3 iterations ]
nevis_timesteps: t = 16.6 [ / 36.5 ]
Radius of the blister is 10.0961.
Volume of the blister is 8.7444.
nevis_timesteps: Done
nevis_timesteps: Saving ./results/nreg_RACMO_cg0_00_a0_05_k0_mu1e1_c1_V1e8_t300/0166 ...
nevis_timesteps: Done
nevis_timesteps: dt = 0.029802 ...
nevis_timesteps: Done [ 3.1124 s, 4 iterations ]
nevis_timesteps: t = 16.6298 [ / 36.5 ]
Radius of the blister is 10.0961.
Volume of the blister is 8.8484.
nevis_timesteps: dt = 0.029802 ...
nevis_timesteps: Done [ 4.3766 s, 6 iterations ]
nevis_timesteps: t = 16.6596 [ / 36.5 ]
Radius of the blister is 10.3167.
Volume of the blister is 8.9524.
nevis_timesteps: dt = 0.029802 ...
nevis_timesteps: Done [ 3.5323 s, 5 iterations ]
nevis_timesteps: t = 16.6894 [ / 36.5 ]
Radius of the blister is 10.7974.
Volume of the blister is 9.1024.
nevis_timesteps: dt = 0.010593 ...
nevis_timesteps: Done [ 2.1664 s, 3 iterations ]
nevis_timesteps: t = 16.7 [ / 36.5 ]
Radius of the blister is 10.7974.
Volume of the blister is 9.154.
nevis_timesteps: Done
nevis_timesteps: Saving ./results/nreg_RACMO_cg0_00_a0_05_k0_mu1e1_c1_V1e8_t300/0167 ...
nevis_timesteps: Done
nevis_timesteps: dt = 0.029802 ...
nevis_timesteps: Done [ 2.2819 s, 3 iterations ]
nevis_timesteps: t = 16.7298 [ / 36.5 ]
Radius of the blister is 7.5963.
Volume of the blister is 9.2885.
nevis_timesteps: dt = 0.029802 ...
nevis_timesteps: Done [ 2.9794 s, 4 iterations ]
nevis_timesteps: t = 16.7596 [ / 36.5 ]
Radius of the blister is 10.5007.
Volume of the blister is 9.4129.
nevis_timesteps: dt = 0.029802 ...
nevis_timesteps: Done [ 2.2906 s, 3 iterations ]
nevis_timesteps: t = 16.7894 [ / 36.5 ]
Radius of the blister is 7.8321.
Volume of the blister is 9.581.
nevis_timesteps: dt = 0.010593 ...
nevis_timesteps: Done [ 1.517 s, 2 iterations ]
nevis_timesteps: t = 16.8 [ / 36.5 ]
Radius of the blister is 8.8804.
Volume of the blister is 9.6391.
nevis_timesteps: Done
nevis_timesteps: Saving ./results/nreg_RACMO_cg0_00_a0_05_k0_mu1e1_c1_V1e8_t300/0168 ...
nevis_timesteps: Done
nevis_timesteps: dt = 0.059605 ...
nevis_timesteps: Done [ 3.0864 s, 4 iterations ]
nevis_timesteps: t = 16.8596 [ / 36.5 ]
Radius of the blister is 8.7356.
Volume of the blister is 9.9198.
nevis_timesteps: dt = 0.040395 ...
nevis_timesteps: Done [ 3.6879 s, 5 iterations ]
nevis_timesteps: t = 16.9 [ / 36.5 ]
Radius of the blister is 10.8094.
Volume of the blister is 10.0978.
nevis_timesteps: Done
nevis_timesteps: Saving ./results/nreg_RACMO_cg0_00_a0_05_k0_mu1e1_c1_V1e8_t300/0169 ...
nevis_timesteps: Done
nevis_timesteps: dt = 0.059605 ...
**norm_F = 4980307912.0264 exceeds tolerance after 20 Newton iterations
nevis_timesteps: dt = 0.029802 ...
nevis_timesteps: Done [ 17.1417 s, 4 iterations ]
nevis_timesteps: t = 16.9298 [ / 36.5 ]
Radius of the blister is 9.1114.
Volume of the blister is 10.2235.
nevis_timesteps: dt = 0.029802 ...
nevis_timesteps: Done [ 2.9397 s, 4 iterations ]
nevis_timesteps: t = 16.9596 [ / 36.5 ]
Radius of the blister is 9.635.
Volume of the blister is 10.3422.
nevis_timesteps: dt = 0.029802 ...
nevis_timesteps: Done [ 3.0198 s, 4 iterations ]
nevis_timesteps: t = 16.9894 [ / 36.5 ]
Radius of the blister is 8.2024.
Volume of the blister is 10.5548.
nevis_timesteps: dt = 0.010593 ...
nevis_timesteps: Done [ 3.0141 s, 4 iterations ]
nevis_timesteps: t = 17 [ / 36.5 ]
Radius of the blister is 7.517.
Volume of the blister is 10.6423.
nevis_timesteps: Done
nevis_timesteps: Saving ./results/nreg_RACMO_cg0_00_a0_05_k0_mu1e1_c1_V1e8_t300/0170 ...
nevis_timesteps: Done
nevis_timesteps: dt = 0.029802 ...
nevis_timesteps: Done [ 5.4613 s, 7 iterations ]
nevis_timesteps: t = 17.0298 [ / 36.5 ]
Radius of the blister is 10.0191.
Volume of the blister is 10.8521.
nevis_timesteps: dt = 0.029802 ...
nevis_timesteps: Done [ 3.6902 s, 5 iterations ]
nevis_timesteps: t = 17.0596 [ / 36.5 ]
Radius of the blister is 10.0191.
Volume of the blister is 11.031.
nevis_timesteps: dt = 0.029802 ...
nevis_timesteps: Done [ 2.9501 s, 4 iterations ]
nevis_timesteps: t = 17.0894 [ / 36.5 ]
Radius of the blister is 10.0191.
Volume of the blister is 11.1111.
nevis_timesteps: dt = 0.010593 ...
nevis_timesteps: Done [ 2.2356 s, 3 iterations ]
nevis_timesteps: t = 17.1 [ / 36.5 ]
Radius of the blister is 9.1685.
Volume of the blister is 11.1387.
nevis_timesteps: Done
nevis_timesteps: Saving ./results/nreg_RACMO_cg0_00_a0_05_k0_mu1e1_c1_V1e8_t300/0171 ...
nevis_timesteps: Done
nevis_timesteps: dt = 0.029802 ...
nevis_timesteps: Done [ 3.0409 s, 4 iterations ]
nevis_timesteps: t = 17.1298 [ / 36.5 ]
Radius of the blister is 8.5514.
Volume of the blister is 11.215.
nevis_timesteps: dt = 0.029802 ...
nevis_timesteps: Done [ 3.3089 s, 4 iterations ]
nevis_timesteps: t = 17.1596 [ / 36.5 ]
Radius of the blister is 9.6199.
Volume of the blister is 11.2902.
nevis_timesteps: dt = 0.029802 ...
nevis_timesteps: Done [ 5.3971 s, 7 iterations ]
nevis_timesteps: t = 17.1894 [ / 36.5 ]
Radius of the blister is 8.3395.
Volume of the blister is 11.0015.
nevis_timesteps: dt = 0.010593 ...
nevis_timesteps: Done [ 2.9769 s, 4 iterations ]
nevis_timesteps: t = 17.2 [ / 36.5 ]
Radius of the blister is 8.6198.
Volume of the blister is 10.9066.
nevis_timesteps: Done
nevis_timesteps: Saving ./results/nreg_RACMO_cg0_00_a0_05_k0_mu1e1_c1_V1e8_t300/0172 ...
nevis_timesteps: Done
nevis_timesteps: dt = 0.029802 ...
nevis_timesteps: Done [ 5.4164 s, 7 iterations ]
nevis_timesteps: t = 17.2298 [ / 36.5 ]
Radius of the blister is 11.9974.
Volume of the blister is 10.652.
nevis_timesteps: dt = 0.029802 ...
**norm_F = 19744.5527 exceeds tolerance after 20 Newton iterations
nevis_timesteps: dt = 0.014901 ...
nevis_timesteps: Done [ 18.7407 s, 4 iterations ]
nevis_timesteps: t = 17.2447 [ / 36.5 ]
Radius of the blister is 10.3535.
Volume of the blister is 10.5284.
nevis_timesteps: dt = 0.014901 ...
nevis_timesteps: Done [ 3.371 s, 4 iterations ]
nevis_timesteps: t = 17.2596 [ / 36.5 ]
Radius of the blister is 9.8742.
Volume of the blister is 10.4089.
nevis_timesteps: dt = 0.014901 ...
nevis_timesteps: Done [ 4.8542 s, 6 iterations ]
nevis_timesteps: t = 17.2745 [ / 36.5 ]
Radius of the blister is 9.0512.
Volume of the blister is 10.3464.
nevis_timesteps: dt = 0.014901 ...
nevis_timesteps: Done [ 3.2559 s, 4 iterations ]
nevis_timesteps: t = 17.2894 [ / 36.5 ]
Radius of the blister is 9.0512.
Volume of the blister is 10.2911.
nevis_timesteps: dt = 0.010593 ...
nevis_timesteps: Done [ 2.9482 s, 4 iterations ]
nevis_timesteps: t = 17.3 [ / 36.5 ]
Radius of the blister is 9.0512.
Volume of the blister is 10.2534.
nevis_timesteps: Done
nevis_timesteps: Saving ./results/nreg_RACMO_cg0_00_a0_05_k0_mu1e1_c1_V1e8_t300/0173 ...
nevis_timesteps: Done
nevis_timesteps: dt = 0.014901 ...
nevis_timesteps: Done [ 3.9006 s, 5 iterations ]
nevis_timesteps: t = 17.3149 [ / 36.5 ]
Radius of the blister is 9.0512.
Volume of the blister is 10.2027.
nevis_timesteps: dt = 0.014901 ...
nevis_timesteps: Done [ 3.9195 s, 5 iterations ]
nevis_timesteps: t = 17.3298 [ / 36.5 ]
Radius of the blister is 10.1285.
Volume of the blister is 10.1542.
nevis_timesteps: dt = 0.014901 ...
nevis_timesteps: Done [ 3.8527 s, 5 iterations ]
nevis_timesteps: t = 17.3447 [ / 36.5 ]
Radius of the blister is 10.1285.
Volume of the blister is 10.108.
nevis_timesteps: dt = 0.014901 ...
nevis_timesteps: Done [ 3.0264 s, 4 iterations ]
nevis_timesteps: t = 17.3596 [ / 36.5 ]
Radius of the blister is 9.0512.
Volume of the blister is 10.064.
nevis_timesteps: dt = 0.014901 ...
nevis_timesteps: Done [ 3.759 s, 5 iterations ]
nevis_timesteps: t = 17.3745 [ / 36.5 ]
Radius of the blister is 9.0512.
Volume of the blister is 10.1099.
nevis_timesteps: dt = 0.014901 ...
nevis_timesteps: Done [ 3.02 s, 4 iterations ]
nevis_timesteps: t = 17.3894 [ / 36.5 ]
Radius of the blister is 8.4739.
Volume of the blister is 10.1519.
nevis_timesteps: dt = 0.010593 ...
nevis_timesteps: Done [ 2.3596 s, 3 iterations ]
nevis_timesteps: t = 17.4 [ / 36.5 ]
Radius of the blister is 9.0512.
Volume of the blister is 10.1823.
nevis_timesteps: Done
nevis_timesteps: Saving ./results/nreg_RACMO_cg0_00_a0_05_k0_mu1e1_c1_V1e8_t300/0174 ...
nevis_timesteps: Done
nevis_timesteps: dt = 0.014901 ...
nevis_timesteps: Done [ 2.3955 s, 3 iterations ]
nevis_timesteps: t = 17.4149 [ / 36.5 ]
Radius of the blister is 9.0512.
Volume of the blister is 10.2246.
nevis_timesteps: dt = 0.014901 ...
nevis_timesteps: Done [ 2.4683 s, 3 iterations ]
nevis_timesteps: t = 17.4298 [ / 36.5 ]
Radius of the blister is 8.1384.
Volume of the blister is 10.2659.
nevis_timesteps: dt = 0.014901 ...
nevis_timesteps: Done [ 2.3639 s, 3 iterations ]
nevis_timesteps: t = 17.4447 [ / 36.5 ]
Radius of the blister is 9.0512.
Volume of the blister is 10.3061.
nevis_timesteps: dt = 0.014901 ...
nevis_timesteps: Done [ 3.1464 s, 4 iterations ]
nevis_timesteps: t = 17.4596 [ / 36.5 ]
Radius of the blister is 9.0512.
Volume of the blister is 10.345.
nevis_timesteps: dt = 0.014901 ...
nevis_timesteps: Done [ 3.1558 s, 4 iterations ]
nevis_timesteps: t = 17.4745 [ / 36.5 ]
Radius of the blister is 8.8954.
Volume of the blister is 10.3876.
nevis_timesteps: dt = 0.014901 ...
nevis_timesteps: Done [ 2.4333 s, 3 iterations ]
nevis_timesteps: t = 17.4894 [ / 36.5 ]
Radius of the blister is 9.0512.
Volume of the blister is 10.4303.
nevis_timesteps: dt = 0.010593 ...
nevis_timesteps: Done [ 2.4443 s, 3 iterations ]
nevis_timesteps: t = 17.5 [ / 36.5 ]
Radius of the blister is 9.0512.
Volume of the blister is 10.4647.
nevis_timesteps: Done
nevis_timesteps: Saving ./results/nreg_RACMO_cg0_00_a0_05_k0_mu1e1_c1_V1e8_t300/0175 ...
nevis_timesteps: Done
nevis_timesteps: dt = 0.014901 ...
nevis_timesteps: Done [ 2.4492 s, 3 iterations ]
nevis_timesteps: t = 17.5149 [ / 36.5 ]
Radius of the blister is 9.0512.
Volume of the blister is 10.5112.
nevis_timesteps: dt = 0.014901 ...
nevis_timesteps: Done [ 2.3363 s, 3 iterations ]
nevis_timesteps: t = 17.5298 [ / 36.5 ]
Radius of the blister is 9.0512.
Volume of the blister is 10.5567.
nevis_timesteps: dt = 0.014901 ...
nevis_timesteps: Done [ 2.3954 s, 3 iterations ]
nevis_timesteps: t = 17.5447 [ / 36.5 ]
Radius of the blister is 12.0318.
Volume of the blister is 10.6017.
nevis_timesteps: dt = 0.014901 ...
nevis_timesteps: Done [ 3.19 s, 4 iterations ]
nevis_timesteps: t = 17.5596 [ / 36.5 ]
Radius of the blister is 12.0318.
Volume of the blister is 10.6468.
nevis_timesteps: dt = 0.014901 ...
nevis_timesteps: Done [ 2.3796 s, 3 iterations ]
nevis_timesteps: t = 17.5745 [ / 36.5 ]
Radius of the blister is 9.0512.
Volume of the blister is 10.6872.
nevis_timesteps: dt = 0.014901 ...
nevis_timesteps: Done [ 2.4629 s, 3 iterations ]
nevis_timesteps: t = 17.5894 [ / 36.5 ]
Radius of the blister is 9.031.
Volume of the blister is 10.727.
nevis_timesteps: dt = 0.010593 ...
nevis_timesteps: Done [ 2.5105 s, 3 iterations ]
nevis_timesteps: t = 17.6 [ / 36.5 ]
Radius of the blister is 8.1384.
Volume of the blister is 10.7548.
nevis_timesteps: Done
nevis_timesteps: Saving ./results/nreg_RACMO_cg0_00_a0_05_k0_mu1e1_c1_V1e8_t300/0176 ...
nevis_timesteps: Done
nevis_timesteps: dt = 0.014901 ...
nevis_timesteps: Done [ 3.2524 s, 4 iterations ]
nevis_timesteps: t = 17.6149 [ / 36.5 ]
Radius of the blister is 5.0688.
Volume of the blister is 10.7932.
nevis_timesteps: dt = 0.014901 ...
nevis_timesteps: Done [ 2.4965 s, 3 iterations ]
nevis_timesteps: t = 17.6298 [ / 36.5 ]
Radius of the blister is 10.1285.
Volume of the blister is 10.8309.
nevis_timesteps: dt = 0.014901 ...
nevis_timesteps: Done [ 2.5349 s, 3 iterations ]
nevis_timesteps: t = 17.6447 [ / 36.5 ]
Radius of the blister is 10.1285.
Volume of the blister is 10.8676.
nevis_timesteps: dt = 0.014901 ...
nevis_timesteps: Done [ 3.2815 s, 4 iterations ]
nevis_timesteps: t = 17.6596 [ / 36.5 ]
Radius of the blister is 3.245.
Volume of the blister is 10.9034.
nevis_timesteps: dt = 0.014901 ...
nevis_timesteps: Done [ 3.2051 s, 4 iterations ]
nevis_timesteps: t = 17.6745 [ / 36.5 ]
Radius of the blister is 3.245.
Volume of the blister is 10.8728.
nevis_timesteps: dt = 0.014901 ...
nevis_timesteps: Done [ 2.3534 s, 3 iterations ]
nevis_timesteps: t = 17.6894 [ / 36.5 ]
Radius of the blister is 3.245.
Volume of the blister is 10.8392.
nevis_timesteps: dt = 0.010593 ...
nevis_timesteps: Done [ 3.0843 s, 4 iterations ]
nevis_timesteps: t = 17.7 [ / 36.5 ]
Radius of the blister is 8.3874.
Volume of the blister is 10.8138.
nevis_timesteps: Done
nevis_timesteps: Saving ./results/nreg_RACMO_cg0_00_a0_05_k0_mu1e1_c1_V1e8_t300/0177 ...
nevis_timesteps: Done
nevis_timesteps: dt = 0.014901 ...
nevis_timesteps: Done [ 3.133 s, 4 iterations ]
nevis_timesteps: t = 17.7149 [ / 36.5 ]
Radius of the blister is 7.2471.
Volume of the blister is 10.7759.
nevis_timesteps: dt = 0.014901 ...
nevis_timesteps: Done [ 3.3875 s, 4 iterations ]
nevis_timesteps: t = 17.7298 [ / 36.5 ]
Radius of the blister is 3.245.
Volume of the blister is 10.7365.
nevis_timesteps: dt = 0.014901 ...
nevis_timesteps: Done [ 2.3883 s, 3 iterations ]
nevis_timesteps: t = 17.7447 [ / 36.5 ]
Radius of the blister is 7.9005.
Volume of the blister is 10.6961.
nevis_timesteps: dt = 0.014901 ...
nevis_timesteps: Done [ 3.1321 s, 4 iterations ]
nevis_timesteps: t = 17.7596 [ / 36.5 ]
Radius of the blister is 10.2714.
Volume of the blister is 10.6553.
nevis_timesteps: dt = 0.014901 ...
nevis_timesteps: Done [ 3.2647 s, 4 iterations ]
nevis_timesteps: t = 17.7745 [ / 36.5 ]
Radius of the blister is 10.2714.
Volume of the blister is 10.3996.
nevis_timesteps: dt = 0.014901 ...
nevis_timesteps: Done [ 4.1086 s, 5 iterations ]
nevis_timesteps: t = 17.7894 [ / 36.5 ]
Radius of the blister is 8.4168.
Volume of the blister is 10.1494.
nevis_timesteps: dt = 0.010593 ...
nevis_timesteps: Done [ 2.4245 s, 3 iterations ]
nevis_timesteps: t = 17.8 [ / 36.5 ]
Radius of the blister is 8.0599.
Volume of the blister is 9.981.
nevis_timesteps: Done
nevis_timesteps: Saving ./results/nreg_RACMO_cg0_00_a0_05_k0_mu1e1_c1_V1e8_t300/0178 ...
nevis_timesteps: Done
nevis_timesteps: dt = 0.014901 ...
nevis_timesteps: Done [ 3.2446 s, 4 iterations ]
nevis_timesteps: t = 17.8149 [ / 36.5 ]
Radius of the blister is 9.762.
Volume of the blister is 9.7581.
nevis_timesteps: dt = 0.014901 ...
nevis_timesteps: Done [ 2.4346 s, 3 iterations ]
nevis_timesteps: t = 17.8298 [ / 36.5 ]
Radius of the blister is 9.0512.
Volume of the blister is 9.5472.
nevis_timesteps: dt = 0.014901 ...
nevis_timesteps: Done [ 2.4526 s, 3 iterations ]
nevis_timesteps: t = 17.8447 [ / 36.5 ]
Radius of the blister is 12.0318.
Volume of the blister is 9.35.
nevis_timesteps: dt = 0.014901 ...
nevis_timesteps: Done [ 3.2422 s, 4 iterations ]
nevis_timesteps: t = 17.8596 [ / 36.5 ]
Radius of the blister is 9.0512.
Volume of the blister is 9.1621.
nevis_timesteps: dt = 0.014901 ...
nevis_timesteps: Done [ 3.2798 s, 4 iterations ]
nevis_timesteps: t = 17.8745 [ / 36.5 ]
Radius of the blister is 9.0512.
Volume of the blister is 9.0707.
nevis_timesteps: dt = 0.014901 ...
nevis_timesteps: Done [ 3.4066 s, 4 iterations ]
nevis_timesteps: t = 17.8894 [ / 36.5 ]
Radius of the blister is 9.0512.
Volume of the blister is 8.9798.
nevis_timesteps: dt = 0.010593 ...
nevis_timesteps: Done [ 3.2449 s, 4 iterations ]
nevis_timesteps: t = 17.9 [ / 36.5 ]
Radius of the blister is 9.0512.
Volume of the blister is 8.9237.
nevis_timesteps: Done
nevis_timesteps: Saving ./results/nreg_RACMO_cg0_00_a0_05_k0_mu1e1_c1_V1e8_t300/0179 ...
nevis_timesteps: Done
nevis_timesteps: dt = 0.014901 ...
nevis_timesteps: Done [ 3.4355 s, 4 iterations ]
nevis_timesteps: t = 17.9149 [ / 36.5 ]
Radius of the blister is 10.1285.
Volume of the blister is 8.8447.
nevis_timesteps: dt = 0.014901 ...
nevis_timesteps: Done [ 3.1854 s, 4 iterations ]
nevis_timesteps: t = 17.9298 [ / 36.5 ]
Radius of the blister is 7.815.
Volume of the blister is 8.7653.
nevis_timesteps: dt = 0.014901 ...
nevis_timesteps: Done [ 2.7136 s, 3 iterations ]
nevis_timesteps: t = 17.9447 [ / 36.5 ]
Radius of the blister is 8.0524.
Volume of the blister is 8.6852.
nevis_timesteps: dt = 0.014901 ...
nevis_timesteps: Done [ 3.2857 s, 4 iterations ]
nevis_timesteps: t = 17.9596 [ / 36.5 ]
Radius of the blister is 10.1285.
Volume of the blister is 8.6043.
nevis_timesteps: dt = 0.014901 ...
nevis_timesteps: Done [ 5.6285 s, 7 iterations ]
nevis_timesteps: t = 17.9745 [ / 36.5 ]
Radius of the blister is 5.22.
Volume of the blister is 8.7279.
nevis_timesteps: dt = 0.014901 ...
nevis_timesteps: Done [ 3.2165 s, 4 iterations ]
nevis_timesteps: t = 17.9894 [ / 36.5 ]
Radius of the blister is 6.7716.
Volume of the blister is 8.8484.
nevis_timesteps: dt = 0.010593 ...
nevis_timesteps: Done [ 2.5611 s, 3 iterations ]
nevis_timesteps: t = 18 [ / 36.5 ]
Radius of the blister is 10.0191.
Volume of the blister is 8.9324.
nevis_timesteps: Done
nevis_timesteps: Saving ./results/nreg_RACMO_cg0_00_a0_05_k0_mu1e1_c1_V1e8_t300/0180 ...
nevis_timesteps: Done
nevis_timesteps: dt = 0.014901 ...
nevis_timesteps: Done [ 3.945 s, 5 iterations ]
nevis_timesteps: t = 18.0149 [ / 36.5 ]
Radius of the blister is 7.47.
Volume of the blister is 9.0012.
nevis_timesteps: dt = 0.014901 ...
nevis_timesteps: Done [ 4.8374 s, 5 iterations ]
nevis_timesteps: t = 18.0298 [ / 36.5 ]
Radius of the blister is 10.1285.
Volume of the blister is 9.0833.
nevis_timesteps: dt = 0.014901 ...
nevis_timesteps: Done [ 4.6973 s, 6 iterations ]
nevis_timesteps: t = 18.0447 [ / 36.5 ]
Radius of the blister is 10.1285.
Volume of the blister is 9.1688.
nevis_timesteps: dt = 0.014901 ...
nevis_timesteps: Done [ 2.3326 s, 3 iterations ]
nevis_timesteps: t = 18.0596 [ / 36.5 ]
Radius of the blister is 10.1285.
Volume of the blister is 9.2543.
nevis_timesteps: dt = 0.014901 ...
nevis_timesteps: Done [ 3.8636 s, 5 iterations ]
nevis_timesteps: t = 18.0745 [ / 36.5 ]
Radius of the blister is 10.1285.
Volume of the blister is 9.2293.
nevis_timesteps: dt = 0.014901 ...
nevis_timesteps: Done [ 2.4078 s, 3 iterations ]
nevis_timesteps: t = 18.0894 [ / 36.5 ]
Radius of the blister is 10.1285.
Volume of the blister is 9.2069.
nevis_timesteps: dt = 0.010593 ...
nevis_timesteps: Done [ 3.1546 s, 4 iterations ]
nevis_timesteps: t = 18.1 [ / 36.5 ]
Radius of the blister is 9.866.
Volume of the blister is 9.1919.
nevis_timesteps: Done
nevis_timesteps: Saving ./results/nreg_RACMO_cg0_00_a0_05_k0_mu1e1_c1_V1e8_t300/0181 ...
nevis_timesteps: Done
nevis_timesteps: dt = 0.014901 ...
nevis_timesteps: Done [ 3.0958 s, 4 iterations ]
nevis_timesteps: t = 18.1149 [ / 36.5 ]
Radius of the blister is 7.7431.
Volume of the blister is 9.1721.
nevis_timesteps: dt = 0.014901 ...
nevis_timesteps: Done [ 3.2095 s, 4 iterations ]
nevis_timesteps: t = 18.1298 [ / 36.5 ]
Radius of the blister is 5.6729.
Volume of the blister is 9.1526.
nevis_timesteps: dt = 0.014901 ...
nevis_timesteps: Done [ 3.1823 s, 4 iterations ]
nevis_timesteps: t = 18.1447 [ / 36.5 ]
Radius of the blister is 10.8374.
Volume of the blister is 9.1344.
nevis_timesteps: dt = 0.014901 ...
nevis_timesteps: Done [ 2.3366 s, 3 iterations ]
nevis_timesteps: t = 18.1596 [ / 36.5 ]
Radius of the blister is 10.0191.
Volume of the blister is 9.117.
nevis_timesteps: dt = 0.014901 ...
nevis_timesteps: Done [ 3.0499 s, 4 iterations ]
nevis_timesteps: t = 18.1745 [ / 36.5 ]
Radius of the blister is 8.8535.
Volume of the blister is 9.0228.
nevis_timesteps: dt = 0.014901 ...
nevis_timesteps: Done [ 3.0906 s, 4 iterations ]
nevis_timesteps: t = 18.1894 [ / 36.5 ]
Radius of the blister is 4.5572.
Volume of the blister is 8.9324.
nevis_timesteps: dt = 0.010593 ...
nevis_timesteps: Done [ 3.4238 s, 4 iterations ]
nevis_timesteps: t = 18.2 [ / 36.5 ]
Radius of the blister is 9.1438.
Volume of the blister is 8.87.
nevis_timesteps: Done
nevis_timesteps: Saving ./results/nreg_RACMO_cg0_00_a0_05_k0_mu1e1_c1_V1e8_t300/0182 ...
nevis_timesteps: Done
nevis_timesteps: dt = 0.014901 ...
nevis_timesteps: Done [ 2.4632 s, 3 iterations ]
nevis_timesteps: t = 18.2149 [ / 36.5 ]
Radius of the blister is 9.8894.
Volume of the blister is 8.7857.
nevis_timesteps: dt = 0.014901 ...
nevis_timesteps: Done [ 3.3727 s, 4 iterations ]
nevis_timesteps: t = 18.2298 [ / 36.5 ]
Radius of the blister is 9.8894.
Volume of the blister is 8.7047.
nevis_timesteps: dt = 0.014901 ...
nevis_timesteps: Done [ 3.409 s, 4 iterations ]
nevis_timesteps: t = 18.2447 [ / 36.5 ]
Radius of the blister is 9.8894.
Volume of the blister is 8.6267.
nevis_timesteps: dt = 0.014901 ...
nevis_timesteps: Done [ 3.3515 s, 4 iterations ]
nevis_timesteps: t = 18.2596 [ / 36.5 ]
Radius of the blister is 4.6217.
Volume of the blister is 8.5516.
nevis_timesteps: dt = 0.014901 ...
nevis_timesteps: Done [ 3.2398 s, 4 iterations ]
nevis_timesteps: t = 18.2745 [ / 36.5 ]
Radius of the blister is 9.8894.
Volume of the blister is 8.5093.
nevis_timesteps: dt = 0.014901 ...
nevis_timesteps: Done [ 2.6642 s, 3 iterations ]
nevis_timesteps: t = 18.2894 [ / 36.5 ]
Radius of the blister is 9.3118.
Volume of the blister is 8.4674.
nevis_timesteps: dt = 0.010593 ...
nevis_timesteps: Done [ 3.2448 s, 4 iterations ]
nevis_timesteps: t = 18.3 [ / 36.5 ]
Radius of the blister is 7.973.
Volume of the blister is 8.4368.
nevis_timesteps: Done
nevis_timesteps: Saving ./results/nreg_RACMO_cg0_00_a0_05_k0_mu1e1_c1_V1e8_t300/0183 ...
nevis_timesteps: Done
nevis_timesteps: dt = 0.014901 ...
nevis_timesteps: Done [ 3.1428 s, 4 iterations ]
nevis_timesteps: t = 18.3149 [ / 36.5 ]
Radius of the blister is 9.022.
Volume of the blister is 8.3951.
nevis_timesteps: dt = 0.014901 ...
nevis_timesteps: Done [ 4.1901 s, 5 iterations ]
nevis_timesteps: t = 18.3298 [ / 36.5 ]
Radius of the blister is 2.9958.
Volume of the blister is 8.3536.
nevis_timesteps: dt = 0.014901 ...
nevis_timesteps: Done [ 2.4307 s, 3 iterations ]
nevis_timesteps: t = 18.3447 [ / 36.5 ]
Radius of the blister is 3.0454.
Volume of the blister is 8.3125.
nevis_timesteps: dt = 0.014901 ...
nevis_timesteps: Done [ 3.9091 s, 5 iterations ]
nevis_timesteps: t = 18.3596 [ / 36.5 ]
Radius of the blister is 12.0318.
Volume of the blister is 8.2722.
nevis_timesteps: dt = 0.014901 ...
nevis_timesteps: Done [ 5.3532 s, 7 iterations ]
nevis_timesteps: t = 18.3745 [ / 36.5 ]
Radius of the blister is 2.4317.
Volume of the blister is 8.3539.
nevis_timesteps: dt = 0.014901 ...
nevis_timesteps: Done [ 3.0825 s, 4 iterations ]
nevis_timesteps: t = 18.3894 [ / 36.5 ]
Radius of the blister is 9.9721.
Volume of the blister is 8.4346.
nevis_timesteps: dt = 0.010593 ...
nevis_timesteps: Done [ 2.2854 s, 3 iterations ]
nevis_timesteps: t = 18.4 [ / 36.5 ]
Radius of the blister is 7.9005.
Volume of the blister is 8.4913.
nevis_timesteps: Done
nevis_timesteps: Saving ./results/nreg_RACMO_cg0_00_a0_05_k0_mu1e1_c1_V1e8_t300/0184 ...
nevis_timesteps: Done
nevis_timesteps: dt = 0.014901 ...
nevis_timesteps: Done [ 3.9312 s, 5 iterations ]
nevis_timesteps: t = 18.4149 [ / 36.5 ]
Radius of the blister is 7.9005.
Volume of the blister is 8.5697.
nevis_timesteps: dt = 0.014901 ...
nevis_timesteps: Done [ 3.9744 s, 5 iterations ]
nevis_timesteps: t = 18.4298 [ / 36.5 ]
Radius of the blister is 7.9005.
Volume of the blister is 8.6466.
nevis_timesteps: dt = 0.014901 ...
nevis_timesteps: Done [ 2.4299 s, 3 iterations ]
nevis_timesteps: t = 18.4447 [ / 36.5 ]
Radius of the blister is 8.9368.
Volume of the blister is 8.7219.
nevis_timesteps: dt = 0.014901 ...
nevis_timesteps: Done [ 3.9786 s, 5 iterations ]
nevis_timesteps: t = 18.4596 [ / 36.5 ]
Radius of the blister is 8.9368.
Volume of the blister is 8.7956.
nevis_timesteps: dt = 0.014901 ...
nevis_timesteps: Done [ 4.5589 s, 6 iterations ]
nevis_timesteps: t = 18.4745 [ / 36.5 ]
Radius of the blister is 8.3603.
Volume of the blister is 8.9767.
nevis_timesteps: dt = 0.014901 ...
nevis_timesteps: Done [ 3.8482 s, 5 iterations ]
nevis_timesteps: t = 18.4894 [ / 36.5 ]
Radius of the blister is 5.6729.
Volume of the blister is 9.1543.
nevis_timesteps: dt = 0.010593 ...
nevis_timesteps: Done [ 3.1834 s, 4 iterations ]
nevis_timesteps: t = 18.5 [ / 36.5 ]
Radius of the blister is 8.9136.
Volume of the blister is 9.2785.
nevis_timesteps: Done
nevis_timesteps: Saving ./results/nreg_RACMO_cg0_00_a0_05_k0_mu1e1_c1_V1e8_t300/0185 ...
nevis_timesteps: Done
nevis_timesteps: dt = 0.014901 ...
nevis_timesteps: Done [ 3.1445 s, 4 iterations ]
nevis_timesteps: t = 18.5149 [ / 36.5 ]
Radius of the blister is 8.4566.
Volume of the blister is 9.4489.
nevis_timesteps: dt = 0.014901 ...
nevis_timesteps: Done [ 3.2102 s, 4 iterations ]
nevis_timesteps: t = 18.5298 [ / 36.5 ]
Radius of the blister is 7.641.
Volume of the blister is 9.6171.
nevis_timesteps: dt = 0.014901 ...
nevis_timesteps: Done [ 3.1081 s, 4 iterations ]
nevis_timesteps: t = 18.5447 [ / 36.5 ]
Radius of the blister is 7.5089.
Volume of the blister is 9.7815.
nevis_timesteps: dt = 0.014901 ...
nevis_timesteps: Done [ 3.254 s, 4 iterations ]
nevis_timesteps: t = 18.5596 [ / 36.5 ]
Radius of the blister is 7.4895.
Volume of the blister is 9.9421.
nevis_timesteps: dt = 0.014901 ...
nevis_timesteps: Done [ 5.4137 s, 7 iterations ]
nevis_timesteps: t = 18.5745 [ / 36.5 ]
Radius of the blister is 9.1091.
Volume of the blister is 10.1565.
nevis_timesteps: dt = 0.014901 ...
nevis_timesteps: Done [ 4.0554 s, 5 iterations ]
nevis_timesteps: t = 18.5894 [ / 36.5 ]
Radius of the blister is 3.7854.
Volume of the blister is 10.3666.
nevis_timesteps: dt = 0.010593 ...
nevis_timesteps: Done [ 2.4184 s, 3 iterations ]
nevis_timesteps: t = 18.6 [ / 36.5 ]
Radius of the blister is 7.1305.
Volume of the blister is 10.5139.
nevis_timesteps: Done
nevis_timesteps: Saving ./results/nreg_RACMO_cg0_00_a0_05_k0_mu1e1_c1_V1e8_t300/0186 ...
nevis_timesteps: Done
nevis_timesteps: dt = 0.014901 ...
