WARNING: package sun.awt.X11 not in java.desktop
WARNING: package sun.awt.X11 not in java.desktop
[Warning: Directory already exists.] 
[> In nreg_0mm_cg0_00_a0_1_kh0_ks1_mu5e0_c1_V0e8 (line 24)] 
nevis_grid: Setting up grid ...
  156-by-89 nodes
  1 vertical layers
  -7.995<x<5.955, -4.9923<y<2.9277
nevis_grid: Done
Volume of the blister is 8.3999.
nevis_timesteps: Done
nevis_timesteps: Saving ./results/nreg_0mm_cg0_00_a0_1_kh0_ks1_mu5e0_c1_V0e8/0001 ...
nevis_timesteps: Done
nevis_timesteps: dt = 0.0041667 ...
nevis_timesteps: Done [ 10.3168 s, 12 iterations ]
nevis_timesteps: t = 0.10417 [ / 100 ]
Volume of the blister is 8.0305.
nevis_timesteps: dt = 0.0020833 ...
nevis_timesteps: Done [ 12.7732 s, 15 iterations ]
nevis_timesteps: t = 0.10625 [ / 100 ]
Volume of the blister is 7.8587.
nevis_timesteps: dt = 0.0010417 ...
nevis_timesteps: Done [ 8.0193 s, 9 iterations ]
nevis_timesteps: t = 0.10729 [ / 100 ]
Volume of the blister is 7.7765.
nevis_timesteps: dt = 0.0010417 ...
nevis_timesteps: Done [ 6.4933 s, 7 iterations ]
nevis_timesteps: t = 0.10833 [ / 100 ]
Volume of the blister is 7.6972.
nevis_timesteps: dt = 0.0010417 ...
nevis_timesteps: Done [ 7.2948 s, 8 iterations ]
nevis_timesteps: t = 0.10938 [ / 100 ]
Volume of the blister is 7.6206.
nevis_timesteps: dt = 0.0010417 ...
nevis_timesteps: Done [ 9.9857 s, 11 iterations ]
nevis_timesteps: t = 0.11042 [ / 100 ]
Volume of the blister is 7.5433.
nevis_timesteps: dt = 0.00052083 ...
nevis_timesteps: Done [ 5.3252 s, 6 iterations ]
nevis_timesteps: t = 0.11094 [ / 100 ]
Volume of the blister is 7.5058.
nevis_timesteps: dt = 0.00052083 ...
nevis_timesteps: Done [ 6.701 s, 7 iterations ]
nevis_timesteps: t = 0.11146 [ / 100 ]
Volume of the blister is 7.469.
nevis_timesteps: dt = 0.00052083 ...
nevis_timesteps: Done [ 4.5159 s, 5 iterations ]
nevis_timesteps: t = 0.11198 [ / 100 ]
Volume of the blister is 7.4329.
nevis_timesteps: dt = 0.00052083 ...
nevis_timesteps: Done [ 4.4526 s, 5 iterations ]
nevis_timesteps: t = 0.1125 [ / 100 ]
Volume of the blister is 7.3973.
nevis_timesteps: dt = 0.00052083 ...
nevis_timesteps: Done [ 3.588 s, 4 iterations ]
nevis_timesteps: t = 0.11302 [ / 100 ]
Volume of the blister is 7.3624.
nevis_timesteps: dt = 0.00052083 ...
