WARNING: package sun.awt.X11 not in java.desktop
WARNING: package sun.awt.X11 not in java.desktop
[Warning: Directory already exists.] 
[> In n1d_prewetted_h01e_6 (line 23)] 
nevis_grid: Setting up grid ...
  12801-by-1 nodes
  1 vertical layers
  0<x<10, 0<y<10
nevis_grid: Done
Volume of the blister is 0.
The most negative effective pressure is 0.1.
Max thickness of the blister is 0.
Min thickness of the blister is 0.
Radius of the blister is 0.
nevis_timesteps: Done
nevis_timesteps: Saving ./results/n1d_prewetted_h01e_6/0001 ...
nevis_timesteps: Done
nevis_timesteps: dt = 0.0001 ...
**norm_F = 0.10351 exceeds tolerance after 20 Newton iterations
nevis_timesteps: dt = 0.0001 ...
**norm_F = 0.10351 exceeds tolerance after 20 Newton iterations
nevis_timesteps: dt = 0.0001 ...
**norm_F = 0.10351 exceeds tolerance after 20 Newton iterations
nevis_timesteps: dt = 0.0001 ...
**norm_F = 0.10351 exceeds tolerance after 20 Newton iterations
nevis_timesteps: dt = 0.0001 ...
**norm_F = 0.10351 exceeds tolerance after 20 Newton iterations
nevis_timesteps: dt = 0.0001 ...
**norm_F = 0.10351 exceeds tolerance after 20 Newton iterations
nevis_timesteps: dt = 6.5104e-05 ...
**norm_F = 31.9713 exceeds tolerance after 20 Newton iterations
nevis_timesteps: dt = 3.2552e-05 ...
**norm_F = 0.016803 exceeds tolerance after 20 Newton iterations
nevis_timesteps: dt = 1.6276e-05 ...
nevis_timesteps: Done [ 35.7172 s, 2 iterations ]
nevis_timesteps: t = 0.00011628 [ / 0.1 ]
Volume of the blister is 1.6276e-05.
The most negative effective pressure is 0.1.
Max thickness of the blister is 0.0020832.
Min thickness of the blister is -3.2882e-13.
Radius of the blister is 0.
nevis_timesteps: dt = 1.6276e-05 ...
**norm_F = 0.023977 exceeds tolerance after 20 Newton iterations
nevis_timesteps: dt = 8.138e-06 ...
nevis_timesteps: Done [ 4.7023 s, 2 iterations ]
nevis_timesteps: t = 0.00012441 [ / 0.1 ]
Volume of the blister is 2.4414e-05.
The most negative effective pressure is 0.1.
Max thickness of the blister is 0.0031247.
Min thickness of the blister is -6.9607e-13.
Radius of the blister is 0.
nevis_timesteps: dt = 8.138e-06 ...
nevis_timesteps: Done [ 0.45433 s, 2 iterations ]
nevis_timesteps: t = 0.00013255 [ / 0.1 ]
Volume of the blister is 3.2552e-05.
The most negative effective pressure is 0.1.
Max thickness of the blister is 0.004166.
Min thickness of the blister is -1.3796e-12.
Radius of the blister is 0.
nevis_timesteps: dt = 1.6276e-05 ...
**norm_F = 0.44739 exceeds tolerance after 20 Newton iterations
nevis_timesteps: dt = 8.138e-06 ...
**norm_F = 0.016493 exceeds tolerance after 20 Newton iterations
nevis_timesteps: dt = 4.069e-06 ...
nevis_timesteps: Done [ 8.7727 s, 2 iterations ]
nevis_timesteps: t = 0.00013662 [ / 0.1 ]
Volume of the blister is 3.6621e-05.
The most negative effective pressure is 0.1.
Max thickness of the blister is 0.0046866.
Min thickness of the blister is -1.8924e-12.
Radius of the blister is 0.
nevis_timesteps: dt = 4.069e-06 ...
nevis_timesteps: Done [ 0.43044 s, 2 iterations ]
nevis_timesteps: t = 0.00014069 [ / 0.1 ]
Volume of the blister is 4.069e-05.
The most negative effective pressure is 0.1.
Max thickness of the blister is 0.005207.
Min thickness of the blister is -2.704e-12.
Radius of the blister is 0.
nevis_timesteps: dt = 8.138e-06 ...
**norm_F = 1.3291 exceeds tolerance after 20 Newton iterations
nevis_timesteps: dt = 4.069e-06 ...
nevis_timesteps: Done [ 4.8681 s, 3 iterations ]
nevis_timesteps: t = 0.00014476 [ / 0.1 ]
Volume of the blister is 4.4759e-05.
The most negative effective pressure is 0.1.
Max thickness of the blister is 0.0057268.
Min thickness of the blister is -4.6147e-12.
Radius of the blister is 0.
nevis_timesteps: dt = 4.069e-06 ...
**norm_F = 1.2215 exceeds tolerance after 20 Newton iterations
nevis_timesteps: dt = 2.0345e-06 ...
nevis_timesteps: Done [ 4.6247 s, 2 iterations ]
nevis_timesteps: t = 0.00014679 [ / 0.1 ]
Volume of the blister is 4.6794e-05.
The most negative effective pressure is 0.1.
Max thickness of the blister is 0.0059864.
Min thickness of the blister is -6.2624e-12.
Radius of the blister is 0.
nevis_timesteps: dt = 2.0345e-06 ...
**norm_F = 0.45969 exceeds tolerance after 20 Newton iterations
nevis_timesteps: dt = 1.0173e-06 ...
nevis_timesteps: Done [ 4.5349 s, 2 iterations ]
nevis_timesteps: t = 0.00014781 [ / 0.1 ]
Volume of the blister is 4.7811e-05.
The most negative effective pressure is 0.1.
Max thickness of the blister is 0.0061159.
Min thickness of the blister is -7.5216e-12.
Radius of the blister is 0.
nevis_timesteps: dt = 1.0173e-06 ...
nevis_timesteps: Done [ 0.63823 s, 3 iterations ]
nevis_timesteps: t = 0.00014883 [ / 0.1 ]
Volume of the blister is 4.8828e-05.
The most negative effective pressure is 0.1.
Max thickness of the blister is 0.006245.
Min thickness of the blister is -9.7263e-12.
Radius of the blister is 0.
nevis_timesteps: dt = 1.0173e-06 ...
**norm_F = 0.90912 exceeds tolerance after 20 Newton iterations
nevis_timesteps: dt = 5.0863e-07 ...
nevis_timesteps: Done [ 4.7699 s, 2 iterations ]
nevis_timesteps: t = 0.00014934 [ / 0.1 ]
Volume of the blister is 4.9337e-05.
The most negative effective pressure is 0.1.
Max thickness of the blister is 0.0063093.
Min thickness of the blister is -1.1237e-11.
Radius of the blister is 0.
nevis_timesteps: dt = 5.0863e-07 ...
nevis_timesteps: Done [ 0.45189 s, 2 iterations ]
nevis_timesteps: t = 0.00014985 [ / 0.1 ]
Volume of the blister is 4.9845e-05.
The most negative effective pressure is 0.1.
Max thickness of the blister is 0.0063732.
Min thickness of the blister is -1.3551e-11.
Radius of the blister is 0.
nevis_timesteps: dt = 1.0173e-06 ...
**norm_F = 2.8297 exceeds tolerance after 20 Newton iterations
nevis_timesteps: dt = 5.0863e-07 ...
nevis_timesteps: Done [ 5.1182 s, 3 iterations ]
nevis_timesteps: t = 0.00015035 [ / 0.1 ]
Volume of the blister is 5.0354e-05.
The most negative effective pressure is 0.1.
Max thickness of the blister is 0.0064356.
Min thickness of the blister is -1.8783e-11.
Radius of the blister is 0.
nevis_timesteps: dt = 5.0863e-07 ...
**norm_F = 5.0081 exceeds tolerance after 20 Newton iterations
nevis_timesteps: dt = 2.5431e-07 ...
nevis_timesteps: Done [ 5.06 s, 3 iterations ]
nevis_timesteps: t = 0.00015061 [ / 0.1 ]
Volume of the blister is 5.0608e-05.
The most negative effective pressure is 0.1.
Max thickness of the blister is 0.0064658.
Min thickness of the blister is -2.3425e-11.
Radius of the blister is 0.
nevis_timesteps: dt = 2.5431e-07 ...
**norm_F = 259.8563 exceeds tolerance after 20 Newton iterations
nevis_timesteps: dt = 1.2716e-07 ...
nevis_timesteps: Done [ 4.9673 s, 2 iterations ]
nevis_timesteps: t = 0.00015074 [ / 0.1 ]
Volume of the blister is 5.0735e-05.
The most negative effective pressure is 0.1.
Max thickness of the blister is 0.0064804.
Min thickness of the blister is -2.6636e-11.
Radius of the blister is 0.
nevis_timesteps: dt = 1.2716e-07 ...
nevis_timesteps: Done [ 0.6251 s, 3 iterations ]
nevis_timesteps: t = 0.00015086 [ / 0.1 ]
Volume of the blister is 5.0863e-05.
The most negative effective pressure is 0.1.
Max thickness of the blister is 0.0064939.
Min thickness of the blister is -3.1844e-11.
Radius of the blister is 0.
nevis_timesteps: dt = 1.2716e-07 ...
nevis_timesteps: Done [ 1.1139 s, 5 iterations ]
nevis_timesteps: t = 0.00015099 [ / 0.1 ]
Volume of the blister is 5.099e-05.
The most negative effective pressure is 0.1.
Max thickness of the blister is 0.0065029.
Min thickness of the blister is -4.5846e-11.
Radius of the blister is 0.
nevis_timesteps: dt = 1.2716e-07 ...
**norm_F = 7618.1694 exceeds tolerance after 20 Newton iterations
nevis_timesteps: dt = 6.3578e-08 ...
nevis_timesteps: Done [ 5.1544 s, 4 iterations ]
nevis_timesteps: t = 0.00015105 [ / 0.1 ]
Volume of the blister is 5.1053e-05.
The most negative effective pressure is 0.1.
Max thickness of the blister is 0.0065023.
Min thickness of the blister is -6.2325e-11.
Radius of the blister is 0.
nevis_timesteps: dt = 6.3578e-08 ...
**norm_F = 4999.8168 exceeds tolerance after 20 Newton iterations
nevis_timesteps: dt = 3.1789e-08 ...
nevis_timesteps: Done [ 5.1798 s, 4 iterations ]
nevis_timesteps: t = 0.00015109 [ / 0.1 ]
Volume of the blister is 5.1085e-05.
The most negative effective pressure is 0.1.
Max thickness of the blister is 0.0064978.
Min thickness of the blister is -7.7678e-11.
Radius of the blister is 0.
nevis_timesteps: dt = 3.1789e-08 ...
**norm_F = 533.2766 exceeds tolerance after 20 Newton iterations
nevis_timesteps: dt = 1.5895e-08 ...
nevis_timesteps: Done [ 4.9788 s, 3 iterations ]
nevis_timesteps: t = 0.0001511 [ / 0.1 ]
Volume of the blister is 5.1101e-05.
The most negative effective pressure is 0.1.
Max thickness of the blister is 0.0064934.
Min thickness of the blister is -8.8898e-11.
Radius of the blister is 0.
nevis_timesteps: dt = 1.5895e-08 ...
nevis_timesteps: Done [ 0.92647 s, 4 iterations ]
nevis_timesteps: t = 0.00015112 [ / 0.1 ]
Volume of the blister is 5.1117e-05.
The most negative effective pressure is 0.1.
Max thickness of the blister is 0.0064826.
Min thickness of the blister is -1.0907e-10.
Radius of the blister is 0.
nevis_timesteps: dt = 1.5895e-08 ...
**norm_F = 745.0245 exceeds tolerance after 20 Newton iterations
nevis_timesteps: dt = 1e-08 ...
nevis_timesteps: Done [ 5.2665 s, 4 iterations ]
nevis_timesteps: t = 0.00015113 [ / 0.1 ]
Volume of the blister is 5.1127e-05.
The most negative effective pressure is 0.1.
Max thickness of the blister is 0.0064681.
Min thickness of the blister is -1.3006e-10.
Radius of the blister is 0.
nevis_timesteps: dt = 1e-08 ...
**norm_F = 49870.1468 exceeds tolerance after 20 Newton iterations
nevis_timesteps: Failed [ 4.3818 s, 20 iterations, dt = 1e-08 ]
