WARNING: package sun.awt.X11 not in java.desktop
WARNING: package sun.awt.X11 not in java.desktop
nevis_grid: Setting up grid ...
  101-by-40 nodes
  1 vertical layers
  0<x<5, 0<y<2
nevis_grid: Done
Volume of the blister is 0.
The most negative effective pressure is 0.0106.
Max thickness of the blister is 0.
Min thickness of the blister is 0.
Radius of the blister is 0.
nevis_timesteps: Done
nevis_timesteps: Saving ./results/n2d_100m3s_kappa1e_9_mu1e1_hbreg0e_3_spinup/0001 ...
nevis_timesteps: Done
nevis_timesteps: dt = 0.0041667 ...
[Warning: Matrix is singular to working precision.] 
[> In nevis_timestep (line 157)
In nevis_timesteps (line 245)
In n2d_100m3s_kappa1e_9_mu1e1_hbreg0e_3_spinup (line 126)
] 
 Aborting Newton step : NaN returned
nevis_timesteps: Decrease suggested timestep to 0.0020833
nevis_timesteps: dt = 0.0020833 ...
  norms_F less than tolerance after 7 Newton iterations
nevis_timesteps: Done [ 0.91103 s, 7 iterations ]
nevis_timesteps: t = 0.10208 [ / 73 ]
Volume of the blister is 3.7106e-05.
The most negative effective pressure is -0.13853.
Max thickness of the blister is 0.013026.
Min thickness of the blister is -1.0952e-08.
Radius of the blister is 1.3.
nevis_timesteps: dt = 0.0020833 ...
  norms_F less than tolerance after 3 Newton iterations
nevis_timesteps: Done [ 0.29771 s, 3 iterations ]
nevis_timesteps: t = 0.10417 [ / 73 ]
Volume of the blister is 7.1006e-05.
The most negative effective pressure is -0.3729.
Max thickness of the blister is 0.019339.
Min thickness of the blister is -1.4084e-06.
Radius of the blister is 1.3.
nevis_timesteps: dt = 0.0020833 ...
  norms_F less than tolerance after 3 Newton iterations
nevis_timesteps: Done [ 0.30118 s, 3 iterations ]
nevis_timesteps: t = 0.10625 [ / 73 ]
Volume of the blister is 0.0001122.
The most negative effective pressure is -0.4826.
Max thickness of the blister is 0.023784.
Min thickness of the blister is -5.2885e-06.
Radius of the blister is 1.3.
nevis_timesteps: dt = 0.0020833 ...
  norms_F less than tolerance after 3 Newton iterations
nevis_timesteps: Done [ 0.3045 s, 3 iterations ]
nevis_timesteps: t = 0.10833 [ / 73 ]
Volume of the blister is 0.00016109.
The most negative effective pressure is -0.49911.
Max thickness of the blister is 0.028081.
Min thickness of the blister is -2.1583e-11.
Radius of the blister is 1.3.
nevis_timesteps: dt = 0.0020833 ...
  norms_F less than tolerance after 3 Newton iterations
nevis_timesteps: Done [ 0.30998 s, 3 iterations ]
nevis_timesteps: t = 0.11042 [ / 73 ]
Volume of the blister is 0.00021484.
The most negative effective pressure is -0.47898.
Max thickness of the blister is 0.032397.
Min thickness of the blister is -1.1474e-08.
Radius of the blister is 1.35.
nevis_timesteps: dt = 0.0020833 ...
  norms_F less than tolerance after 3 Newton iterations
nevis_timesteps: Done [ 0.31827 s, 3 iterations ]
nevis_timesteps: t = 0.1125 [ / 73 ]
Volume of the blister is 0.00026979.
The most negative effective pressure is -0.45675.
Max thickness of the blister is 0.036081.
Min thickness of the blister is -3.9899e-07.
Radius of the blister is 1.35.
nevis_timesteps: dt = 0.0020833 ...
  norms_F less than tolerance after 3 Newton iterations
nevis_timesteps: Done [ 0.32493 s, 3 iterations ]
nevis_timesteps: t = 0.11458 [ / 73 ]
Volume of the blister is 0.00032563.
The most negative effective pressure is -0.43733.
Max thickness of the blister is 0.038786.
Min thickness of the blister is -3.7717e-06.
Radius of the blister is 1.35.
nevis_timesteps: dt = 0.0020833 ...
  norms_F less than tolerance after 2 Newton iterations
nevis_timesteps: Done [ 0.2119 s, 2 iterations ]
nevis_timesteps: Increase suggested timestep to 0.0041667
nevis_timesteps: t = 0.11667 [ / 73 ]
Volume of the blister is 0.00038367.
The most negative effective pressure is -0.41622.
Max thickness of the blister is 0.040712.
Min thickness of the blister is -1.662e-05.
Radius of the blister is 1.35.
nevis_timesteps: dt = 0.0041667 ...
  norms_F less than tolerance after 5 Newton iterations
nevis_timesteps: Done [ 0.5073 s, 5 iterations ]
nevis_timesteps: t = 0.12083 [ / 73 ]
Volume of the blister is 0.00050975.
The most negative effective pressure is -0.36041.
Max thickness of the blister is 0.043628.
Min thickness of the blister is -3.992e-05.
Radius of the blister is 1.35.
nevis_timesteps: dt = 0.0041667 ...
  norms_F less than tolerance after 5 Newton iterations
nevis_timesteps: Done [ 0.49827 s, 5 iterations ]
nevis_timesteps: t = 0.125 [ / 73 ]
Volume of the blister is 0.00064466.
The most negative effective pressure is -0.3082.
Max thickness of the blister is 0.047218.
Min thickness of the blister is -5.9564e-07.
Radius of the blister is 1.3509.
nevis_timesteps: dt = 0.0041667 ...
  norms_F less than tolerance after 3 Newton iterations
nevis_timesteps: Done [ 0.30971 s, 3 iterations ]
nevis_timesteps: t = 0.12917 [ / 73 ]
Volume of the blister is 0.00078467.
The most negative effective pressure is -0.27159.
Max thickness of the blister is 0.05108.
Min thickness of the blister is -8.211e-07.
Radius of the blister is 1.3509.
nevis_timesteps: dt = 0.0041667 ...
  norms_F less than tolerance after 3 Newton iterations
nevis_timesteps: Done [ 0.3108 s, 3 iterations ]
nevis_timesteps: t = 0.13333 [ / 73 ]
Volume of the blister is 0.00092939.
The most negative effective pressure is -0.24706.
Max thickness of the blister is 0.054386.
Min thickness of the blister is -9.4555e-06.
Radius of the blister is 1.3509.
nevis_timesteps: dt = 0.0041667 ...
  norm_F less than tolerance after 2 Newton iterations
nevis_timesteps: Done [ 0.20959 s, 2 iterations ]
nevis_timesteps: Increase suggested timestep to 0.0083333
nevis_timesteps: t = 0.1375 [ / 73 ]
Volume of the blister is 0.0010796.
The most negative effective pressure is -0.22661.
Max thickness of the blister is 0.056975.
Min thickness of the blister is -3.6361e-05.
Radius of the blister is 1.4.
nevis_timesteps: dt = 0.0083333 ...
  norms_F less than tolerance after 4 Newton iterations
nevis_timesteps: Done [ 0.4147 s, 4 iterations ]
nevis_timesteps: t = 0.14583 [ / 73 ]
Volume of the blister is 0.0013927.
The most negative effective pressure is -0.18588.
Max thickness of the blister is 0.061464.
Min thickness of the blister is -3.6151e-05.
Radius of the blister is 1.4.
nevis_timesteps: dt = 0.0083333 ...
  norms_F less than tolerance after 3 Newton iterations
nevis_timesteps: Done [ 0.31779 s, 3 iterations ]
nevis_timesteps: t = 0.15417 [ / 73 ]
Volume of the blister is 0.0017247.
The most negative effective pressure is -0.15745.
Max thickness of the blister is 0.067083.
Min thickness of the blister is -2.4639e-06.
Radius of the blister is 1.4009.
nevis_timesteps: dt = 0.0083333 ...
  norms_F less than tolerance after 3 Newton iterations
nevis_timesteps: Done [ 0.30803 s, 3 iterations ]
nevis_timesteps: t = 0.1625 [ / 73 ]
Volume of the blister is 0.0020749.
The most negative effective pressure is -0.13961.
Max thickness of the blister is 0.072361.
Min thickness of the blister is -3.0371e-05.
Radius of the blister is 1.4009.
nevis_timesteps: dt = 0.0083333 ...
  norms_F less than tolerance after 3 Newton iterations
nevis_timesteps: Done [ 0.31134 s, 3 iterations ]
nevis_timesteps: t = 0.17083 [ / 73 ]
Volume of the blister is 0.0024436.
The most negative effective pressure is -0.12542.
Max thickness of the blister is 0.076759.
Min thickness of the blister is -3.9484e-05.
Radius of the blister is 1.4009.
nevis_timesteps: dt = 0.0083333 ...
  norms_F less than tolerance after 3 Newton iterations
nevis_timesteps: Done [ 0.30057 s, 3 iterations ]
nevis_timesteps: t = 0.17917 [ / 73 ]
Volume of the blister is 0.0028309.
The most negative effective pressure is -0.1124.
Max thickness of the blister is 0.081023.
Min thickness of the blister is -3.1325e-05.
Radius of the blister is 1.4009.
nevis_timesteps: dt = 0.0083333 ...
  norms_F less than tolerance after 3 Newton iterations
nevis_timesteps: Done [ 0.29403 s, 3 iterations ]
nevis_timesteps: t = 0.1875 [ / 73 ]
Volume of the blister is 0.0032363.
The most negative effective pressure is -0.1014.
Max thickness of the blister is 0.08565.
Min thickness of the blister is -2.7119e-05.
Radius of the blister is 1.4036.
nevis_timesteps: dt = 0.0083333 ...
  norms_F less than tolerance after 3 Newton iterations
nevis_timesteps: Done [ 0.30015 s, 3 iterations ]
nevis_timesteps: t = 0.19583 [ / 73 ]
Volume of the blister is 0.0036597.
The most negative effective pressure is -0.092867.
Max thickness of the blister is 0.090371.
Min thickness of the blister is -2.5232e-05.
Radius of the blister is 1.45.
nevis_timesteps: dt = 0.0041667 ...
  norms_F less than tolerance after 2 Newton iterations
nevis_timesteps: Done [ 0.20113 s, 2 iterations ]
nevis_timesteps: Increase suggested timestep to 0.016667
nevis_timesteps: t = 0.2 [ / 73 ]
Volume of the blister is 0.0038805.
The most negative effective pressure is -0.089787.
Max thickness of the blister is 0.09287.
Min thickness of the blister is -3.4841e-05.
Radius of the blister is 1.45.
nevis_timesteps: Done
nevis_timesteps: Saving ./results/n2d_100m3s_kappa1e_9_mu1e1_hbreg0e_3_spinup/0002 ...
nevis_timesteps: Done
nevis_timesteps: dt = 0.016667 ...
  norms_F less than tolerance after 4 Newton iterations
nevis_timesteps: Done [ 0.38853 s, 4 iterations ]
nevis_timesteps: t = 0.21667 [ / 73 ]
Volume of the blister is 0.0047812.
The most negative effective pressure is -0.076165.
Max thickness of the blister is 0.099931.
Min thickness of the blister is -3.0093e-05.
Radius of the blister is 1.4509.
nevis_timesteps: dt = 0.016667 ...
  norms_F less than tolerance after 4 Newton iterations
nevis_timesteps: Done [ 0.39372 s, 4 iterations ]
nevis_timesteps: t = 0.23333 [ / 73 ]
Volume of the blister is 0.0057536.
The most negative effective pressure is -0.066747.
Max thickness of the blister is 0.10712.
Min thickness of the blister is -3.5943e-05.
Radius of the blister is 1.4509.
nevis_timesteps: dt = 0.016667 ...
  norms_F less than tolerance after 4 Newton iterations
nevis_timesteps: Done [ 0.40079 s, 4 iterations ]
nevis_timesteps: t = 0.25 [ / 73 ]
Volume of the blister is 0.0067972.
The most negative effective pressure is -0.059245.
Max thickness of the blister is 0.11397.
Min thickness of the blister is -3.4906e-05.
Radius of the blister is 1.4509.
nevis_timesteps: dt = 0.016667 ...
  norm_F less than tolerance after 3 Newton iterations
nevis_timesteps: Done [ 0.29865 s, 3 iterations ]
nevis_timesteps: t = 0.26667 [ / 73 ]
Volume of the blister is 0.0079112.
The most negative effective pressure is -0.053109.
Max thickness of the blister is 0.12306.
Min thickness of the blister is -2.7513e-05.
Radius of the blister is 1.4534.
nevis_timesteps: dt = 0.016667 ...
  norms_F less than tolerance after 3 Newton iterations
nevis_timesteps: Done [ 0.30215 s, 3 iterations ]
nevis_timesteps: t = 0.28333 [ / 73 ]
Volume of the blister is 0.0090961.
The most negative effective pressure is -0.048384.
Max thickness of the blister is 0.13186.
Min thickness of the blister is -4.4609e-05.
Radius of the blister is 1.4534.
nevis_timesteps: dt = 0.016667 ...
  norms_F less than tolerance after 4 Newton iterations
nevis_timesteps: Done [ 0.40035 s, 4 iterations ]
nevis_timesteps: t = 0.3 [ / 73 ]
Volume of the blister is 0.010352.
The most negative effective pressure is -0.044233.
Max thickness of the blister is 0.13996.
Min thickness of the blister is -3.267e-05.
Radius of the blister is 1.4534.
nevis_timesteps: Done
nevis_timesteps: Saving ./results/n2d_100m3s_kappa1e_9_mu1e1_hbreg0e_3_spinup/0003 ...
nevis_timesteps: Done
nevis_timesteps: dt = 0.016667 ...
  norms_F less than tolerance after 3 Newton iterations
nevis_timesteps: Done [ 0.30635 s, 3 iterations ]
nevis_timesteps: t = 0.31667 [ / 73 ]
Volume of the blister is 0.011678.
The most negative effective pressure is -0.040637.
Max thickness of the blister is 0.14775.
Min thickness of the blister is -2.8123e-05.
Radius of the blister is 1.4534.
nevis_timesteps: dt = 0.016667 ...
  norms_F less than tolerance after 4 Newton iterations
nevis_timesteps: Done [ 0.39199 s, 4 iterations ]
nevis_timesteps: t = 0.33333 [ / 73 ]
Volume of the blister is 0.013072.
The most negative effective pressure is -0.037705.
Max thickness of the blister is 0.15439.
Min thickness of the blister is -4.2117e-05.
Radius of the blister is 1.4534.
nevis_timesteps: dt = 0.016667 ...
  norm_F less than tolerance after 3 Newton iterations
nevis_timesteps: Done [ 0.29561 s, 3 iterations ]
nevis_timesteps: t = 0.35 [ / 73 ]
Volume of the blister is 0.014535.
The most negative effective pressure is -0.03502.
Max thickness of the blister is 0.16055.
Min thickness of the blister is -2.0424e-05.
Radius of the blister is 1.4534.
nevis_timesteps: dt = 0.016667 ...
  norms_F less than tolerance after 3 Newton iterations
nevis_timesteps: Done [ 0.31074 s, 3 iterations ]
nevis_timesteps: t = 0.36667 [ / 73 ]
Volume of the blister is 0.016066.
The most negative effective pressure is -0.032771.
Max thickness of the blister is 0.16721.
Min thickness of the blister is -3.8226e-05.
Radius of the blister is 1.5.
nevis_timesteps: dt = 0.016667 ...
  norms_F less than tolerance after 4 Newton iterations
nevis_timesteps: Done [ 0.40231 s, 4 iterations ]
nevis_timesteps: t = 0.38333 [ / 73 ]
Volume of the blister is 0.017666.
The most negative effective pressure is -0.031001.
Max thickness of the blister is 0.17528.
Min thickness of the blister is -2.1629e-05.
Radius of the blister is 1.5.
nevis_timesteps: dt = 0.016667 ...
  norm_F less than tolerance after 3 Newton iterations
nevis_timesteps: Done [ 0.30867 s, 3 iterations ]
nevis_timesteps: t = 0.4 [ / 73 ]
Volume of the blister is 0.019333.
The most negative effective pressure is -0.029487.
Max thickness of the blister is 0.18292.
Min thickness of the blister is -2.7822e-05.
Radius of the blister is 1.5.
nevis_timesteps: Done
nevis_timesteps: Saving ./results/n2d_100m3s_kappa1e_9_mu1e1_hbreg0e_3_spinup/0004 ...
nevis_timesteps: Done
nevis_timesteps: dt = 0.016667 ...
  norms_F less than tolerance after 4 Newton iterations
nevis_timesteps: Done [ 0.4057 s, 4 iterations ]
nevis_timesteps: t = 0.41667 [ / 73 ]
Volume of the blister is 0.021068.
The most negative effective pressure is -0.028444.
Max thickness of the blister is 0.18918.
Min thickness of the blister is -4.0316e-05.
Radius of the blister is 1.5008.
nevis_timesteps: dt = 0.016667 ...
  norms_F less than tolerance after 4 Newton iterations
nevis_timesteps: Done [ 0.41385 s, 4 iterations ]
nevis_timesteps: t = 0.43333 [ / 73 ]
Volume of the blister is 0.02287.
The most negative effective pressure is -0.027755.
Max thickness of the blister is 0.19406.
Min thickness of the blister is -3.2662e-05.
Radius of the blister is 1.5008.
nevis_timesteps: dt = 0.016667 ...
  norm_F less than tolerance after 3 Newton iterations
nevis_timesteps: Done [ 0.31015 s, 3 iterations ]
nevis_timesteps: t = 0.45 [ / 73 ]
Volume of the blister is 0.024739.
The most negative effective pressure is -0.027404.
Max thickness of the blister is 0.2013.
Min thickness of the blister is -4.6807e-05.
Radius of the blister is 1.5008.
nevis_timesteps: dt = 0.016667 ...
  norms_F less than tolerance after 4 Newton iterations
nevis_timesteps: Done [ 0.4063 s, 4 iterations ]
nevis_timesteps: t = 0.46667 [ / 73 ]
Volume of the blister is 0.026673.
The most negative effective pressure is -0.02749.
Max thickness of the blister is 0.20728.
Min thickness of the blister is -4.0529e-05.
Radius of the blister is 1.5008.
nevis_timesteps: dt = 0.016667 ...
  norm_F less than tolerance after 3 Newton iterations
nevis_timesteps: Done [ 0.30717 s, 3 iterations ]
nevis_timesteps: t = 0.48333 [ / 73 ]
Volume of the blister is 0.028672.
The most negative effective pressure is -0.02791.
Max thickness of the blister is 0.21202.
Min thickness of the blister is -2.901e-05.
Radius of the blister is 1.5008.
nevis_timesteps: dt = 0.016667 ...
  norms_F less than tolerance after 4 Newton iterations
nevis_timesteps: Done [ 0.40882 s, 4 iterations ]
nevis_timesteps: t = 0.5 [ / 73 ]
Volume of the blister is 0.030737.
The most negative effective pressure is -0.02877.
Max thickness of the blister is 0.2167.
Min thickness of the blister is -4.6191e-05.
Radius of the blister is 1.5008.
nevis_timesteps: Done
nevis_timesteps: Saving ./results/n2d_100m3s_kappa1e_9_mu1e1_hbreg0e_3_spinup/0005 ...
nevis_timesteps: Done
nevis_timesteps: dt = 0.016667 ...
  norms_F less than tolerance after 4 Newton iterations
nevis_timesteps: Done [ 0.42395 s, 4 iterations ]
nevis_timesteps: t = 0.51667 [ / 73 ]
Volume of the blister is 0.032866.
The most negative effective pressure is -0.030003.
Max thickness of the blister is 0.22257.
Min thickness of the blister is -3.3503e-05.
Radius of the blister is 1.5008.
nevis_timesteps: dt = 0.016667 ...
  norms_F less than tolerance after 4 Newton iterations
nevis_timesteps: Done [ 0.43038 s, 4 iterations ]
nevis_timesteps: t = 0.53333 [ / 73 ]
Volume of the blister is 0.035059.
The most negative effective pressure is -0.031623.
Max thickness of the blister is 0.22635.
Min thickness of the blister is -4.9638e-05.
Radius of the blister is 1.5008.
nevis_timesteps: dt = 0.016667 ...
  norms_F less than tolerance after 4 Newton iterations
nevis_timesteps: Done [ 0.42508 s, 4 iterations ]
nevis_timesteps: t = 0.55 [ / 73 ]
Volume of the blister is 0.037316.
The most negative effective pressure is -0.033567.
Max thickness of the blister is 0.2307.
Min thickness of the blister is -4.0466e-05.
Radius of the blister is 1.5.
nevis_timesteps: dt = 0.016667 ...
  norms_F less than tolerance after 4 Newton iterations
nevis_timesteps: Done [ 0.42789 s, 4 iterations ]
nevis_timesteps: t = 0.56667 [ / 73 ]
Volume of the blister is 0.039637.
The most negative effective pressure is -0.035732.
Max thickness of the blister is 0.23481.
Min thickness of the blister is -5.1902e-05.
Radius of the blister is 1.5.
nevis_timesteps: dt = 0.016667 ...
  norms_F less than tolerance after 4 Newton iterations
nevis_timesteps: Done [ 0.41958 s, 4 iterations ]
nevis_timesteps: t = 0.58333 [ / 73 ]
Volume of the blister is 0.04202.
The most negative effective pressure is -0.038009.
Max thickness of the blister is 0.23707.
Min thickness of the blister is -4.1532e-05.
Radius of the blister is 1.5.
nevis_timesteps: dt = 0.016667 ...
  norms_F less than tolerance after 4 Newton iterations
nevis_timesteps: Done [ 0.41741 s, 4 iterations ]
nevis_timesteps: t = 0.6 [ / 73 ]
Volume of the blister is 0.044467.
The most negative effective pressure is -0.040215.
Max thickness of the blister is 0.241.
Min thickness of the blister is -5.0206e-05.
Radius of the blister is 1.5.
nevis_timesteps: Done
nevis_timesteps: Saving ./results/n2d_100m3s_kappa1e_9_mu1e1_hbreg0e_3_spinup/0006 ...
nevis_timesteps: Done
nevis_timesteps: dt = 0.016667 ...
  norms_F less than tolerance after 5 Newton iterations
nevis_timesteps: Done [ 0.52406 s, 5 iterations ]
nevis_timesteps: t = 0.61667 [ / 73 ]
Volume of the blister is 0.046975.
The most negative effective pressure is -0.042222.
Max thickness of the blister is 0.2422.
Min thickness of the blister is -4.4415e-05.
Radius of the blister is 1.5.
nevis_timesteps: dt = 0.016667 ...
  norms_F less than tolerance after 4 Newton iterations
nevis_timesteps: Done [ 0.41531 s, 4 iterations ]
nevis_timesteps: t = 0.63333 [ / 73 ]
Volume of the blister is 0.049546.
The most negative effective pressure is -0.043863.
Max thickness of the blister is 0.24545.
Min thickness of the blister is -5.3295e-05.
Radius of the blister is 1.5.
nevis_timesteps: dt = 0.016667 ...
  norms_F less than tolerance after 5 Newton iterations
nevis_timesteps: Done [ 0.51542 s, 5 iterations ]
nevis_timesteps: t = 0.65 [ / 73 ]
Volume of the blister is 0.052178.
The most negative effective pressure is -0.04507.
Max thickness of the blister is 0.24632.
Min thickness of the blister is -4.7973e-05.
Radius of the blister is 1.5.
nevis_timesteps: dt = 0.016667 ...
  norms_F less than tolerance after 4 Newton iterations
nevis_timesteps: Done [ 0.41915 s, 4 iterations ]
nevis_timesteps: t = 0.66667 [ / 73 ]
Volume of the blister is 0.054871.
The most negative effective pressure is -0.045783.
Max thickness of the blister is 0.24857.
Min thickness of the blister is -3.2679e-05.
Radius of the blister is 1.5.
nevis_timesteps: dt = 0.016667 ...
  norms_F less than tolerance after 5 Newton iterations
nevis_timesteps: Done [ 0.52415 s, 5 iterations ]
nevis_timesteps: t = 0.68333 [ / 73 ]
Volume of the blister is 0.057624.
The most negative effective pressure is -0.04603.
Max thickness of the blister is 0.24967.
Min thickness of the blister is -6.6372e-05.
Radius of the blister is 1.5.
nevis_timesteps: dt = 0.016667 ...
  norms_F less than tolerance after 5 Newton iterations
nevis_timesteps: Done [ 0.54566 s, 5 iterations ]
nevis_timesteps: t = 0.7 [ / 73 ]
Volume of the blister is 0.060437.
The most negative effective pressure is -0.045865.
Max thickness of the blister is 0.2505.
Min thickness of the blister is -4.0326e-05.
Radius of the blister is 1.5008.
nevis_timesteps: Done
nevis_timesteps: Saving ./results/n2d_100m3s_kappa1e_9_mu1e1_hbreg0e_3_spinup/0007 ...
nevis_timesteps: Done
nevis_timesteps: dt = 0.016667 ...
  norms_F less than tolerance after 5 Newton iterations
nevis_timesteps: Done [ 0.53727 s, 5 iterations ]
nevis_timesteps: t = 0.71667 [ / 73 ]
Volume of the blister is 0.06331.
The most negative effective pressure is -0.045379.
Max thickness of the blister is 0.2521.
Min thickness of the blister is -6.0249e-05.
Radius of the blister is 1.5008.
nevis_timesteps: dt = 0.016667 ...
  norms_F less than tolerance after 5 Newton iterations
nevis_timesteps: Done [ 0.52103 s, 5 iterations ]
nevis_timesteps: t = 0.73333 [ / 73 ]
Volume of the blister is 0.066242.
The most negative effective pressure is -0.044674.
Max thickness of the blister is 0.25238.
Min thickness of the blister is -5.3587e-05.
Radius of the blister is 1.5008.
nevis_timesteps: dt = 0.016667 ...
  norms_F less than tolerance after 4 Newton iterations
nevis_timesteps: Done [ 0.41573 s, 4 iterations ]
nevis_timesteps: t = 0.75 [ / 73 ]
Volume of the blister is 0.069233.
The most negative effective pressure is -0.043847.
Max thickness of the blister is 0.25329.
Min thickness of the blister is -2.8521e-05.
Radius of the blister is 1.5008.
nevis_timesteps: dt = 0.016667 ...
  norms_F less than tolerance after 5 Newton iterations
nevis_timesteps: Done [ 0.51299 s, 5 iterations ]
nevis_timesteps: t = 0.76667 [ / 73 ]
Volume of the blister is 0.072282.
The most negative effective pressure is -0.04299.
Max thickness of the blister is 0.25442.
Min thickness of the blister is -6.3853e-05.
Radius of the blister is 1.5008.
nevis_timesteps: dt = 0.016667 ...
  norms_F less than tolerance after 5 Newton iterations
nevis_timesteps: Done [ 0.52837 s, 5 iterations ]
nevis_timesteps: t = 0.78333 [ / 73 ]
Volume of the blister is 0.075389.
The most negative effective pressure is -0.042175.
Max thickness of the blister is 0.25445.
Min thickness of the blister is -5.1942e-05.
Radius of the blister is 1.5008.
nevis_timesteps: dt = 0.016667 ...
  norms_F less than tolerance after 5 Newton iterations
nevis_timesteps: Done [ 0.5271 s, 5 iterations ]
nevis_timesteps: t = 0.8 [ / 73 ]
Volume of the blister is 0.078553.
The most negative effective pressure is -0.041462.
Max thickness of the blister is 0.25473.
Min thickness of the blister is -3.0393e-05.
Radius of the blister is 1.5008.
nevis_timesteps: Done
nevis_timesteps: Saving ./results/n2d_100m3s_kappa1e_9_mu1e1_hbreg0e_3_spinup/0008 ...
nevis_timesteps: Done
nevis_timesteps: dt = 0.016667 ...
  norms_F less than tolerance after 6 Newton iterations
nevis_timesteps: Done [ 0.62548 s, 6 iterations ]
nevis_timesteps: t = 0.81667 [ / 73 ]
Volume of the blister is 0.081774.
The most negative effective pressure is -0.040886.
Max thickness of the blister is 0.25578.
Min thickness of the blister is -6.3554e-05.
Radius of the blister is 1.5008.
nevis_timesteps: dt = 0.016667 ...
  norms_F less than tolerance after 5 Newton iterations
nevis_timesteps: Done [ 0.52301 s, 5 iterations ]
nevis_timesteps: t = 0.83333 [ / 73 ]
Volume of the blister is 0.085051.
The most negative effective pressure is -0.040469.
Max thickness of the blister is 0.25593.
Min thickness of the blister is -5.1256e-05.
Radius of the blister is 1.5008.
nevis_timesteps: dt = 0.016667 ...
  norms_F less than tolerance after 5 Newton iterations
nevis_timesteps: Done [ 0.52425 s, 5 iterations ]
nevis_timesteps: t = 0.85 [ / 73 ]
Volume of the blister is 0.088385.
The most negative effective pressure is -0.040215.
Max thickness of the blister is 0.25494.
Min thickness of the blister is -3.2727e-05.
Radius of the blister is 1.5008.
nevis_timesteps: dt = 0.016667 ...
  norms_F less than tolerance after 6 Newton iterations
nevis_timesteps: Done [ 0.64229 s, 6 iterations ]
nevis_timesteps: t = 0.86667 [ / 73 ]
Volume of the blister is 0.091774.
The most negative effective pressure is -0.040111.
Max thickness of the blister is 0.25599.
Min thickness of the blister is -7.287e-05.
Radius of the blister is 1.5008.
nevis_timesteps: dt = 0.016667 ...
  norms_F less than tolerance after 6 Newton iterations
nevis_timesteps: Done [ 0.64266 s, 6 iterations ]
nevis_timesteps: t = 0.88333 [ / 73 ]
Volume of the blister is 0.095219.
The most negative effective pressure is -0.040136.
Max thickness of the blister is 0.25653.
Min thickness of the blister is -6.446e-05.
Radius of the blister is 1.5008.
nevis_timesteps: dt = 0.016667 ...
  norms_F less than tolerance after 5 Newton iterations
nevis_timesteps: Done [ 0.52852 s, 5 iterations ]
nevis_timesteps: t = 0.9 [ / 73 ]
Volume of the blister is 0.098719.
The most negative effective pressure is -0.040255.
Max thickness of the blister is 0.25626.
Min thickness of the blister is -5.3494e-05.
Radius of the blister is 1.5033.
nevis_timesteps: Done
nevis_timesteps: Saving ./results/n2d_100m3s_kappa1e_9_mu1e1_hbreg0e_3_spinup/0009 ...
nevis_timesteps: Done
nevis_timesteps: dt = 0.016667 ...
  norms_F less than tolerance after 5 Newton iterations
nevis_timesteps: Done [ 0.53508 s, 5 iterations ]
nevis_timesteps: t = 0.91667 [ / 73 ]
Volume of the blister is 0.10227.
The most negative effective pressure is -0.040432.
Max thickness of the blister is 0.25515.
Min thickness of the blister is -6.9811e-05.
Radius of the blister is 1.5033.
nevis_timesteps: dt = 0.016667 ...
  norms_F less than tolerance after 8 Newton iterations
nevis_timesteps: Done [ 0.85145 s, 8 iterations ]
nevis_timesteps: t = 0.93333 [ / 73 ]
Volume of the blister is 0.10588.
The most negative effective pressure is -0.040631.
Max thickness of the blister is 0.25584.
Min thickness of the blister is -7.336e-05.
Radius of the blister is 1.5033.
nevis_timesteps: dt = 0.016667 ...
  norms_F less than tolerance after 6 Newton iterations
nevis_timesteps: Done [ 0.65288 s, 6 iterations ]
nevis_timesteps: t = 0.95 [ / 73 ]
Volume of the blister is 0.10955.
The most negative effective pressure is -0.04082.
Max thickness of the blister is 0.25637.
Min thickness of the blister is -4.541e-05.
Radius of the blister is 1.5033.
nevis_timesteps: dt = 0.016667 ...
  norms_F less than tolerance after 5 Newton iterations
nevis_timesteps: Done [ 0.53644 s, 5 iterations ]
nevis_timesteps: t = 0.96667 [ / 73 ]
Volume of the blister is 0.11326.
The most negative effective pressure is -0.040976.
Max thickness of the blister is 0.25629.
Min thickness of the blister is -5.6768e-05.
Radius of the blister is 1.5033.
nevis_timesteps: dt = 0.016667 ...
  norms_F less than tolerance after 6 Newton iterations
nevis_timesteps: Done [ 0.65991 s, 6 iterations ]
nevis_timesteps: t = 0.98333 [ / 73 ]
Volume of the blister is 0.11703.
The most negative effective pressure is -0.041086.
Max thickness of the blister is 0.25563.
Min thickness of the blister is -8.2276e-05.
Radius of the blister is 1.5033.
nevis_timesteps: dt = 0.016667 ...
  norms_F less than tolerance after 7 Newton iterations
nevis_timesteps: Done [ 0.76487 s, 7 iterations ]
nevis_timesteps: t = 1 [ / 73 ]
Volume of the blister is 0.12086.
The most negative effective pressure is -0.041146.
Max thickness of the blister is 0.25459.
Min thickness of the blister is -6.6626e-05.
Radius of the blister is 1.5033.
nevis_timesteps: Done
nevis_timesteps: Saving ./results/n2d_100m3s_kappa1e_9_mu1e1_hbreg0e_3_spinup/0010 ...
nevis_timesteps: Done
nevis_timesteps: dt = 0.016667 ...
  norms_F less than tolerance after 7 Newton iterations
nevis_timesteps: Done [ 0.81398 s, 7 iterations ]
nevis_timesteps: t = 1.0167 [ / 73 ]
Volume of the blister is 0.12474.
The most negative effective pressure is -0.041162.
Max thickness of the blister is 0.25522.
Min thickness of the blister is -6.9701e-05.
Radius of the blister is 1.5033.
nevis_timesteps: dt = 0.016667 ...
  norms_F less than tolerance after 7 Newton iterations
nevis_timesteps: Done [ 0.7818 s, 7 iterations ]
nevis_timesteps: t = 1.0333 [ / 73 ]
Volume of the blister is 0.12867.
The most negative effective pressure is -0.041143.
Max thickness of the blister is 0.25563.
Min thickness of the blister is -5.7708e-05.
Radius of the blister is 1.5033.
nevis_timesteps: dt = 0.016667 ...
  norms_F less than tolerance after 6 Newton iterations
nevis_timesteps: Done [ 0.69027 s, 6 iterations ]
nevis_timesteps: t = 1.05 [ / 73 ]
Volume of the blister is 0.13265.
The most negative effective pressure is -0.041104.
Max thickness of the blister is 0.25564.
Min thickness of the blister is -7.8071e-05.
Radius of the blister is 1.5033.
nevis_timesteps: dt = 0.016667 ...
  norms_F less than tolerance after 6 Newton iterations
nevis_timesteps: Done [ 0.68849 s, 6 iterations ]
nevis_timesteps: t = 1.0667 [ / 73 ]
Volume of the blister is 0.13668.
The most negative effective pressure is -0.041056.
Max thickness of the blister is 0.25532.
Min thickness of the blister is -7.8828e-05.
Radius of the blister is 1.5033.
nevis_timesteps: dt = 0.016667 ...
  norms_F less than tolerance after 8 Newton iterations
nevis_timesteps: Done [ 0.93721 s, 8 iterations ]
nevis_timesteps: t = 1.0833 [ / 73 ]
Volume of the blister is 0.14077.
The most negative effective pressure is -0.041011.
Max thickness of the blister is 0.2548.
Min thickness of the blister is -7.5741e-05.
Radius of the blister is 1.5033.
nevis_timesteps: dt = 0.016667 ...
  norms_F less than tolerance after 12 Newton iterations
nevis_timesteps: Done [ 1.3214 s, 12 iterations ]
nevis_timesteps: Decrease suggested timestep to 0.0083333
nevis_timesteps: t = 1.1 [ / 73 ]
Volume of the blister is 0.1449.
The most negative effective pressure is -0.040975.
Max thickness of the blister is 0.25417.
Min thickness of the blister is -9.3457e-05.
Radius of the blister is 1.5033.
nevis_timesteps: Done
nevis_timesteps: Saving ./results/n2d_100m3s_kappa1e_9_mu1e1_hbreg0e_3_spinup/0011 ...
nevis_timesteps: Done
nevis_timesteps: dt = 0.0083333 ...
  norms_F less than tolerance after 3 Newton iterations
nevis_timesteps: Done [ 0.35999 s, 3 iterations ]
nevis_timesteps: t = 1.1083 [ / 73 ]
Volume of the blister is 0.147.
The most negative effective pressure is -0.041089.
Max thickness of the blister is 0.25623.
Min thickness of the blister is -6.9507e-05.
Radius of the blister is 1.5033.
nevis_timesteps: dt = 0.0083333 ...
  norms_F less than tolerance after 3 Newton iterations
nevis_timesteps: Done [ 0.35586 s, 3 iterations ]
nevis_timesteps: t = 1.1167 [ / 73 ]
Volume of the blister is 0.14911.
The most negative effective pressure is -0.041055.
Max thickness of the blister is 0.25744.
Min thickness of the blister is -5.7323e-05.
Radius of the blister is 1.5033.
nevis_timesteps: dt = 0.0083333 ...
  norms_F less than tolerance after 3 Newton iterations
nevis_timesteps: Done [ 0.35689 s, 3 iterations ]
nevis_timesteps: t = 1.125 [ / 73 ]
Volume of the blister is 0.15123.
The most negative effective pressure is -0.041025.
Max thickness of the blister is 0.26004.
Min thickness of the blister is -9.6424e-05.
Radius of the blister is 1.5033.
nevis_timesteps: dt = 0.0083333 ...
  norms_F less than tolerance after 4 Newton iterations
nevis_timesteps: Done [ 0.49613 s, 4 iterations ]
nevis_timesteps: t = 1.1333 [ / 73 ]
Volume of the blister is 0.15336.
The most negative effective pressure is -0.041003.
Max thickness of the blister is 0.25914.
Min thickness of the blister is -8.917e-05.
Radius of the blister is 1.5033.
nevis_timesteps: dt = 0.0083333 ...
  norm_F less than tolerance after 3 Newton iterations
nevis_timesteps: Done [ 0.3594 s, 3 iterations ]
nevis_timesteps: t = 1.1417 [ / 73 ]
Volume of the blister is 0.1555.
The most negative effective pressure is -0.04099.
Max thickness of the blister is 0.26196.
Min thickness of the blister is -6.3829e-05.
Radius of the blister is 1.5033.
nevis_timesteps: dt = 0.0083333 ...
  norms_F less than tolerance after 5 Newton iterations
nevis_timesteps: Done [ 0.58866 s, 5 iterations ]
nevis_timesteps: t = 1.15 [ / 73 ]
Volume of the blister is 0.15766.
The most negative effective pressure is -0.040983.
Max thickness of the blister is 0.26122.
Min thickness of the blister is -6.6042e-05.
Radius of the blister is 1.5033.
nevis_timesteps: dt = 0.0083333 ...
  norms_F less than tolerance after 4 Newton iterations
nevis_timesteps: Done [ 0.48495 s, 4 iterations ]
nevis_timesteps: t = 1.1583 [ / 73 ]
Volume of the blister is 0.15983.
The most negative effective pressure is -0.04098.
Max thickness of the blister is 0.26267.
Min thickness of the blister is -5.4845e-05.
Radius of the blister is 1.5033.
nevis_timesteps: dt = 0.0083333 ...
  norms_F less than tolerance after 3 Newton iterations
nevis_timesteps: Done [ 0.38873 s, 3 iterations ]
nevis_timesteps: t = 1.1667 [ / 73 ]
Volume of the blister is 0.16202.
The most negative effective pressure is -0.040981.
Max thickness of the blister is 0.26252.
Min thickness of the blister is -9.1148e-05.
Radius of the blister is 1.5033.
nevis_timesteps: dt = 0.0083333 ...
  norms_F less than tolerance after 4 Newton iterations
nevis_timesteps: Done [ 0.50177 s, 4 iterations ]
nevis_timesteps: t = 1.175 [ / 73 ]
Volume of the blister is 0.16421.
The most negative effective pressure is -0.040984.
Max thickness of the blister is 0.26277.
Min thickness of the blister is -9.3882e-05.
Radius of the blister is 1.5033.
nevis_timesteps: dt = 0.0083333 ...
  norm_F less than tolerance after 3 Newton iterations
nevis_timesteps: Done [ 0.36387 s, 3 iterations ]
nevis_timesteps: t = 1.1833 [ / 73 ]
Volume of the blister is 0.16642.
The most negative effective pressure is -0.040988.
Max thickness of the blister is 0.2632.
Min thickness of the blister is -0.00010372.
Radius of the blister is 1.5033.
nevis_timesteps: dt = 0.0083333 ...
  norms_F less than tolerance after 4 Newton iterations
nevis_timesteps: Done [ 0.52031 s, 4 iterations ]
nevis_timesteps: t = 1.1917 [ / 73 ]
Volume of the blister is 0.16864.
The most negative effective pressure is -0.040992.
Max thickness of the blister is 0.26259.
Min thickness of the blister is -8.5243e-05.
Radius of the blister is 1.5033.
nevis_timesteps: dt = 0.0083333 ...
  norms_F less than tolerance after 4 Newton iterations
nevis_timesteps: Done [ 0.50902 s, 4 iterations ]
nevis_timesteps: t = 1.2 [ / 73 ]
Volume of the blister is 0.17087.
The most negative effective pressure is -0.040996.
Max thickness of the blister is 0.26341.
Min thickness of the blister is -7.7554e-05.
Radius of the blister is 1.5033.
nevis_timesteps: Done
nevis_timesteps: Saving ./results/n2d_100m3s_kappa1e_9_mu1e1_hbreg0e_3_spinup/0012 ...
nevis_timesteps: Done
nevis_timesteps: dt = 0.0083333 ...
  norms_F less than tolerance after 4 Newton iterations
nevis_timesteps: Done [ 0.60212 s, 4 iterations ]
nevis_timesteps: t = 1.2083 [ / 73 ]
Volume of the blister is 0.17312.
The most negative effective pressure is -0.040999.
Max thickness of the blister is 0.26231.
Min thickness of the blister is -6.3128e-05.
Radius of the blister is 1.5033.
nevis_timesteps: dt = 0.0083333 ...
  norms_F less than tolerance after 4 Newton iterations
nevis_timesteps: Done [ 0.51031 s, 4 iterations ]
nevis_timesteps: t = 1.2167 [ / 73 ]
Volume of the blister is 0.17538.
The most negative effective pressure is -0.041.
Max thickness of the blister is 0.26327.
Min thickness of the blister is -7.5981e-05.
Radius of the blister is 1.5033.
nevis_timesteps: dt = 0.0083333 ...
  norms_F less than tolerance after 4 Newton iterations
nevis_timesteps: Done [ 0.49532 s, 4 iterations ]
nevis_timesteps: t = 1.225 [ / 73 ]
Volume of the blister is 0.17764.
The most negative effective pressure is -0.040999.
Max thickness of the blister is 0.26197.
Min thickness of the blister is -5.683e-05.
Radius of the blister is 1.5033.
nevis_timesteps: dt = 0.0083333 ...
  norms_F less than tolerance after 5 Newton iterations
nevis_timesteps: Done [ 0.65449 s, 5 iterations ]
nevis_timesteps: t = 1.2333 [ / 73 ]
Volume of the blister is 0.17993.
The most negative effective pressure is -0.040997.
Max thickness of the blister is 0.26289.
Min thickness of the blister is -9.7327e-05.
Radius of the blister is 1.5033.
nevis_timesteps: dt = 0.0083333 ...
  norm_F less than tolerance after 3 Newton iterations
nevis_timesteps: Done [ 0.39397 s, 3 iterations ]
nevis_timesteps: t = 1.2417 [ / 73 ]
Volume of the blister is 0.18222.
The most negative effective pressure is -0.040992.
Max thickness of the blister is 0.26161.
Min thickness of the blister is -0.00010346.
Radius of the blister is 1.5033.
nevis_timesteps: dt = 0.0083333 ...
  norms_F less than tolerance after 4 Newton iterations
nevis_timesteps: Done [ 0.50036 s, 4 iterations ]
nevis_timesteps: t = 1.25 [ / 73 ]
Volume of the blister is 0.18452.
The most negative effective pressure is -0.040987.
Max thickness of the blister is 0.26232.
Min thickness of the blister is -9.4416e-05.
Radius of the blister is 1.5033.
nevis_timesteps: dt = 0.0083333 ...
  norm_F less than tolerance after 3 Newton iterations
nevis_timesteps: Done [ 0.38788 s, 3 iterations ]
nevis_timesteps: t = 1.2583 [ / 73 ]
Volume of the blister is 0.18684.
The most negative effective pressure is -0.040979.
Max thickness of the blister is 0.2612.
Min thickness of the blister is -0.0001164.
Radius of the blister is 1.5033.
nevis_timesteps: dt = 0.0083333 ...
  norms_F less than tolerance after 4 Newton iterations
nevis_timesteps: Done [ 0.55489 s, 4 iterations ]
nevis_timesteps: t = 1.2667 [ / 73 ]
Volume of the blister is 0.18917.
The most negative effective pressure is -0.040971.
Max thickness of the blister is 0.26158.
Min thickness of the blister is -8.2715e-05.
Radius of the blister is 1.5033.
nevis_timesteps: dt = 0.0083333 ...
  norm_F less than tolerance after 3 Newton iterations
nevis_timesteps: Done [ 0.39351 s, 3 iterations ]
nevis_timesteps: t = 1.275 [ / 73 ]
Volume of the blister is 0.19151.
The most negative effective pressure is -0.040962.
Max thickness of the blister is 0.26075.
Min thickness of the blister is -0.00011171.
Radius of the blister is 1.5033.
nevis_timesteps: dt = 0.0083333 ...
  norms_F less than tolerance after 4 Newton iterations
nevis_timesteps: Done [ 0.5437 s, 4 iterations ]
nevis_timesteps: t = 1.2833 [ / 73 ]
Volume of the blister is 0.19387.
The most negative effective pressure is -0.040952.
Max thickness of the blister is 0.26066.
Min thickness of the blister is -6.932e-05.
Radius of the blister is 1.5033.
nevis_timesteps: dt = 0.0083333 ...
  norm_F less than tolerance after 3 Newton iterations
nevis_timesteps: Done [ 0.40293 s, 3 iterations ]
nevis_timesteps: t = 1.2917 [ / 73 ]
Volume of the blister is 0.19623.
The most negative effective pressure is -0.040942.
Max thickness of the blister is 0.26022.
Min thickness of the blister is -0.00010569.
Radius of the blister is 1.5033.
nevis_timesteps: dt = 0.0083333 ...
  norms_F less than tolerance after 4 Newton iterations
nevis_timesteps: Done [ 0.56587 s, 4 iterations ]
nevis_timesteps: t = 1.3 [ / 73 ]
Volume of the blister is 0.19861.
The most negative effective pressure is -0.040932.
Max thickness of the blister is 0.25951.
Min thickness of the blister is -5.7236e-05.
Radius of the blister is 1.5033.
nevis_timesteps: Done
nevis_timesteps: Saving ./results/n2d_100m3s_kappa1e_9_mu1e1_hbreg0e_3_spinup/0013 ...
nevis_timesteps: Done
nevis_timesteps: dt = 0.0083333 ...
  norms_F less than tolerance after 4 Newton iterations
nevis_timesteps: Done [ 0.54321 s, 4 iterations ]
nevis_timesteps: t = 1.3083 [ / 73 ]
Volume of the blister is 0.201.
The most negative effective pressure is -0.040921.
Max thickness of the blister is 0.25956.
Min thickness of the blister is -0.00011323.
Radius of the blister is 1.5033.
nevis_timesteps: dt = 0.0083333 ...
  norms_F less than tolerance after 4 Newton iterations
nevis_timesteps: Done [ 0.52554 s, 4 iterations ]
nevis_timesteps: t = 1.3167 [ / 73 ]
Volume of the blister is 0.2034.
The most negative effective pressure is -0.040911.
Max thickness of the blister is 0.25808.
Min thickness of the blister is -4.7538e-05.
Radius of the blister is 1.5033.
nevis_timesteps: dt = 0.0083333 ...
  norms_F less than tolerance after 4 Newton iterations
nevis_timesteps: Done [ 0.54386 s, 4 iterations ]
nevis_timesteps: t = 1.325 [ / 73 ]
Volume of the blister is 0.20581.
The most negative effective pressure is -0.0409.
Max thickness of the blister is 0.25871.
Min thickness of the blister is -0.00011269.
Radius of the blister is 1.5033.
nevis_timesteps: dt = 0.0083333 ...
  norms_F less than tolerance after 4 Newton iterations
nevis_timesteps: Done [ 0.61713 s, 4 iterations ]
nevis_timesteps: t = 1.3333 [ / 73 ]
Volume of the blister is 0.20823.
The most negative effective pressure is -0.040891.
Max thickness of the blister is 0.25629.
Min thickness of the blister is -4.3357e-05.
Radius of the blister is 1.5033.
nevis_timesteps: dt = 0.0083333 ...
  norms_F less than tolerance after 4 Newton iterations
nevis_timesteps: Done [ 0.62816 s, 4 iterations ]
nevis_timesteps: t = 1.3417 [ / 73 ]
Volume of the blister is 0.21067.
The most negative effective pressure is -0.040881.
Max thickness of the blister is 0.25756.
Min thickness of the blister is -0.00010149.
Radius of the blister is 1.5033.
nevis_timesteps: dt = 0.0083333 ...
  norms_F less than tolerance after 4 Newton iterations
nevis_timesteps: Done [ 0.62794 s, 4 iterations ]
nevis_timesteps: t = 1.35 [ / 73 ]
Volume of the blister is 0.21311.
The most negative effective pressure is -0.040872.
Max thickness of the blister is 0.2555.
Min thickness of the blister is -4.4662e-05.
Radius of the blister is 1.5033.
nevis_timesteps: dt = 0.0083333 ...
  norms_F less than tolerance after 5 Newton iterations
nevis_timesteps: Done [ 0.81282 s, 5 iterations ]
nevis_timesteps: t = 1.3583 [ / 73 ]
Volume of the blister is 0.21557.
The most negative effective pressure is -0.040863.
Max thickness of the blister is 0.25597.
Min thickness of the blister is -0.00010909.
Radius of the blister is 1.5033.
nevis_timesteps: dt = 0.0083333 ...
  norms_F less than tolerance after 4 Newton iterations
nevis_timesteps: Done [ 0.63934 s, 4 iterations ]
nevis_timesteps: t = 1.3667 [ / 73 ]
Volume of the blister is 0.21804.
The most negative effective pressure is -0.040855.
Max thickness of the blister is 0.25508.
Min thickness of the blister is -6.045e-05.
Radius of the blister is 1.5033.
nevis_timesteps: dt = 0.0083333 ...
  norms_F less than tolerance after 4 Newton iterations
nevis_timesteps: Done [ 0.62828 s, 4 iterations ]
nevis_timesteps: t = 1.375 [ / 73 ]
Volume of the blister is 0.22052.
The most negative effective pressure is -0.040847.
Max thickness of the blister is 0.25381.
Min thickness of the blister is -0.00011941.
Radius of the blister is 1.5033.
nevis_timesteps: dt = 0.0083333 ...
  norms_F less than tolerance after 5 Newton iterations
nevis_timesteps: Done [ 0.85771 s, 5 iterations ]
nevis_timesteps: t = 1.3833 [ / 73 ]
Volume of the blister is 0.22302.
The most negative effective pressure is -0.040839.
Max thickness of the blister is 0.25412.
Min thickness of the blister is -7.8988e-05.
Radius of the blister is 1.5033.
nevis_timesteps: dt = 0.0083333 ...
  norms_F less than tolerance after 4 Newton iterations
nevis_timesteps: Done [ 0.69019 s, 4 iterations ]
nevis_timesteps: t = 1.3917 [ / 73 ]
Volume of the blister is 0.22552.
The most negative effective pressure is -0.040832.
Max thickness of the blister is 0.25094.
Min thickness of the blister is -0.00012982.
Radius of the blister is 1.5033.
nevis_timesteps: dt = 0.0083333 ...
  norms_F less than tolerance after 4 Newton iterations
nevis_timesteps: Done [ 0.66457 s, 4 iterations ]
nevis_timesteps: t = 1.4 [ / 73 ]
Volume of the blister is 0.22804.
The most negative effective pressure is -0.040825.
Max thickness of the blister is 0.2524.
Min thickness of the blister is -8.8452e-05.
Radius of the blister is 1.5033.
nevis_timesteps: Done
nevis_timesteps: Saving ./results/n2d_100m3s_kappa1e_9_mu1e1_hbreg0e_3_spinup/0014 ...
nevis_timesteps: Done
nevis_timesteps: dt = 0.0083333 ...
  norms_F less than tolerance after 4 Newton iterations
nevis_timesteps: Done [ 0.73792 s, 4 iterations ]
nevis_timesteps: t = 1.4083 [ / 73 ]
Volume of the blister is 0.23056.
The most negative effective pressure is -0.040818.
Max thickness of the blister is 0.25072.
Min thickness of the blister is -0.00013604.
Radius of the blister is 1.5033.
nevis_timesteps: dt = 0.0083333 ...
  norms_F less than tolerance after 4 Newton iterations
nevis_timesteps: Done [ 0.72322 s, 4 iterations ]
nevis_timesteps: t = 1.4167 [ / 73 ]
Volume of the blister is 0.2331.
The most negative effective pressure is -0.040811.
Max thickness of the blister is 0.24964.
Min thickness of the blister is -0.00012163.
Radius of the blister is 1.5033.
nevis_timesteps: dt = 0.0083333 ...
  norms_F less than tolerance after 4 Newton iterations
nevis_timesteps: Done [ 0.70185 s, 4 iterations ]
nevis_timesteps: t = 1.425 [ / 73 ]
Volume of the blister is 0.23565.
The most negative effective pressure is -0.040804.
Max thickness of the blister is 0.24952.
Min thickness of the blister is -0.00013275.
Radius of the blister is 1.5033.
nevis_timesteps: dt = 0.0083333 ...
  norms_F less than tolerance after 4 Newton iterations
nevis_timesteps: Done [ 0.70059 s, 4 iterations ]
nevis_timesteps: t = 1.4333 [ / 73 ]
Volume of the blister is 0.23821.
The most negative effective pressure is -0.040798.
Max thickness of the blister is 0.24707.
Min thickness of the blister is -0.00014641.
Radius of the blister is 1.5033.
nevis_timesteps: dt = 0.0083333 ...
  norms_F less than tolerance after 4 Newton iterations
nevis_timesteps: Done [ 0.76797 s, 4 iterations ]
nevis_timesteps: t = 1.4417 [ / 73 ]
Volume of the blister is 0.24078.
The most negative effective pressure is -0.040792.
Max thickness of the blister is 0.247.
Min thickness of the blister is -0.00011599.
Radius of the blister is 1.5033.
nevis_timesteps: dt = 0.0083333 ...
  norms_F less than tolerance after 4 Newton iterations
nevis_timesteps: Done [ 0.73515 s, 4 iterations ]
nevis_timesteps: t = 1.45 [ / 73 ]
Volume of the blister is 0.24337.
The most negative effective pressure is -0.040786.
Max thickness of the blister is 0.24615.
Min thickness of the blister is -7.8548e-05.
Radius of the blister is 1.5033.
nevis_timesteps: dt = 0.0083333 ...
  norms_F less than tolerance after 4 Newton iterations
nevis_timesteps: Done [ 0.79406 s, 4 iterations ]
nevis_timesteps: t = 1.4583 [ / 73 ]
Volume of the blister is 0.24596.
The most negative effective pressure is -0.040781.
Max thickness of the blister is 0.24338.
Min thickness of the blister is -8.505e-05.
Radius of the blister is 1.5508.
nevis_timesteps: dt = 0.0083333 ...
  norms_F less than tolerance after 4 Newton iterations
nevis_timesteps: Done [ 0.79903 s, 4 iterations ]
nevis_timesteps: t = 1.4667 [ / 73 ]
Volume of the blister is 0.24857.
The most negative effective pressure is -0.040776.
Max thickness of the blister is 0.2435.
Min thickness of the blister is -0.00010433.
Radius of the blister is 1.5532.
nevis_timesteps: dt = 0.0083333 ...
  norms_F less than tolerance after 4 Newton iterations
nevis_timesteps: Done [ 0.83062 s, 4 iterations ]
nevis_timesteps: t = 1.475 [ / 73 ]
Volume of the blister is 0.25118.
The most negative effective pressure is -0.040771.
Max thickness of the blister is 0.24261.
Min thickness of the blister is -0.00015553.
Radius of the blister is 1.6008.
nevis_timesteps: dt = 0.0083333 ...
  norms_F less than tolerance after 4 Newton iterations
nevis_timesteps: Done [ 0.79728 s, 4 iterations ]
nevis_timesteps: t = 1.4833 [ / 73 ]
Volume of the blister is 0.25381.
The most negative effective pressure is -0.040767.
Max thickness of the blister is 0.23958.
Min thickness of the blister is -0.00012221.
Radius of the blister is 1.6508.
nevis_timesteps: dt = 0.0083333 ...
  norms_F less than tolerance after 4 Newton iterations
nevis_timesteps: Done [ 0.80216 s, 4 iterations ]
nevis_timesteps: t = 1.4917 [ / 73 ]
Volume of the blister is 0.25645.
The most negative effective pressure is -0.040763.
Max thickness of the blister is 0.23931.
Min thickness of the blister is -8.1526e-05.
Radius of the blister is 1.653.
nevis_timesteps: dt = 0.0083333 ...
  norms_F less than tolerance after 4 Newton iterations
nevis_timesteps: Done [ 0.81013 s, 4 iterations ]
nevis_timesteps: t = 1.5 [ / 73 ]
Volume of the blister is 0.2591.
The most negative effective pressure is -0.04076.
Max thickness of the blister is 0.23945.
Min thickness of the blister is -0.00012935.
Radius of the blister is 1.7007.
nevis_timesteps: Done
nevis_timesteps: Saving ./results/n2d_100m3s_kappa1e_9_mu1e1_hbreg0e_3_spinup/0015 ...
nevis_timesteps: Done
nevis_timesteps: dt = 0.0083333 ...
  norms_F less than tolerance after 4 Newton iterations
nevis_timesteps: Done [ 0.88994 s, 4 iterations ]
nevis_timesteps: t = 1.5083 [ / 73 ]
Volume of the blister is 0.26176.
The most negative effective pressure is -0.040757.
Max thickness of the blister is 0.23975.
Min thickness of the blister is -6.9277e-05.
Radius of the blister is 1.75.
nevis_timesteps: dt = 0.0083333 ...
  norms_F less than tolerance after 4 Newton iterations
nevis_timesteps: Done [ 1.0109 s, 4 iterations ]
nevis_timesteps: t = 1.5167 [ / 73 ]
Volume of the blister is 0.26443.
The most negative effective pressure is -0.040754.
Max thickness of the blister is 0.24006.
Min thickness of the blister is -0.00017814.
Radius of the blister is 1.7507.
nevis_timesteps: dt = 0.0083333 ...
  norms_F less than tolerance after 4 Newton iterations
nevis_timesteps: Done [ 0.90986 s, 4 iterations ]
nevis_timesteps: t = 1.525 [ / 73 ]
Volume of the blister is 0.26711.
The most negative effective pressure is -0.040752.
Max thickness of the blister is 0.24036.
Min thickness of the blister is -7.7359e-05.
Radius of the blister is 1.8007.
nevis_timesteps: dt = 0.0083333 ...
  norms_F less than tolerance after 5 Newton iterations
nevis_timesteps: Done [ 1.1077 s, 5 iterations ]
nevis_timesteps: t = 1.5333 [ / 73 ]
Volume of the blister is 0.2698.
The most negative effective pressure is -0.04075.
Max thickness of the blister is 0.24066.
Min thickness of the blister is -0.000125.
Radius of the blister is 1.8507.
nevis_timesteps: dt = 0.0083333 ...
  norms_F less than tolerance after 4 Newton iterations
nevis_timesteps: Done [ 0.93974 s, 4 iterations ]
nevis_timesteps: t = 1.5417 [ / 73 ]
Volume of the blister is 0.2725.
The most negative effective pressure is -0.040749.
Max thickness of the blister is 0.24096.
Min thickness of the blister is -0.0001679.
Radius of the blister is 1.9.
nevis_timesteps: dt = 0.0083333 ...
  norms_F less than tolerance after 4 Newton iterations
nevis_timesteps: Done [ 0.88146 s, 4 iterations ]
nevis_timesteps: t = 1.55 [ / 73 ]
Volume of the blister is 0.27521.
The most negative effective pressure is -0.040747.
Max thickness of the blister is 0.24126.
Min thickness of the blister is -0.00012282.
Radius of the blister is 1.9007.
nevis_timesteps: dt = 0.0083333 ...
  norms_F less than tolerance after 5 Newton iterations
nevis_timesteps: Done [ 1.1018 s, 5 iterations ]
nevis_timesteps: t = 1.5583 [ / 73 ]
Volume of the blister is 0.27794.
The most negative effective pressure is -0.040747.
Max thickness of the blister is 0.24155.
Min thickness of the blister is -0.00011136.
Radius of the blister is 1.9506.
nevis_timesteps: dt = 0.0083333 ...
  norms_F less than tolerance after 4 Newton iterations
nevis_timesteps: Done [ 0.98258 s, 4 iterations ]
nevis_timesteps: t = 1.5667 [ / 73 ]
Volume of the blister is 0.28067.
The most negative effective pressure is -0.040746.
Max thickness of the blister is 0.24185.
Min thickness of the blister is -0.00015392.
Radius of the blister is 2.0006.
nevis_timesteps: dt = 0.0083333 ...
  norms_F less than tolerance after 4 Newton iterations
nevis_timesteps: Done [ 1.0353 s, 4 iterations ]
nevis_timesteps: t = 1.575 [ / 73 ]
Volume of the blister is 0.28341.
The most negative effective pressure is -0.040746.
Max thickness of the blister is 0.24214.
Min thickness of the blister is -0.00017343.
Radius of the blister is 2.05.
nevis_timesteps: dt = 0.0083333 ...
  norms_F less than tolerance after 4 Newton iterations
nevis_timesteps: Done [ 0.83581 s, 4 iterations ]
nevis_timesteps: t = 1.5833 [ / 73 ]
Volume of the blister is 0.28617.
The most negative effective pressure is -0.040746.
Max thickness of the blister is 0.24243.
Min thickness of the blister is -0.00015884.
Radius of the blister is 2.0506.
nevis_timesteps: dt = 0.0083333 ...
  norms_F less than tolerance after 4 Newton iterations
nevis_timesteps: Done [ 0.9102 s, 4 iterations ]
nevis_timesteps: t = 1.5917 [ / 73 ]
Volume of the blister is 0.28893.
The most negative effective pressure is -0.040746.
Max thickness of the blister is 0.24273.
Min thickness of the blister is -0.00013627.
Radius of the blister is 2.1006.
nevis_timesteps: dt = 0.0083333 ...
  norm_F less than tolerance after 4 Newton iterations
nevis_timesteps: Done [ 0.95314 s, 4 iterations ]
nevis_timesteps: t = 1.6 [ / 73 ]
Volume of the blister is 0.2917.
The most negative effective pressure is -0.040746.
Max thickness of the blister is 0.24302.
Min thickness of the blister is -8.3614e-05.
Radius of the blister is 2.1506.
nevis_timesteps: Done
nevis_timesteps: Saving ./results/n2d_100m3s_kappa1e_9_mu1e1_hbreg0e_3_spinup/0016 ...
nevis_timesteps: Done
nevis_timesteps: dt = 0.0083333 ...
  norm_F less than tolerance after 4 Newton iterations
nevis_timesteps: Done [ 0.8904 s, 4 iterations ]
nevis_timesteps: t = 1.6083 [ / 73 ]
Volume of the blister is 0.29449.
The most negative effective pressure is -0.040747.
Max thickness of the blister is 0.2433.
Min thickness of the blister is -0.0002172.
Radius of the blister is 2.2006.
nevis_timesteps: dt = 0.0083333 ...
  norms_F less than tolerance after 5 Newton iterations
nevis_timesteps: Done [ 1.1605 s, 5 iterations ]
nevis_timesteps: t = 1.6167 [ / 73 ]
Volume of the blister is 0.29728.
The most negative effective pressure is -0.040748.
Max thickness of the blister is 0.24359.
Min thickness of the blister is -0.00012.
Radius of the blister is 2.2506.
nevis_timesteps: dt = 0.0083333 ...
  norms_F less than tolerance after 5 Newton iterations
nevis_timesteps: Done [ 1.202 s, 5 iterations ]
nevis_timesteps: t = 1.625 [ / 73 ]
Volume of the blister is 0.30008.
The most negative effective pressure is -0.040749.
Max thickness of the blister is 0.24388.
Min thickness of the blister is -0.00016218.
Radius of the blister is 2.3.
nevis_timesteps: dt = 0.0083333 ...
  norms_F less than tolerance after 6 Newton iterations
nevis_timesteps: Done [ 1.5085 s, 6 iterations ]
nevis_timesteps: t = 1.6333 [ / 73 ]
Volume of the blister is 0.30288.
The most negative effective pressure is -0.04075.
Max thickness of the blister is 0.24416.
Min thickness of the blister is -0.00070925.
Radius of the blister is 2.35.
nevis_timesteps: dt = 0.0083333 ...
  norms_F less than tolerance after 6 Newton iterations
nevis_timesteps: Done [ 1.4192 s, 6 iterations ]
nevis_timesteps: t = 1.6417 [ / 73 ]
Volume of the blister is 0.30562.
The most negative effective pressure is -0.040751.
Max thickness of the blister is 0.24445.
Min thickness of the blister is -0.0079526.
Radius of the blister is 2.4005.
nevis_timesteps: dt = 0.0083333 ...
  norms_F less than tolerance after 6 Newton iterations
nevis_timesteps: Done [ 1.4277 s, 6 iterations ]
nevis_timesteps: Removing Dirichlet indices ...
        1817
        1918
        2322
        2423
nevis_timesteps: t = 1.65 [ / 73 ]
Volume of the blister is 0.30847.
The most negative effective pressure is -0.040752.
Max thickness of the blister is 0.24473.
Min thickness of the blister is -0.0065091.
Radius of the blister is 2.4505.
nevis_timesteps: dt = 0.0083333 ...
**norm_F = 1.0044 exceeds tolerance after 20 Newton iterations
nevis_timesteps: Decrease suggested timestep to 0.0041667
nevis_timesteps: dt = 0.0041667 ...
**norm_F = 0.83121 exceeds tolerance after 20 Newton iterations
nevis_timesteps: Decrease suggested timestep to 0.0020833
nevis_timesteps: dt = 0.0020833 ...
**norm_F = 0.86988 exceeds tolerance after 20 Newton iterations
nevis_timesteps: Decrease suggested timestep to 0.0010417
nevis_timesteps: dt = 0.0010417 ...
**norm_F = 1.0005 exceeds tolerance after 20 Newton iterations
nevis_timesteps: Decrease suggested timestep to 0.00052083
nevis_timesteps: dt = 0.00052083 ...
**norm_F = 0.94783 exceeds tolerance after 20 Newton iterations
nevis_timesteps: Decrease suggested timestep to 0.00026042
nevis_timesteps: dt = 0.00026042 ...
**norm_F = 1.045 exceeds tolerance after 20 Newton iterations
nevis_timesteps: Decrease suggested timestep to 0.00013021
nevis_timesteps: dt = 0.00013021 ...
**norm_F = 1.0838 exceeds tolerance after 20 Newton iterations
nevis_timesteps: Decrease suggested timestep to 6.5104e-05
nevis_timesteps: dt = 6.5104e-05 ...
**norm_F = 1.1018 exceeds tolerance after 20 Newton iterations
nevis_timesteps: Decrease suggested timestep to 3.2552e-05
nevis_timesteps: dt = 3.2552e-05 ...
**norm_F = 1.1106 exceeds tolerance after 20 Newton iterations
nevis_timesteps: Decrease suggested timestep to 1.6276e-05
nevis_timesteps: dt = 1.6276e-05 ...
**norm_F = 1.1149 exceeds tolerance after 20 Newton iterations
nevis_timesteps: Decrease suggested timestep to 8.138e-06
nevis_timesteps: dt = 8.138e-06 ...
**norm_F = 1.1171 exceeds tolerance after 20 Newton iterations
nevis_timesteps: Decrease suggested timestep to 4.069e-06
nevis_timesteps: dt = 4.069e-06 ...
**norm_F = 1.1182 exceeds tolerance after 20 Newton iterations
nevis_timesteps: Decrease suggested timestep to 2.0345e-06
nevis_timesteps: dt = 2.0345e-06 ...
**norm_F = 1.1187 exceeds tolerance after 20 Newton iterations
nevis_timesteps: Decrease suggested timestep to 1.0173e-06
nevis_timesteps: dt = 1.0173e-06 ...
**norm_F = 1.119 exceeds tolerance after 20 Newton iterations
nevis_timesteps: Decrease suggested timestep to 1e-06
nevis_timesteps: dt = 1e-06 ...
**norm_F = 1.119 exceeds tolerance after 20 Newton iterations
nevis_timesteps: Failed [ 77.7905 s, 20 iterations, dt = 1e-06 ]
